[2025-04-18T09:25:05.794+0000] {local_task_job_runner.py:120} INFO - ::group::Pre task execution logs
[2025-04-18T09:25:05.821+0000] {taskinstance.py:2076} INFO - Dependencies all met for dep_context=non-requeueable deps ti=<TaskInstance: daily_dag.bronze_incremental_load manual__2025-04-18T09:25:00.352284+00:00 [queued]>
[2025-04-18T09:25:05.830+0000] {taskinstance.py:2076} INFO - Dependencies all met for dep_context=requeueable deps ti=<TaskInstance: daily_dag.bronze_incremental_load manual__2025-04-18T09:25:00.352284+00:00 [queued]>
[2025-04-18T09:25:05.853+0000] {taskinstance.py:2306} INFO - Starting attempt 1 of 2
[2025-04-18T09:25:06.388+0000] {taskinstance.py:2330} INFO - Executing <Task(SparkSubmitOperator): bronze_incremental_load> on 2025-04-18 09:25:00.352284+00:00
[2025-04-18T09:25:06.394+0000] {standard_task_runner.py:90} INFO - Running: ['airflow', 'tasks', 'run', 'daily_dag', 'bronze_incremental_load', 'manual__2025-04-18T09:25:00.352284+00:00', '--job-id', '9', '--raw', '--subdir', 'DAGS_FOLDER/daily_dag.py', '--cfg-path', '/tmp/tmpk4q3qev4']
[2025-04-18T09:25:06.396+0000] {standard_task_runner.py:91} INFO - Job 9: Subtask bronze_incremental_load
[2025-04-18T09:25:06.397+0000] {logging_mixin.py:188} WARNING - /home/airflow/.local/lib/python3.12/site-packages/airflow/task/task_runner/standard_task_runner.py:62 DeprecationWarning: This process (pid=1387) is multi-threaded, use of fork() may lead to deadlocks in the child.
[2025-04-18T09:25:06.398+0000] {standard_task_runner.py:64} INFO - Started process 1389 to run task
[2025-04-18T09:25:06.659+0000] {task_command.py:426} INFO - Running <TaskInstance: daily_dag.bronze_incremental_load manual__2025-04-18T09:25:00.352284+00:00 [running]> on host 4157b7102f42
[2025-04-18T09:25:07.245+0000] {taskinstance.py:2648} INFO - Exporting env vars: AIRFLOW_CTX_DAG_OWNER='airflow' AIRFLOW_CTX_DAG_ID='daily_dag' AIRFLOW_CTX_TASK_ID='bronze_incremental_load' AIRFLOW_CTX_EXECUTION_DATE='2025-04-18T09:25:00.352284+00:00' AIRFLOW_CTX_TRY_NUMBER='1' AIRFLOW_CTX_DAG_RUN_ID='manual__2025-04-18T09:25:00.352284+00:00'
[2025-04-18T09:25:07.246+0000] {taskinstance.py:430} INFO - ::endgroup::
[2025-04-18T09:25:07.265+0000] {base.py:84} INFO - Using connection ID 'spark-conn' for task execution.
[2025-04-18T09:25:07.266+0000] {spark_submit.py:474} INFO - Spark-Submit cmd: spark-submit --master spark://spark-master:7077 --name bronze_incremental_load --deploy-mode client jobs/bronze_incremental_load.py
[2025-04-18T09:25:12.868+0000] {spark_submit.py:645} INFO - 25/04/18 09:25:12 INFO SparkContext: Running Spark version 3.5.5
[2025-04-18T09:25:12.870+0000] {spark_submit.py:645} INFO - 25/04/18 09:25:12 INFO SparkContext: OS info Linux, 5.15.167.4-microsoft-standard-WSL2, amd64
[2025-04-18T09:25:12.871+0000] {spark_submit.py:645} INFO - 25/04/18 09:25:12 INFO SparkContext: Java version 17.0.14
[2025-04-18T09:25:12.938+0000] {spark_submit.py:645} INFO - 25/04/18 09:25:12 WARN NativeCodeLoader: Unable to load native-hadoop library for your platform... using builtin-java classes where applicable
[2025-04-18T09:25:13.048+0000] {spark_submit.py:645} INFO - 25/04/18 09:25:13 INFO ResourceUtils: ==============================================================
[2025-04-18T09:25:13.049+0000] {spark_submit.py:645} INFO - 25/04/18 09:25:13 INFO ResourceUtils: No custom resources configured for spark.driver.
[2025-04-18T09:25:13.050+0000] {spark_submit.py:645} INFO - 25/04/18 09:25:13 INFO ResourceUtils: ==============================================================
[2025-04-18T09:25:13.050+0000] {spark_submit.py:645} INFO - 25/04/18 09:25:13 INFO SparkContext: Submitted application: SpakApp
[2025-04-18T09:25:13.071+0000] {spark_submit.py:645} INFO - 25/04/18 09:25:13 INFO ResourceProfile: Default ResourceProfile created, executor resources: Map(memory -> name: memory, amount: 1024, script: , vendor: , offHeap -> name: offHeap, amount: 0, script: , vendor: ), task resources: Map(cpus -> name: cpus, amount: 1.0)
[2025-04-18T09:25:13.082+0000] {spark_submit.py:645} INFO - 25/04/18 09:25:13 INFO ResourceProfile: Limiting resource is cpu
[2025-04-18T09:25:13.084+0000] {spark_submit.py:645} INFO - 25/04/18 09:25:13 INFO ResourceProfileManager: Added ResourceProfile id: 0
[2025-04-18T09:25:13.141+0000] {spark_submit.py:645} INFO - 25/04/18 09:25:13 INFO SecurityManager: Changing view acls to: default
[2025-04-18T09:25:13.142+0000] {spark_submit.py:645} INFO - 25/04/18 09:25:13 INFO SecurityManager: Changing modify acls to: default
[2025-04-18T09:25:13.143+0000] {spark_submit.py:645} INFO - 25/04/18 09:25:13 INFO SecurityManager: Changing view acls groups to:
[2025-04-18T09:25:13.145+0000] {spark_submit.py:645} INFO - 25/04/18 09:25:13 INFO SecurityManager: Changing modify acls groups to:
[2025-04-18T09:25:13.149+0000] {spark_submit.py:645} INFO - 25/04/18 09:25:13 INFO SecurityManager: SecurityManager: authentication disabled; ui acls disabled; users with view permissions: default; groups with view permissions: EMPTY; users with modify permissions: default; groups with modify permissions: EMPTY
[2025-04-18T09:25:13.549+0000] {spark_submit.py:645} INFO - 25/04/18 09:25:13 INFO Utils: Successfully started service 'sparkDriver' on port 43461.
[2025-04-18T09:25:13.635+0000] {spark_submit.py:645} INFO - 25/04/18 09:25:13 INFO SparkEnv: Registering MapOutputTracker
[2025-04-18T09:25:13.709+0000] {spark_submit.py:645} INFO - 25/04/18 09:25:13 INFO SparkEnv: Registering BlockManagerMaster
[2025-04-18T09:25:13.776+0000] {spark_submit.py:645} INFO - 25/04/18 09:25:13 INFO BlockManagerMasterEndpoint: Using org.apache.spark.storage.DefaultTopologyMapper for getting topology information
[2025-04-18T09:25:13.784+0000] {spark_submit.py:645} INFO - 25/04/18 09:25:13 INFO BlockManagerMasterEndpoint: BlockManagerMasterEndpoint up
[2025-04-18T09:25:13.795+0000] {spark_submit.py:645} INFO - 25/04/18 09:25:13 INFO SparkEnv: Registering BlockManagerMasterHeartbeat
[2025-04-18T09:25:13.835+0000] {spark_submit.py:645} INFO - 25/04/18 09:25:13 INFO DiskBlockManager: Created local directory at /tmp/blockmgr-16566a28-8e9e-41c2-bad1-4b4a53982ffd
[2025-04-18T09:25:13.858+0000] {spark_submit.py:645} INFO - 25/04/18 09:25:13 INFO MemoryStore: MemoryStore started with capacity 434.4 MiB
[2025-04-18T09:25:13.888+0000] {spark_submit.py:645} INFO - 25/04/18 09:25:13 INFO SparkEnv: Registering OutputCommitCoordinator
[2025-04-18T09:25:14.066+0000] {spark_submit.py:645} INFO - 25/04/18 09:25:14 INFO JettyUtils: Start Jetty 0.0.0.0:4040 for SparkUI
[2025-04-18T09:25:14.117+0000] {spark_submit.py:645} INFO - 25/04/18 09:25:14 WARN Utils: Service 'SparkUI' could not bind on port 4040. Attempting port 4041.
[2025-04-18T09:25:14.124+0000] {spark_submit.py:645} INFO - 25/04/18 09:25:14 INFO Utils: Successfully started service 'SparkUI' on port 4041.
[2025-04-18T09:25:14.266+0000] {spark_submit.py:645} INFO - 25/04/18 09:25:14 INFO StandaloneAppClient$ClientEndpoint: Connecting to master spark://spark-master:7077...
[2025-04-18T09:25:14.315+0000] {spark_submit.py:645} INFO - 25/04/18 09:25:14 INFO TransportClientFactory: Successfully created connection to spark-master/172.18.0.5:7077 after 24 ms (0 ms spent in bootstraps)
[2025-04-18T09:25:14.469+0000] {spark_submit.py:645} INFO - 25/04/18 09:25:14 INFO StandaloneSchedulerBackend: Connected to Spark cluster with app ID app-20250418092514-0002
[2025-04-18T09:25:14.477+0000] {spark_submit.py:645} INFO - 25/04/18 09:25:14 INFO Utils: Successfully started service 'org.apache.spark.network.netty.NettyBlockTransferService' on port 34617.
[2025-04-18T09:25:14.478+0000] {spark_submit.py:645} INFO - 25/04/18 09:25:14 INFO NettyBlockTransferService: Server created on 4157b7102f42:34617
[2025-04-18T09:25:14.481+0000] {spark_submit.py:645} INFO - 25/04/18 09:25:14 INFO BlockManager: Using org.apache.spark.storage.RandomBlockReplicationPolicy for block replication policy
[2025-04-18T09:25:14.486+0000] {spark_submit.py:645} INFO - 25/04/18 09:25:14 INFO BlockManagerMaster: Registering BlockManager BlockManagerId(driver, 4157b7102f42, 34617, None)
[2025-04-18T09:25:14.490+0000] {spark_submit.py:645} INFO - 25/04/18 09:25:14 INFO BlockManagerMasterEndpoint: Registering block manager 4157b7102f42:34617 with 434.4 MiB RAM, BlockManagerId(driver, 4157b7102f42, 34617, None)
[2025-04-18T09:25:14.492+0000] {spark_submit.py:645} INFO - 25/04/18 09:25:14 INFO BlockManagerMaster: Registered BlockManager BlockManagerId(driver, 4157b7102f42, 34617, None)
[2025-04-18T09:25:14.493+0000] {spark_submit.py:645} INFO - 25/04/18 09:25:14 INFO BlockManager: Initialized BlockManager: BlockManagerId(driver, 4157b7102f42, 34617, None)
[2025-04-18T09:25:14.724+0000] {spark_submit.py:645} INFO - 25/04/18 09:25:14 INFO StandaloneSchedulerBackend: SchedulerBackend is ready for scheduling beginning after reached minRegisteredResourcesRatio: 0.0
[2025-04-18T09:25:14.933+0000] {spark_submit.py:645} INFO - ===== MERGING TABLE brz_films =====
[2025-04-18T09:25:15.034+0000] {spark_submit.py:645} INFO - 25/04/18 09:25:15 INFO SharedState: Setting hive.metastore.warehouse.dir ('null') to the value of spark.sql.warehouse.dir.
[2025-04-18T09:25:15.057+0000] {spark_submit.py:645} INFO - 25/04/18 09:25:15 INFO SharedState: Warehouse path is 'file:/opt/airflow/spark-warehouse'.
[2025-04-18T09:25:18.751+0000] {spark_submit.py:645} INFO - Traceback (most recent call last):
[2025-04-18T09:25:18.751+0000] {spark_submit.py:645} INFO - File "/opt/airflow/jobs/bronze_incremental_load.py", line 136, in <module>
[2025-04-18T09:25:18.753+0000] {spark_submit.py:645} INFO - main()
[2025-04-18T09:25:18.753+0000] {spark_submit.py:645} INFO - File "/opt/airflow/jobs/bronze_incremental_load.py", line 117, in main
[2025-04-18T09:25:18.755+0000] {spark_submit.py:645} INFO - processed_df = read_upsert(topic, table, TABLE_KEYS[table])
[2025-04-18T09:25:18.755+0000] {spark_submit.py:645} INFO - ^^^^^^^^^^^^^^^^^^^^^^^^^^^^^^^^^^^^^^^^^^^^
[2025-04-18T09:25:18.755+0000] {spark_submit.py:645} INFO - File "/opt/airflow/jobs/bronze_incremental_load.py", line 45, in read_upsert
[2025-04-18T09:25:18.756+0000] {spark_submit.py:645} INFO - sink_df = SPARK.sql(f"SELECT * FROM {DATABASE_NAME}.{sink_table}")
[2025-04-18T09:25:18.757+0000] {spark_submit.py:645} INFO - ^^^^^^^^^^^^^^^^^^^^^^^^^^^^^^^^^^^^^^^^^^^^^^^^^^^^^^^^
[2025-04-18T09:25:18.757+0000] {spark_submit.py:645} INFO - File "/home/airflow/.local/lib/python3.12/site-packages/pyspark/python/lib/pyspark.zip/pyspark/sql/session.py", line 1631, in sql
[2025-04-18T09:25:18.758+0000] {spark_submit.py:645} INFO - File "/home/airflow/.local/lib/python3.12/site-packages/pyspark/python/lib/py4j-0.10.9.7-src.zip/py4j/java_gateway.py", line 1322, in __call__
[2025-04-18T09:25:18.758+0000] {spark_submit.py:645} INFO - File "/home/airflow/.local/lib/python3.12/site-packages/pyspark/python/lib/pyspark.zip/pyspark/errors/exceptions/captured.py", line 185, in deco
[2025-04-18T09:25:18.764+0000] {spark_submit.py:645} INFO - pyspark.errors.exceptions.captured.AnalysisException: [TABLE_OR_VIEW_NOT_FOUND] The table or view `spark_catalog`.`default`.`brz_films` cannot be found. Verify the spelling and correctness of the schema and catalog.
[2025-04-18T09:25:18.764+0000] {spark_submit.py:645} INFO - If you did not qualify the name with a schema, verify the current_schema() output, or qualify the name with the correct schema and catalog.
[2025-04-18T09:25:18.765+0000] {spark_submit.py:645} INFO - To tolerate the error on drop use DROP VIEW IF EXISTS or DROP TABLE IF EXISTS.; line 1 pos 14;
[2025-04-18T09:25:18.765+0000] {spark_submit.py:645} INFO - 'Project [*]
[2025-04-18T09:25:18.766+0000] {spark_submit.py:645} INFO - +- 'UnresolvedRelation [spark_catalog, default, brz_films], [], false
[2025-04-18T09:25:18.766+0000] {spark_submit.py:645} INFO - 
[2025-04-18T09:25:18.863+0000] {spark_submit.py:645} INFO - 25/04/18 09:25:18 INFO SparkContext: Invoking stop() from shutdown hook
[2025-04-18T09:25:18.864+0000] {spark_submit.py:645} INFO - 25/04/18 09:25:18 INFO SparkContext: SparkContext is stopping with exitCode 0.
[2025-04-18T09:25:18.871+0000] {spark_submit.py:645} INFO - 25/04/18 09:25:18 INFO SparkUI: Stopped Spark web UI at http://4157b7102f42:4041
[2025-04-18T09:25:18.875+0000] {spark_submit.py:645} INFO - 25/04/18 09:25:18 INFO StandaloneSchedulerBackend: Shutting down all executors
[2025-04-18T09:25:18.879+0000] {spark_submit.py:645} INFO - 25/04/18 09:25:18 INFO StandaloneSchedulerBackend$StandaloneDriverEndpoint: Asking each executor to shut down
[2025-04-18T09:25:18.894+0000] {spark_submit.py:645} INFO - 25/04/18 09:25:18 WARN Dispatcher: Message RequestMessage(d1c38059dfd7:7077, NettyRpcEndpointRef(spark://AppClient@4157b7102f42:43461), ExecutorAdded(0,worker-20250418084743-172.18.0.7-35043,172.18.0.7:35043,4,1024)) dropped due to sparkEnv is stopped. Could not find AppClient.
[2025-04-18T09:25:18.898+0000] {spark_submit.py:645} INFO - 25/04/18 09:25:18 INFO MapOutputTrackerMasterEndpoint: MapOutputTrackerMasterEndpoint stopped!
[2025-04-18T09:25:18.917+0000] {spark_submit.py:645} INFO - 25/04/18 09:25:18 INFO MemoryStore: MemoryStore cleared
[2025-04-18T09:25:18.918+0000] {spark_submit.py:645} INFO - 25/04/18 09:25:18 INFO BlockManager: BlockManager stopped
[2025-04-18T09:25:18.926+0000] {spark_submit.py:645} INFO - 25/04/18 09:25:18 INFO BlockManagerMaster: BlockManagerMaster stopped
[2025-04-18T09:25:18.931+0000] {spark_submit.py:645} INFO - 25/04/18 09:25:18 INFO OutputCommitCoordinator$OutputCommitCoordinatorEndpoint: OutputCommitCoordinator stopped!
[2025-04-18T09:25:18.941+0000] {spark_submit.py:645} INFO - 25/04/18 09:25:18 INFO SparkContext: Successfully stopped SparkContext
[2025-04-18T09:25:18.941+0000] {spark_submit.py:645} INFO - 25/04/18 09:25:18 INFO ShutdownHookManager: Shutdown hook called
[2025-04-18T09:25:18.941+0000] {spark_submit.py:645} INFO - 25/04/18 09:25:18 INFO ShutdownHookManager: Deleting directory /tmp/spark-431e741b-4c8d-4dcb-bee1-04bc497b8c24/pyspark-6b1d544a-b90f-42a7-a6fe-03fcd978ad33
[2025-04-18T09:25:18.945+0000] {spark_submit.py:645} INFO - 25/04/18 09:25:18 INFO ShutdownHookManager: Deleting directory /tmp/spark-431e741b-4c8d-4dcb-bee1-04bc497b8c24
[2025-04-18T09:25:18.949+0000] {spark_submit.py:645} INFO - 25/04/18 09:25:18 INFO ShutdownHookManager: Deleting directory /tmp/spark-a7d273be-e44b-4e24-a78b-7ebaa40351f2
[2025-04-18T09:25:18.981+0000] {taskinstance.py:441} INFO - ::group::Post task execution logs
[2025-04-18T09:25:18.986+0000] {taskinstance.py:2905} ERROR - Task failed with exception
Traceback (most recent call last):
  File "/home/airflow/.local/lib/python3.12/site-packages/airflow/models/taskinstance.py", line 465, in _execute_task
    result = _execute_callable(context=context, **execute_callable_kwargs)
             ^^^^^^^^^^^^^^^^^^^^^^^^^^^^^^^^^^^^^^^^^^^^^^^^^^^^^^^^^^^^^
  File "/home/airflow/.local/lib/python3.12/site-packages/airflow/models/taskinstance.py", line 432, in _execute_callable
    return execute_callable(context=context, **execute_callable_kwargs)
           ^^^^^^^^^^^^^^^^^^^^^^^^^^^^^^^^^^^^^^^^^^^^^^^^^^^^^^^^^^^^
  File "/home/airflow/.local/lib/python3.12/site-packages/airflow/models/baseoperator.py", line 401, in wrapper
    return func(self, *args, **kwargs)
           ^^^^^^^^^^^^^^^^^^^^^^^^^^^
  File "/home/airflow/.local/lib/python3.12/site-packages/airflow/providers/apache/spark/operators/spark_submit.py", line 197, in execute
    self._hook.submit(self.application)
  File "/home/airflow/.local/lib/python3.12/site-packages/airflow/providers/apache/spark/hooks/spark_submit.py", line 567, in submit
    raise AirflowException(
airflow.exceptions.AirflowException: Cannot execute: spark-submit --master spark://spark-master:7077 --name bronze_incremental_load --deploy-mode client jobs/bronze_incremental_load.py. Error code is: 1.
[2025-04-18T09:25:18.991+0000] {taskinstance.py:1206} INFO - Marking task as UP_FOR_RETRY. dag_id=daily_dag, task_id=bronze_incremental_load, run_id=manual__2025-04-18T09:25:00.352284+00:00, execution_date=20250418T092500, start_date=20250418T092505, end_date=20250418T092518
[2025-04-18T09:25:19.757+0000] {standard_task_runner.py:110} ERROR - Failed to execute job 9 for task bronze_incremental_load (Cannot execute: spark-submit --master spark://spark-master:7077 --name bronze_incremental_load --deploy-mode client jobs/bronze_incremental_load.py. Error code is: 1.; 1389)
[2025-04-18T09:25:19.784+0000] {local_task_job_runner.py:243} INFO - Task exited with return code 1
[2025-04-18T09:25:19.794+0000] {taskinstance.py:3503} INFO - 0 downstream tasks scheduled from follow-on schedule check
[2025-04-18T09:25:19.795+0000] {local_task_job_runner.py:222} INFO - ::endgroup::
