[2025-04-18T09:57:11.984+0000] {local_task_job_runner.py:120} INFO - ::group::Pre task execution logs
[2025-04-18T09:57:12.018+0000] {taskinstance.py:2076} INFO - Dependencies all met for dep_context=non-requeueable deps ti=<TaskInstance: daily_dag.bronze_incremental_load manual__2025-04-18T09:50:52.091374+00:00 [queued]>
[2025-04-18T09:57:12.028+0000] {taskinstance.py:2076} INFO - Dependencies all met for dep_context=requeueable deps ti=<TaskInstance: daily_dag.bronze_incremental_load manual__2025-04-18T09:50:52.091374+00:00 [queued]>
[2025-04-18T09:57:12.032+0000] {taskinstance.py:2306} INFO - Starting attempt 2 of 2
[2025-04-18T09:57:12.335+0000] {taskinstance.py:2330} INFO - Executing <Task(SparkSubmitOperator): bronze_incremental_load> on 2025-04-18 09:50:52.091374+00:00
[2025-04-18T09:57:12.341+0000] {standard_task_runner.py:90} INFO - Running: ['airflow', 'tasks', 'run', 'daily_dag', 'bronze_incremental_load', 'manual__2025-04-18T09:50:52.091374+00:00', '--job-id', '15', '--raw', '--subdir', 'DAGS_FOLDER/daily_dag.py', '--cfg-path', '/tmp/tmpab6z7p1p']
[2025-04-18T09:57:12.344+0000] {standard_task_runner.py:91} INFO - Job 15: Subtask bronze_incremental_load
[2025-04-18T09:57:12.345+0000] {logging_mixin.py:188} WARNING - /home/airflow/.local/lib/python3.12/site-packages/airflow/task/task_runner/standard_task_runner.py:62 DeprecationWarning: This process (pid=3579) is multi-threaded, use of fork() may lead to deadlocks in the child.
[2025-04-18T09:57:12.346+0000] {standard_task_runner.py:64} INFO - Started process 3580 to run task
[2025-04-18T09:57:12.597+0000] {task_command.py:426} INFO - Running <TaskInstance: daily_dag.bronze_incremental_load manual__2025-04-18T09:50:52.091374+00:00 [running]> on host 4157b7102f42
[2025-04-18T09:57:13.436+0000] {taskinstance.py:2648} INFO - Exporting env vars: AIRFLOW_CTX_DAG_OWNER='airflow' AIRFLOW_CTX_DAG_ID='daily_dag' AIRFLOW_CTX_TASK_ID='bronze_incremental_load' AIRFLOW_CTX_EXECUTION_DATE='2025-04-18T09:50:52.091374+00:00' AIRFLOW_CTX_TRY_NUMBER='2' AIRFLOW_CTX_DAG_RUN_ID='manual__2025-04-18T09:50:52.091374+00:00'
[2025-04-18T09:57:13.437+0000] {taskinstance.py:430} INFO - ::endgroup::
[2025-04-18T09:57:13.458+0000] {base.py:84} INFO - Using connection ID 'spark-conn' for task execution.
[2025-04-18T09:57:13.459+0000] {spark_submit.py:474} INFO - Spark-Submit cmd: spark-submit --master spark://spark-master:7077 --conf spark.sql.catalog.spark_catalog=org.apache.iceberg.spark.SparkCatalog --conf spark.sql.catalog.spark_catalog.type=hive --conf spark.jars=/opt/airflow/jars/* --name bronze_incremental_load --deploy-mode client jobs/bronze_incremental_load.py
[2025-04-18T09:57:15.401+0000] {spark_submit.py:645} INFO - 25/04/18 09:57:15 WARN NativeCodeLoader: Unable to load native-hadoop library for your platform... using builtin-java classes where applicable
[2025-04-18T09:57:18.049+0000] {spark_submit.py:645} INFO - 25/04/18 09:57:18 INFO SparkContext: Running Spark version 3.5.5
[2025-04-18T09:57:18.050+0000] {spark_submit.py:645} INFO - 25/04/18 09:57:18 INFO SparkContext: OS info Linux, 5.15.167.4-microsoft-standard-WSL2, amd64
[2025-04-18T09:57:18.050+0000] {spark_submit.py:645} INFO - 25/04/18 09:57:18 INFO SparkContext: Java version 17.0.14
[2025-04-18T09:57:18.069+0000] {spark_submit.py:645} INFO - 25/04/18 09:57:18 INFO ResourceUtils: ==============================================================
[2025-04-18T09:57:18.070+0000] {spark_submit.py:645} INFO - 25/04/18 09:57:18 INFO ResourceUtils: No custom resources configured for spark.driver.
[2025-04-18T09:57:18.071+0000] {spark_submit.py:645} INFO - 25/04/18 09:57:18 INFO ResourceUtils: ==============================================================
[2025-04-18T09:57:18.071+0000] {spark_submit.py:645} INFO - 25/04/18 09:57:18 INFO SparkContext: Submitted application: SpakApp
[2025-04-18T09:57:18.086+0000] {spark_submit.py:645} INFO - 25/04/18 09:57:18 INFO ResourceProfile: Default ResourceProfile created, executor resources: Map(memory -> name: memory, amount: 1024, script: , vendor: , offHeap -> name: offHeap, amount: 0, script: , vendor: ), task resources: Map(cpus -> name: cpus, amount: 1.0)
[2025-04-18T09:57:18.092+0000] {spark_submit.py:645} INFO - 25/04/18 09:57:18 INFO ResourceProfile: Limiting resource is cpu
[2025-04-18T09:57:18.093+0000] {spark_submit.py:645} INFO - 25/04/18 09:57:18 INFO ResourceProfileManager: Added ResourceProfile id: 0
[2025-04-18T09:57:18.130+0000] {spark_submit.py:645} INFO - 25/04/18 09:57:18 INFO SecurityManager: Changing view acls to: default
[2025-04-18T09:57:18.131+0000] {spark_submit.py:645} INFO - 25/04/18 09:57:18 INFO SecurityManager: Changing modify acls to: default
[2025-04-18T09:57:18.132+0000] {spark_submit.py:645} INFO - 25/04/18 09:57:18 INFO SecurityManager: Changing view acls groups to:
[2025-04-18T09:57:18.132+0000] {spark_submit.py:645} INFO - 25/04/18 09:57:18 INFO SecurityManager: Changing modify acls groups to:
[2025-04-18T09:57:18.133+0000] {spark_submit.py:645} INFO - 25/04/18 09:57:18 INFO SecurityManager: SecurityManager: authentication disabled; ui acls disabled; users with view permissions: default; groups with view permissions: EMPTY; users with modify permissions: default; groups with modify permissions: EMPTY
[2025-04-18T09:57:18.328+0000] {spark_submit.py:645} INFO - 25/04/18 09:57:18 INFO Utils: Successfully started service 'sparkDriver' on port 44065.
[2025-04-18T09:57:18.348+0000] {spark_submit.py:645} INFO - 25/04/18 09:57:18 INFO SparkEnv: Registering MapOutputTracker
[2025-04-18T09:57:18.372+0000] {spark_submit.py:645} INFO - 25/04/18 09:57:18 INFO SparkEnv: Registering BlockManagerMaster
[2025-04-18T09:57:18.387+0000] {spark_submit.py:645} INFO - 25/04/18 09:57:18 INFO BlockManagerMasterEndpoint: Using org.apache.spark.storage.DefaultTopologyMapper for getting topology information
[2025-04-18T09:57:18.388+0000] {spark_submit.py:645} INFO - 25/04/18 09:57:18 INFO BlockManagerMasterEndpoint: BlockManagerMasterEndpoint up
[2025-04-18T09:57:18.399+0000] {spark_submit.py:645} INFO - 25/04/18 09:57:18 INFO SparkEnv: Registering BlockManagerMasterHeartbeat
[2025-04-18T09:57:18.414+0000] {spark_submit.py:645} INFO - 25/04/18 09:57:18 INFO DiskBlockManager: Created local directory at /tmp/blockmgr-595a52c1-1ae5-4804-8939-e724928a63c5
[2025-04-18T09:57:18.427+0000] {spark_submit.py:645} INFO - 25/04/18 09:57:18 INFO MemoryStore: MemoryStore started with capacity 434.4 MiB
[2025-04-18T09:57:18.440+0000] {spark_submit.py:645} INFO - 25/04/18 09:57:18 INFO SparkEnv: Registering OutputCommitCoordinator
[2025-04-18T09:57:18.532+0000] {spark_submit.py:645} INFO - 25/04/18 09:57:18 INFO JettyUtils: Start Jetty 0.0.0.0:4040 for SparkUI
[2025-04-18T09:57:18.582+0000] {spark_submit.py:645} INFO - 25/04/18 09:57:18 INFO Utils: Successfully started service 'SparkUI' on port 4040.
[2025-04-18T09:57:18.685+0000] {spark_submit.py:645} INFO - 25/04/18 09:57:18 INFO StandaloneAppClient$ClientEndpoint: Connecting to master spark://spark-master:7077...
[2025-04-18T09:57:18.721+0000] {spark_submit.py:645} INFO - 25/04/18 09:57:18 INFO TransportClientFactory: Successfully created connection to spark-master/172.18.0.5:7077 after 20 ms (0 ms spent in bootstraps)
[2025-04-18T09:57:18.829+0000] {spark_submit.py:645} INFO - 25/04/18 09:57:18 INFO StandaloneSchedulerBackend: Connected to Spark cluster with app ID app-20250418095718-0007
[2025-04-18T09:57:18.832+0000] {spark_submit.py:645} INFO - 25/04/18 09:57:18 INFO StandaloneAppClient$ClientEndpoint: Executor added: app-20250418095718-0007/0 on worker-20250418084743-172.18.0.7-35043 (172.18.0.7:35043) with 4 core(s)
[2025-04-18T09:57:18.836+0000] {spark_submit.py:645} INFO - 25/04/18 09:57:18 INFO StandaloneSchedulerBackend: Granted executor ID app-20250418095718-0007/0 on hostPort 172.18.0.7:35043 with 4 core(s), 1024.0 MiB RAM
[2025-04-18T09:57:18.840+0000] {spark_submit.py:645} INFO - 25/04/18 09:57:18 INFO Utils: Successfully started service 'org.apache.spark.network.netty.NettyBlockTransferService' on port 35907.
[2025-04-18T09:57:18.841+0000] {spark_submit.py:645} INFO - 25/04/18 09:57:18 INFO NettyBlockTransferService: Server created on 4157b7102f42:35907
[2025-04-18T09:57:18.843+0000] {spark_submit.py:645} INFO - 25/04/18 09:57:18 INFO BlockManager: Using org.apache.spark.storage.RandomBlockReplicationPolicy for block replication policy
[2025-04-18T09:57:18.851+0000] {spark_submit.py:645} INFO - 25/04/18 09:57:18 INFO BlockManagerMaster: Registering BlockManager BlockManagerId(driver, 4157b7102f42, 35907, None)
[2025-04-18T09:57:18.855+0000] {spark_submit.py:645} INFO - 25/04/18 09:57:18 INFO BlockManagerMasterEndpoint: Registering block manager 4157b7102f42:35907 with 434.4 MiB RAM, BlockManagerId(driver, 4157b7102f42, 35907, None)
[2025-04-18T09:57:18.857+0000] {spark_submit.py:645} INFO - 25/04/18 09:57:18 INFO BlockManagerMaster: Registered BlockManager BlockManagerId(driver, 4157b7102f42, 35907, None)
[2025-04-18T09:57:18.858+0000] {spark_submit.py:645} INFO - 25/04/18 09:57:18 INFO BlockManager: Initialized BlockManager: BlockManagerId(driver, 4157b7102f42, 35907, None)
[2025-04-18T09:57:18.997+0000] {spark_submit.py:645} INFO - 25/04/18 09:57:18 INFO StandaloneSchedulerBackend: SchedulerBackend is ready for scheduling beginning after reached minRegisteredResourcesRatio: 0.0
[2025-04-18T09:57:19.127+0000] {spark_submit.py:645} INFO - ===== MERGING TABLE brz_films =====
[2025-04-18T09:57:19.132+0000] {spark_submit.py:645} INFO - 25/04/18 09:57:19 INFO SharedState: Setting hive.metastore.warehouse.dir ('null') to the value of spark.sql.warehouse.dir.
[2025-04-18T09:57:19.134+0000] {spark_submit.py:645} INFO - 25/04/18 09:57:19 INFO SharedState: Warehouse path is 'file:/opt/airflow/spark-warehouse'.
[2025-04-18T09:57:19.216+0000] {spark_submit.py:645} INFO - 25/04/18 09:57:19 INFO StandaloneAppClient$ClientEndpoint: Executor updated: app-20250418095718-0007/0 is now RUNNING
[2025-04-18T09:57:22.328+0000] {spark_submit.py:645} INFO - Traceback (most recent call last):
[2025-04-18T09:57:22.328+0000] {spark_submit.py:645} INFO - File "/opt/airflow/jobs/bronze_incremental_load.py", line 136, in <module>
[2025-04-18T09:57:22.330+0000] {spark_submit.py:645} INFO - main()
[2025-04-18T09:57:22.330+0000] {spark_submit.py:645} INFO - File "/opt/airflow/jobs/bronze_incremental_load.py", line 117, in main
[2025-04-18T09:57:22.332+0000] {spark_submit.py:645} INFO - processed_df = read_upsert(topic, table, TABLE_KEYS[table])
[2025-04-18T09:57:22.332+0000] {spark_submit.py:645} INFO - ^^^^^^^^^^^^^^^^^^^^^^^^^^^^^^^^^^^^^^^^^^^^
[2025-04-18T09:57:22.332+0000] {spark_submit.py:645} INFO - File "/opt/airflow/jobs/bronze_incremental_load.py", line 45, in read_upsert
[2025-04-18T09:57:22.334+0000] {spark_submit.py:645} INFO - sink_df = SPARK.sql(f"SELECT * FROM {DATABASE_NAME}.{sink_table}")
[2025-04-18T09:57:22.334+0000] {spark_submit.py:645} INFO - ^^^^^^^^^^^^^^^^^^^^^^^^^^^^^^^^^^^^^^^^^^^^^^^^^^^^^^^^
[2025-04-18T09:57:22.334+0000] {spark_submit.py:645} INFO - File "/home/airflow/.local/lib/python3.12/site-packages/pyspark/python/lib/pyspark.zip/pyspark/sql/session.py", line 1631, in sql
[2025-04-18T09:57:22.335+0000] {spark_submit.py:645} INFO - File "/home/airflow/.local/lib/python3.12/site-packages/pyspark/python/lib/py4j-0.10.9.7-src.zip/py4j/java_gateway.py", line 1322, in __call__
[2025-04-18T09:57:22.335+0000] {spark_submit.py:645} INFO - File "/home/airflow/.local/lib/python3.12/site-packages/pyspark/python/lib/pyspark.zip/pyspark/errors/exceptions/captured.py", line 179, in deco
[2025-04-18T09:57:22.335+0000] {spark_submit.py:645} INFO - File "/home/airflow/.local/lib/python3.12/site-packages/pyspark/python/lib/py4j-0.10.9.7-src.zip/py4j/protocol.py", line 326, in get_return_value
[2025-04-18T09:57:22.336+0000] {spark_submit.py:645} INFO - py4j.protocol.Py4JJavaError: An error occurred while calling o27.sql.
[2025-04-18T09:57:22.337+0000] {spark_submit.py:645} INFO - : org.apache.spark.SparkException: Cannot find catalog plugin class for catalog 'spark_catalog': org.apache.iceberg.spark.SparkCatalog.
[2025-04-18T09:57:22.337+0000] {spark_submit.py:645} INFO - at org.apache.spark.sql.errors.QueryExecutionErrors$.catalogPluginClassNotFoundForCatalogError(QueryExecutionErrors.scala:1926)
[2025-04-18T09:57:22.337+0000] {spark_submit.py:645} INFO - at org.apache.spark.sql.connector.catalog.Catalogs$.load(Catalogs.scala:70)
[2025-04-18T09:57:22.337+0000] {spark_submit.py:645} INFO - at org.apache.spark.sql.connector.catalog.CatalogManager.loadV2SessionCatalog(CatalogManager.scala:68)
[2025-04-18T09:57:22.338+0000] {spark_submit.py:645} INFO - at org.apache.spark.sql.connector.catalog.CatalogManager.$anonfun$v2SessionCatalog$2(CatalogManager.scala:87)
[2025-04-18T09:57:22.338+0000] {spark_submit.py:645} INFO - at scala.collection.mutable.HashMap.getOrElseUpdate(HashMap.scala:86)
[2025-04-18T09:57:22.338+0000] {spark_submit.py:645} INFO - at org.apache.spark.sql.connector.catalog.CatalogManager.$anonfun$v2SessionCatalog$1(CatalogManager.scala:87)
[2025-04-18T09:57:22.339+0000] {spark_submit.py:645} INFO - at scala.Option.map(Option.scala:230)
[2025-04-18T09:57:22.339+0000] {spark_submit.py:645} INFO - at org.apache.spark.sql.connector.catalog.CatalogManager.v2SessionCatalog(CatalogManager.scala:86)
[2025-04-18T09:57:22.339+0000] {spark_submit.py:645} INFO - at org.apache.spark.sql.connector.catalog.CatalogManager.catalog(CatalogManager.scala:52)
[2025-04-18T09:57:22.339+0000] {spark_submit.py:645} INFO - at org.apache.spark.sql.connector.catalog.LookupCatalog$CatalogAndIdentifier$.unapply(LookupCatalog.scala:122)
[2025-04-18T09:57:22.339+0000] {spark_submit.py:645} INFO - at org.apache.spark.sql.catalyst.analysis.Analyzer$ResolveRelations$.$anonfun$resolveRelation$1(Analyzer.scala:1297)
[2025-04-18T09:57:22.340+0000] {spark_submit.py:645} INFO - at scala.Option.orElse(Option.scala:447)
[2025-04-18T09:57:22.340+0000] {spark_submit.py:645} INFO - at org.apache.spark.sql.catalyst.analysis.Analyzer$ResolveRelations$.org$apache$spark$sql$catalyst$analysis$Analyzer$ResolveRelations$$resolveRelation(Analyzer.scala:1296)
[2025-04-18T09:57:22.340+0000] {spark_submit.py:645} INFO - at org.apache.spark.sql.catalyst.analysis.Analyzer$ResolveRelations$$anonfun$apply$14.applyOrElse(Analyzer.scala:1153)
[2025-04-18T09:57:22.341+0000] {spark_submit.py:645} INFO - at org.apache.spark.sql.catalyst.analysis.Analyzer$ResolveRelations$$anonfun$apply$14.applyOrElse(Analyzer.scala:1117)
[2025-04-18T09:57:22.341+0000] {spark_submit.py:645} INFO - at org.apache.spark.sql.catalyst.plans.logical.AnalysisHelper.$anonfun$resolveOperatorsUpWithPruning$3(AnalysisHelper.scala:138)
[2025-04-18T09:57:22.341+0000] {spark_submit.py:645} INFO - at org.apache.spark.sql.catalyst.trees.CurrentOrigin$.withOrigin(origin.scala:76)
[2025-04-18T09:57:22.342+0000] {spark_submit.py:645} INFO - at org.apache.spark.sql.catalyst.plans.logical.AnalysisHelper.$anonfun$resolveOperatorsUpWithPruning$1(AnalysisHelper.scala:138)
[2025-04-18T09:57:22.342+0000] {spark_submit.py:645} INFO - at org.apache.spark.sql.catalyst.plans.logical.AnalysisHelper$.allowInvokingTransformsInAnalyzer(AnalysisHelper.scala:323)
[2025-04-18T09:57:22.343+0000] {spark_submit.py:645} INFO - at org.apache.spark.sql.catalyst.plans.logical.AnalysisHelper.resolveOperatorsUpWithPruning(AnalysisHelper.scala:134)
[2025-04-18T09:57:22.343+0000] {spark_submit.py:645} INFO - at org.apache.spark.sql.catalyst.plans.logical.AnalysisHelper.resolveOperatorsUpWithPruning$(AnalysisHelper.scala:130)
[2025-04-18T09:57:22.343+0000] {spark_submit.py:645} INFO - at org.apache.spark.sql.catalyst.plans.logical.LogicalPlan.resolveOperatorsUpWithPruning(LogicalPlan.scala:32)
[2025-04-18T09:57:22.344+0000] {spark_submit.py:645} INFO - at org.apache.spark.sql.catalyst.plans.logical.AnalysisHelper.$anonfun$resolveOperatorsUpWithPruning$2(AnalysisHelper.scala:135)
[2025-04-18T09:57:22.344+0000] {spark_submit.py:645} INFO - at org.apache.spark.sql.catalyst.trees.UnaryLike.mapChildren(TreeNode.scala:1216)
[2025-04-18T09:57:22.344+0000] {spark_submit.py:645} INFO - at org.apache.spark.sql.catalyst.trees.UnaryLike.mapChildren$(TreeNode.scala:1215)
[2025-04-18T09:57:22.345+0000] {spark_submit.py:645} INFO - at org.apache.spark.sql.catalyst.plans.logical.Project.mapChildren(basicLogicalOperators.scala:71)
[2025-04-18T09:57:22.345+0000] {spark_submit.py:645} INFO - at org.apache.spark.sql.catalyst.plans.logical.AnalysisHelper.$anonfun$resolveOperatorsUpWithPruning$1(AnalysisHelper.scala:135)
[2025-04-18T09:57:22.345+0000] {spark_submit.py:645} INFO - at org.apache.spark.sql.catalyst.plans.logical.AnalysisHelper$.allowInvokingTransformsInAnalyzer(AnalysisHelper.scala:323)
[2025-04-18T09:57:22.346+0000] {spark_submit.py:645} INFO - at org.apache.spark.sql.catalyst.plans.logical.AnalysisHelper.resolveOperatorsUpWithPruning(AnalysisHelper.scala:134)
[2025-04-18T09:57:22.346+0000] {spark_submit.py:645} INFO - at org.apache.spark.sql.catalyst.plans.logical.AnalysisHelper.resolveOperatorsUpWithPruning$(AnalysisHelper.scala:130)
[2025-04-18T09:57:22.346+0000] {spark_submit.py:645} INFO - at org.apache.spark.sql.catalyst.plans.logical.LogicalPlan.resolveOperatorsUpWithPruning(LogicalPlan.scala:32)
[2025-04-18T09:57:22.347+0000] {spark_submit.py:645} INFO - at org.apache.spark.sql.catalyst.analysis.Analyzer$ResolveRelations$.apply(Analyzer.scala:1117)
[2025-04-18T09:57:22.347+0000] {spark_submit.py:645} INFO - at org.apache.spark.sql.catalyst.analysis.Analyzer$ResolveRelations$.apply(Analyzer.scala:1076)
[2025-04-18T09:57:22.347+0000] {spark_submit.py:645} INFO - at org.apache.spark.sql.catalyst.rules.RuleExecutor.$anonfun$execute$2(RuleExecutor.scala:222)
[2025-04-18T09:57:22.348+0000] {spark_submit.py:645} INFO - at scala.collection.LinearSeqOptimized.foldLeft(LinearSeqOptimized.scala:126)
[2025-04-18T09:57:22.348+0000] {spark_submit.py:645} INFO - at scala.collection.LinearSeqOptimized.foldLeft$(LinearSeqOptimized.scala:122)
[2025-04-18T09:57:22.348+0000] {spark_submit.py:645} INFO - at scala.collection.immutable.List.foldLeft(List.scala:91)
[2025-04-18T09:57:22.349+0000] {spark_submit.py:645} INFO - at org.apache.spark.sql.catalyst.rules.RuleExecutor.$anonfun$execute$1(RuleExecutor.scala:219)
[2025-04-18T09:57:22.349+0000] {spark_submit.py:645} INFO - at org.apache.spark.sql.catalyst.rules.RuleExecutor.$anonfun$execute$1$adapted(RuleExecutor.scala:211)
[2025-04-18T09:57:22.349+0000] {spark_submit.py:645} INFO - at scala.collection.immutable.List.foreach(List.scala:431)
[2025-04-18T09:57:22.349+0000] {spark_submit.py:645} INFO - at org.apache.spark.sql.catalyst.rules.RuleExecutor.execute(RuleExecutor.scala:211)
[2025-04-18T09:57:22.350+0000] {spark_submit.py:645} INFO - at org.apache.spark.sql.catalyst.analysis.Analyzer.org$apache$spark$sql$catalyst$analysis$Analyzer$$executeSameContext(Analyzer.scala:240)
[2025-04-18T09:57:22.350+0000] {spark_submit.py:645} INFO - at org.apache.spark.sql.catalyst.analysis.Analyzer.$anonfun$execute$1(Analyzer.scala:236)
[2025-04-18T09:57:22.350+0000] {spark_submit.py:645} INFO - at org.apache.spark.sql.catalyst.analysis.AnalysisContext$.withNewAnalysisContext(Analyzer.scala:187)
[2025-04-18T09:57:22.350+0000] {spark_submit.py:645} INFO - at org.apache.spark.sql.catalyst.analysis.Analyzer.execute(Analyzer.scala:236)
[2025-04-18T09:57:22.351+0000] {spark_submit.py:645} INFO - at org.apache.spark.sql.catalyst.analysis.Analyzer.execute(Analyzer.scala:202)
[2025-04-18T09:57:22.351+0000] {spark_submit.py:645} INFO - at org.apache.spark.sql.catalyst.rules.RuleExecutor.$anonfun$executeAndTrack$1(RuleExecutor.scala:182)
[2025-04-18T09:57:22.351+0000] {spark_submit.py:645} INFO - at org.apache.spark.sql.catalyst.QueryPlanningTracker$.withTracker(QueryPlanningTracker.scala:89)
[2025-04-18T09:57:22.351+0000] {spark_submit.py:645} INFO - at org.apache.spark.sql.catalyst.rules.RuleExecutor.executeAndTrack(RuleExecutor.scala:182)
[2025-04-18T09:57:22.352+0000] {spark_submit.py:645} INFO - at org.apache.spark.sql.catalyst.analysis.Analyzer.$anonfun$executeAndCheck$1(Analyzer.scala:223)
[2025-04-18T09:57:22.352+0000] {spark_submit.py:645} INFO - at org.apache.spark.sql.catalyst.plans.logical.AnalysisHelper$.markInAnalyzer(AnalysisHelper.scala:330)
[2025-04-18T09:57:22.352+0000] {spark_submit.py:645} INFO - at org.apache.spark.sql.catalyst.analysis.Analyzer.executeAndCheck(Analyzer.scala:222)
[2025-04-18T09:57:22.353+0000] {spark_submit.py:645} INFO - at org.apache.spark.sql.execution.QueryExecution.$anonfun$analyzed$1(QueryExecution.scala:77)
[2025-04-18T09:57:22.353+0000] {spark_submit.py:645} INFO - at org.apache.spark.sql.catalyst.QueryPlanningTracker.measurePhase(QueryPlanningTracker.scala:138)
[2025-04-18T09:57:22.353+0000] {spark_submit.py:645} INFO - at org.apache.spark.sql.execution.QueryExecution.$anonfun$executePhase$2(QueryExecution.scala:219)
[2025-04-18T09:57:22.354+0000] {spark_submit.py:645} INFO - at org.apache.spark.sql.execution.QueryExecution$.withInternalError(QueryExecution.scala:546)
[2025-04-18T09:57:22.354+0000] {spark_submit.py:645} INFO - at org.apache.spark.sql.execution.QueryExecution.$anonfun$executePhase$1(QueryExecution.scala:219)
[2025-04-18T09:57:22.354+0000] {spark_submit.py:645} INFO - at org.apache.spark.sql.SparkSession.withActive(SparkSession.scala:900)
[2025-04-18T09:57:22.354+0000] {spark_submit.py:645} INFO - at org.apache.spark.sql.execution.QueryExecution.executePhase(QueryExecution.scala:218)
[2025-04-18T09:57:22.355+0000] {spark_submit.py:645} INFO - at org.apache.spark.sql.execution.QueryExecution.analyzed$lzycompute(QueryExecution.scala:77)
[2025-04-18T09:57:22.355+0000] {spark_submit.py:645} INFO - at org.apache.spark.sql.execution.QueryExecution.analyzed(QueryExecution.scala:74)
[2025-04-18T09:57:22.355+0000] {spark_submit.py:645} INFO - at org.apache.spark.sql.execution.QueryExecution.assertAnalyzed(QueryExecution.scala:66)
[2025-04-18T09:57:22.356+0000] {spark_submit.py:645} INFO - at org.apache.spark.sql.Dataset$.$anonfun$ofRows$2(Dataset.scala:99)
[2025-04-18T09:57:22.356+0000] {spark_submit.py:645} INFO - at org.apache.spark.sql.SparkSession.withActive(SparkSession.scala:900)
[2025-04-18T09:57:22.356+0000] {spark_submit.py:645} INFO - at org.apache.spark.sql.Dataset$.ofRows(Dataset.scala:97)
[2025-04-18T09:57:22.356+0000] {spark_submit.py:645} INFO - at org.apache.spark.sql.SparkSession.$anonfun$sql$1(SparkSession.scala:638)
[2025-04-18T09:57:22.357+0000] {spark_submit.py:645} INFO - at org.apache.spark.sql.SparkSession.withActive(SparkSession.scala:900)
[2025-04-18T09:57:22.357+0000] {spark_submit.py:645} INFO - at org.apache.spark.sql.SparkSession.sql(SparkSession.scala:629)
[2025-04-18T09:57:22.357+0000] {spark_submit.py:645} INFO - at org.apache.spark.sql.SparkSession.sql(SparkSession.scala:659)
[2025-04-18T09:57:22.358+0000] {spark_submit.py:645} INFO - at java.base/jdk.internal.reflect.NativeMethodAccessorImpl.invoke0(Native Method)
[2025-04-18T09:57:22.358+0000] {spark_submit.py:645} INFO - at java.base/jdk.internal.reflect.NativeMethodAccessorImpl.invoke(NativeMethodAccessorImpl.java:77)
[2025-04-18T09:57:22.358+0000] {spark_submit.py:645} INFO - at java.base/jdk.internal.reflect.DelegatingMethodAccessorImpl.invoke(DelegatingMethodAccessorImpl.java:43)
[2025-04-18T09:57:22.359+0000] {spark_submit.py:645} INFO - at java.base/java.lang.reflect.Method.invoke(Method.java:569)
[2025-04-18T09:57:22.359+0000] {spark_submit.py:645} INFO - at py4j.reflection.MethodInvoker.invoke(MethodInvoker.java:244)
[2025-04-18T09:57:22.359+0000] {spark_submit.py:645} INFO - at py4j.reflection.ReflectionEngine.invoke(ReflectionEngine.java:374)
[2025-04-18T09:57:22.359+0000] {spark_submit.py:645} INFO - at py4j.Gateway.invoke(Gateway.java:282)
[2025-04-18T09:57:22.360+0000] {spark_submit.py:645} INFO - at py4j.commands.AbstractCommand.invokeMethod(AbstractCommand.java:132)
[2025-04-18T09:57:22.360+0000] {spark_submit.py:645} INFO - at py4j.commands.CallCommand.execute(CallCommand.java:79)
[2025-04-18T09:57:22.360+0000] {spark_submit.py:645} INFO - at py4j.ClientServerConnection.waitForCommands(ClientServerConnection.java:182)
[2025-04-18T09:57:22.360+0000] {spark_submit.py:645} INFO - at py4j.ClientServerConnection.run(ClientServerConnection.java:106)
[2025-04-18T09:57:22.361+0000] {spark_submit.py:645} INFO - at java.base/java.lang.Thread.run(Thread.java:840)
[2025-04-18T09:57:22.361+0000] {spark_submit.py:645} INFO - Caused by: java.lang.ClassNotFoundException: org.apache.iceberg.spark.SparkCatalog
[2025-04-18T09:57:22.361+0000] {spark_submit.py:645} INFO - at java.base/java.net.URLClassLoader.findClass(URLClassLoader.java:445)
[2025-04-18T09:57:22.362+0000] {spark_submit.py:645} INFO - at java.base/java.lang.ClassLoader.loadClass(ClassLoader.java:592)
[2025-04-18T09:57:22.362+0000] {spark_submit.py:645} INFO - at java.base/java.lang.ClassLoader.loadClass(ClassLoader.java:525)
[2025-04-18T09:57:22.362+0000] {spark_submit.py:645} INFO - at org.apache.spark.sql.connector.catalog.Catalogs$.load(Catalogs.scala:60)
[2025-04-18T09:57:22.362+0000] {spark_submit.py:645} INFO - ... 79 more
[2025-04-18T09:57:22.363+0000] {spark_submit.py:645} INFO - 
[2025-04-18T09:57:22.394+0000] {spark_submit.py:645} INFO - 25/04/18 09:57:22 INFO SparkContext: Invoking stop() from shutdown hook
[2025-04-18T09:57:22.395+0000] {spark_submit.py:645} INFO - 25/04/18 09:57:22 INFO SparkContext: SparkContext is stopping with exitCode 0.
[2025-04-18T09:57:22.459+0000] {spark_submit.py:645} INFO - 25/04/18 09:57:22 INFO SparkUI: Stopped Spark web UI at http://4157b7102f42:4040
[2025-04-18T09:57:22.463+0000] {spark_submit.py:645} INFO - 25/04/18 09:57:22 INFO StandaloneSchedulerBackend: Shutting down all executors
[2025-04-18T09:57:22.465+0000] {spark_submit.py:645} INFO - 25/04/18 09:57:22 INFO StandaloneSchedulerBackend$StandaloneDriverEndpoint: Asking each executor to shut down
[2025-04-18T09:57:22.875+0000] {spark_submit.py:645} INFO - 25/04/18 09:57:22 INFO MapOutputTrackerMasterEndpoint: MapOutputTrackerMasterEndpoint stopped!
[2025-04-18T09:57:23.034+0000] {spark_submit.py:645} INFO - 25/04/18 09:57:23 INFO MemoryStore: MemoryStore cleared
[2025-04-18T09:57:23.035+0000] {spark_submit.py:645} INFO - 25/04/18 09:57:23 INFO BlockManager: BlockManager stopped
[2025-04-18T09:57:23.039+0000] {spark_submit.py:645} INFO - 25/04/18 09:57:23 INFO BlockManagerMaster: BlockManagerMaster stopped
[2025-04-18T09:57:23.041+0000] {spark_submit.py:645} INFO - 25/04/18 09:57:23 INFO OutputCommitCoordinator$OutputCommitCoordinatorEndpoint: OutputCommitCoordinator stopped!
[2025-04-18T09:57:23.053+0000] {spark_submit.py:645} INFO - 25/04/18 09:57:23 INFO SparkContext: Successfully stopped SparkContext
[2025-04-18T09:57:23.054+0000] {spark_submit.py:645} INFO - 25/04/18 09:57:23 INFO ShutdownHookManager: Shutdown hook called
[2025-04-18T09:57:23.055+0000] {spark_submit.py:645} INFO - 25/04/18 09:57:23 INFO ShutdownHookManager: Deleting directory /tmp/spark-f81ff256-68a1-49d0-bbff-533300cc2ea8
[2025-04-18T09:57:23.060+0000] {spark_submit.py:645} INFO - 25/04/18 09:57:23 INFO ShutdownHookManager: Deleting directory /tmp/spark-4397dfd1-427c-4480-bedb-b03c1bb75671
[2025-04-18T09:57:23.065+0000] {spark_submit.py:645} INFO - 25/04/18 09:57:23 INFO ShutdownHookManager: Deleting directory /tmp/spark-f81ff256-68a1-49d0-bbff-533300cc2ea8/pyspark-34049d51-9ea3-4262-b018-3ca5e15eea58
[2025-04-18T09:57:23.097+0000] {taskinstance.py:441} INFO - ::group::Post task execution logs
[2025-04-18T09:57:23.103+0000] {taskinstance.py:2905} ERROR - Task failed with exception
Traceback (most recent call last):
  File "/home/airflow/.local/lib/python3.12/site-packages/airflow/models/taskinstance.py", line 465, in _execute_task
    result = _execute_callable(context=context, **execute_callable_kwargs)
             ^^^^^^^^^^^^^^^^^^^^^^^^^^^^^^^^^^^^^^^^^^^^^^^^^^^^^^^^^^^^^
  File "/home/airflow/.local/lib/python3.12/site-packages/airflow/models/taskinstance.py", line 432, in _execute_callable
    return execute_callable(context=context, **execute_callable_kwargs)
           ^^^^^^^^^^^^^^^^^^^^^^^^^^^^^^^^^^^^^^^^^^^^^^^^^^^^^^^^^^^^
  File "/home/airflow/.local/lib/python3.12/site-packages/airflow/models/baseoperator.py", line 401, in wrapper
    return func(self, *args, **kwargs)
           ^^^^^^^^^^^^^^^^^^^^^^^^^^^
  File "/home/airflow/.local/lib/python3.12/site-packages/airflow/providers/apache/spark/operators/spark_submit.py", line 197, in execute
    self._hook.submit(self.application)
  File "/home/airflow/.local/lib/python3.12/site-packages/airflow/providers/apache/spark/hooks/spark_submit.py", line 567, in submit
    raise AirflowException(
airflow.exceptions.AirflowException: Cannot execute: spark-submit --master spark://spark-master:7077 --conf spark.sql.catalog.spark_catalog=org.apache.iceberg.spark.SparkCatalog --conf spark.sql.catalog.spark_catalog.type=hive --conf spark.jars=/opt/airflow/jars/* --name bronze_incremental_load --deploy-mode client jobs/bronze_incremental_load.py. Error code is: 1.
[2025-04-18T09:57:23.109+0000] {taskinstance.py:1206} INFO - Marking task as FAILED. dag_id=daily_dag, task_id=bronze_incremental_load, run_id=manual__2025-04-18T09:50:52.091374+00:00, execution_date=20250418T095052, start_date=20250418T095712, end_date=20250418T095723
[2025-04-18T09:57:24.094+0000] {standard_task_runner.py:110} ERROR - Failed to execute job 15 for task bronze_incremental_load (Cannot execute: spark-submit --master spark://spark-master:7077 --conf spark.sql.catalog.spark_catalog=org.apache.iceberg.spark.SparkCatalog --conf spark.sql.catalog.spark_catalog.type=hive --conf spark.jars=/opt/airflow/jars/* --name bronze_incremental_load --deploy-mode client jobs/bronze_incremental_load.py. Error code is: 1.; 3580)
[2025-04-18T09:57:24.108+0000] {local_task_job_runner.py:243} INFO - Task exited with return code 1
[2025-04-18T09:57:24.118+0000] {taskinstance.py:3503} INFO - 0 downstream tasks scheduled from follow-on schedule check
[2025-04-18T09:57:24.119+0000] {local_task_job_runner.py:222} INFO - ::endgroup::
