[2025-04-18T09:51:37.808+0000] {local_task_job_runner.py:120} INFO - ::group::Pre task execution logs
[2025-04-18T09:51:44.300+0000] {taskinstance.py:2076} INFO - Dependencies all met for dep_context=non-requeueable deps ti=<TaskInstance: daily_dag.bronze_incremental_load manual__2025-04-18T09:50:52.091374+00:00 [queued]>
[2025-04-18T09:51:44.520+0000] {taskinstance.py:2076} INFO - Dependencies all met for dep_context=requeueable deps ti=<TaskInstance: daily_dag.bronze_incremental_load manual__2025-04-18T09:50:52.091374+00:00 [queued]>
[2025-04-18T09:51:44.586+0000] {taskinstance.py:2306} INFO - Starting attempt 1 of 2
[2025-04-18T09:51:46.475+0000] {taskinstance.py:2330} INFO - Executing <Task(SparkSubmitOperator): bronze_incremental_load> on 2025-04-18 09:50:52.091374+00:00
[2025-04-18T09:51:46.481+0000] {standard_task_runner.py:90} INFO - Running: ['airflow', 'tasks', 'run', 'daily_dag', 'bronze_incremental_load', 'manual__2025-04-18T09:50:52.091374+00:00', '--job-id', '14', '--raw', '--subdir', 'DAGS_FOLDER/daily_dag.py', '--cfg-path', '/tmp/tmpkcuq0ur6']
[2025-04-18T09:51:46.483+0000] {standard_task_runner.py:91} INFO - Job 14: Subtask bronze_incremental_load
[2025-04-18T09:51:46.483+0000] {logging_mixin.py:188} WARNING - /home/airflow/.local/lib/python3.12/site-packages/airflow/task/task_runner/standard_task_runner.py:62 DeprecationWarning: This process (pid=3203) is multi-threaded, use of fork() may lead to deadlocks in the child.
[2025-04-18T09:51:46.484+0000] {standard_task_runner.py:64} INFO - Started process 3233 to run task
[2025-04-18T09:51:47.240+0000] {task_command.py:426} INFO - Running <TaskInstance: daily_dag.bronze_incremental_load manual__2025-04-18T09:50:52.091374+00:00 [running]> on host 4157b7102f42
[2025-04-18T09:51:49.749+0000] {taskinstance.py:2648} INFO - Exporting env vars: AIRFLOW_CTX_DAG_OWNER='airflow' AIRFLOW_CTX_DAG_ID='daily_dag' AIRFLOW_CTX_TASK_ID='bronze_incremental_load' AIRFLOW_CTX_EXECUTION_DATE='2025-04-18T09:50:52.091374+00:00' AIRFLOW_CTX_TRY_NUMBER='1' AIRFLOW_CTX_DAG_RUN_ID='manual__2025-04-18T09:50:52.091374+00:00'
[2025-04-18T09:51:49.750+0000] {taskinstance.py:430} INFO - ::endgroup::
[2025-04-18T09:51:50.501+0000] {base.py:84} INFO - Using connection ID 'spark-conn' for task execution.
[2025-04-18T09:51:50.502+0000] {spark_submit.py:474} INFO - Spark-Submit cmd: spark-submit --master spark://spark-master:7077 --conf spark.sql.catalog.spark_catalog=org.apache.iceberg.spark.SparkCatalog --conf spark.sql.catalog.spark_catalog.type=hive --conf spark.jars=/opt/airflow/jars/* --name bronze_incremental_load --deploy-mode client jobs/bronze_incremental_load.py
[2025-04-18T09:52:04.276+0000] {spark_submit.py:645} INFO - 25/04/18 09:52:04 WARN NativeCodeLoader: Unable to load native-hadoop library for your platform... using builtin-java classes where applicable
[2025-04-18T09:52:05.772+0000] {spark_submit.py:645} INFO - 25/04/18 09:52:05 INFO SparkContext: Running Spark version 3.5.5
[2025-04-18T09:52:05.772+0000] {spark_submit.py:645} INFO - 25/04/18 09:52:05 INFO SparkContext: OS info Linux, 5.15.167.4-microsoft-standard-WSL2, amd64
[2025-04-18T09:52:05.773+0000] {spark_submit.py:645} INFO - 25/04/18 09:52:05 INFO SparkContext: Java version 17.0.14
[2025-04-18T09:52:05.795+0000] {spark_submit.py:645} INFO - 25/04/18 09:52:05 INFO ResourceUtils: ==============================================================
[2025-04-18T09:52:05.796+0000] {spark_submit.py:645} INFO - 25/04/18 09:52:05 INFO ResourceUtils: No custom resources configured for spark.driver.
[2025-04-18T09:52:05.796+0000] {spark_submit.py:645} INFO - 25/04/18 09:52:05 INFO ResourceUtils: ==============================================================
[2025-04-18T09:52:05.797+0000] {spark_submit.py:645} INFO - 25/04/18 09:52:05 INFO SparkContext: Submitted application: SpakApp
[2025-04-18T09:52:05.812+0000] {spark_submit.py:645} INFO - 25/04/18 09:52:05 INFO ResourceProfile: Default ResourceProfile created, executor resources: Map(memory -> name: memory, amount: 1024, script: , vendor: , offHeap -> name: offHeap, amount: 0, script: , vendor: ), task resources: Map(cpus -> name: cpus, amount: 1.0)
[2025-04-18T09:52:05.818+0000] {spark_submit.py:645} INFO - 25/04/18 09:52:05 INFO ResourceProfile: Limiting resource is cpu
[2025-04-18T09:52:05.819+0000] {spark_submit.py:645} INFO - 25/04/18 09:52:05 INFO ResourceProfileManager: Added ResourceProfile id: 0
[2025-04-18T09:52:05.857+0000] {spark_submit.py:645} INFO - 25/04/18 09:52:05 INFO SecurityManager: Changing view acls to: default
[2025-04-18T09:52:05.858+0000] {spark_submit.py:645} INFO - 25/04/18 09:52:05 INFO SecurityManager: Changing modify acls to: default
[2025-04-18T09:52:05.858+0000] {spark_submit.py:645} INFO - 25/04/18 09:52:05 INFO SecurityManager: Changing view acls groups to:
[2025-04-18T09:52:05.858+0000] {spark_submit.py:645} INFO - 25/04/18 09:52:05 INFO SecurityManager: Changing modify acls groups to:
[2025-04-18T09:52:05.859+0000] {spark_submit.py:645} INFO - 25/04/18 09:52:05 INFO SecurityManager: SecurityManager: authentication disabled; ui acls disabled; users with view permissions: default; groups with view permissions: EMPTY; users with modify permissions: default; groups with modify permissions: EMPTY
[2025-04-18T09:52:06.066+0000] {spark_submit.py:645} INFO - 25/04/18 09:52:06 INFO Utils: Successfully started service 'sparkDriver' on port 36843.
[2025-04-18T09:52:06.088+0000] {spark_submit.py:645} INFO - 25/04/18 09:52:06 INFO SparkEnv: Registering MapOutputTracker
[2025-04-18T09:52:06.114+0000] {spark_submit.py:645} INFO - 25/04/18 09:52:06 INFO SparkEnv: Registering BlockManagerMaster
[2025-04-18T09:52:06.131+0000] {spark_submit.py:645} INFO - 25/04/18 09:52:06 INFO BlockManagerMasterEndpoint: Using org.apache.spark.storage.DefaultTopologyMapper for getting topology information
[2025-04-18T09:52:06.132+0000] {spark_submit.py:645} INFO - 25/04/18 09:52:06 INFO BlockManagerMasterEndpoint: BlockManagerMasterEndpoint up
[2025-04-18T09:52:06.153+0000] {spark_submit.py:645} INFO - 25/04/18 09:52:06 INFO SparkEnv: Registering BlockManagerMasterHeartbeat
[2025-04-18T09:52:06.167+0000] {spark_submit.py:645} INFO - 25/04/18 09:52:06 INFO DiskBlockManager: Created local directory at /tmp/blockmgr-43219ac7-aaa4-4122-97a3-a9da592139d8
[2025-04-18T09:52:06.178+0000] {spark_submit.py:645} INFO - 25/04/18 09:52:06 INFO MemoryStore: MemoryStore started with capacity 434.4 MiB
[2025-04-18T09:52:06.190+0000] {spark_submit.py:645} INFO - 25/04/18 09:52:06 INFO SparkEnv: Registering OutputCommitCoordinator
[2025-04-18T09:52:06.341+0000] {spark_submit.py:645} INFO - 25/04/18 09:52:06 INFO JettyUtils: Start Jetty 0.0.0.0:4040 for SparkUI
[2025-04-18T09:52:06.510+0000] {spark_submit.py:645} INFO - 25/04/18 09:52:06 INFO Utils: Successfully started service 'SparkUI' on port 4040.
[2025-04-18T09:52:06.510+0000] {spark_submit.py:645} INFO - 25/04/18 09:52:06 INFO StandaloneAppClient$ClientEndpoint: Connecting to master spark://spark-master:7077...
[2025-04-18T09:52:06.518+0000] {spark_submit.py:645} INFO - 25/04/18 09:52:06 INFO TransportClientFactory: Successfully created connection to spark-master/172.18.0.5:7077 after 18 ms (0 ms spent in bootstraps)
[2025-04-18T09:52:06.650+0000] {spark_submit.py:645} INFO - 25/04/18 09:52:06 INFO StandaloneSchedulerBackend: Connected to Spark cluster with app ID app-20250418095206-0006
[2025-04-18T09:52:06.652+0000] {spark_submit.py:645} INFO - 25/04/18 09:52:06 INFO StandaloneAppClient$ClientEndpoint: Executor added: app-20250418095206-0006/0 on worker-20250418084743-172.18.0.7-35043 (172.18.0.7:35043) with 4 core(s)
[2025-04-18T09:52:06.654+0000] {spark_submit.py:645} INFO - 25/04/18 09:52:06 INFO StandaloneSchedulerBackend: Granted executor ID app-20250418095206-0006/0 on hostPort 172.18.0.7:35043 with 4 core(s), 1024.0 MiB RAM
[2025-04-18T09:52:06.657+0000] {spark_submit.py:645} INFO - 25/04/18 09:52:06 INFO Utils: Successfully started service 'org.apache.spark.network.netty.NettyBlockTransferService' on port 34687.
[2025-04-18T09:52:06.658+0000] {spark_submit.py:645} INFO - 25/04/18 09:52:06 INFO NettyBlockTransferService: Server created on 4157b7102f42:34687
[2025-04-18T09:52:06.659+0000] {spark_submit.py:645} INFO - 25/04/18 09:52:06 INFO BlockManager: Using org.apache.spark.storage.RandomBlockReplicationPolicy for block replication policy
[2025-04-18T09:52:06.663+0000] {spark_submit.py:645} INFO - 25/04/18 09:52:06 INFO BlockManagerMaster: Registering BlockManager BlockManagerId(driver, 4157b7102f42, 34687, None)
[2025-04-18T09:52:06.666+0000] {spark_submit.py:645} INFO - 25/04/18 09:52:06 INFO BlockManagerMasterEndpoint: Registering block manager 4157b7102f42:34687 with 434.4 MiB RAM, BlockManagerId(driver, 4157b7102f42, 34687, None)
[2025-04-18T09:52:06.668+0000] {spark_submit.py:645} INFO - 25/04/18 09:52:06 INFO BlockManagerMaster: Registered BlockManager BlockManagerId(driver, 4157b7102f42, 34687, None)
[2025-04-18T09:52:06.669+0000] {spark_submit.py:645} INFO - 25/04/18 09:52:06 INFO BlockManager: Initialized BlockManager: BlockManagerId(driver, 4157b7102f42, 34687, None)
[2025-04-18T09:52:06.819+0000] {spark_submit.py:645} INFO - 25/04/18 09:52:06 INFO StandaloneSchedulerBackend: SchedulerBackend is ready for scheduling beginning after reached minRegisteredResourcesRatio: 0.0
[2025-04-18T09:52:06.874+0000] {spark_submit.py:645} INFO - 25/04/18 09:52:06 INFO StandaloneAppClient$ClientEndpoint: Executor updated: app-20250418095206-0006/0 is now RUNNING
[2025-04-18T09:52:06.974+0000] {spark_submit.py:645} INFO - ===== MERGING TABLE brz_films =====
[2025-04-18T09:52:06.979+0000] {spark_submit.py:645} INFO - 25/04/18 09:52:06 INFO SharedState: Setting hive.metastore.warehouse.dir ('null') to the value of spark.sql.warehouse.dir.
[2025-04-18T09:52:06.981+0000] {spark_submit.py:645} INFO - 25/04/18 09:52:06 INFO SharedState: Warehouse path is 'file:/opt/airflow/spark-warehouse'.
[2025-04-18T09:52:09.685+0000] {spark_submit.py:645} INFO - Traceback (most recent call last):
[2025-04-18T09:52:09.686+0000] {spark_submit.py:645} INFO - File "/opt/airflow/jobs/bronze_incremental_load.py", line 136, in <module>
[2025-04-18T09:52:09.687+0000] {spark_submit.py:645} INFO - main()
[2025-04-18T09:52:09.688+0000] {spark_submit.py:645} INFO - File "/opt/airflow/jobs/bronze_incremental_load.py", line 117, in main
[2025-04-18T09:52:09.689+0000] {spark_submit.py:645} INFO - processed_df = read_upsert(topic, table, TABLE_KEYS[table])
[2025-04-18T09:52:09.689+0000] {spark_submit.py:645} INFO - ^^^^^^^^^^^^^^^^^^^^^^^^^^^^^^^^^^^^^^^^^^^^
[2025-04-18T09:52:09.689+0000] {spark_submit.py:645} INFO - File "/opt/airflow/jobs/bronze_incremental_load.py", line 45, in read_upsert
[2025-04-18T09:52:09.690+0000] {spark_submit.py:645} INFO - sink_df = SPARK.sql(f"SELECT * FROM {DATABASE_NAME}.{sink_table}")
[2025-04-18T09:52:09.691+0000] {spark_submit.py:645} INFO - ^^^^^^^^^^^^^^^^^^^^^^^^^^^^^^^^^^^^^^^^^^^^^^^^^^^^^^^^
[2025-04-18T09:52:09.691+0000] {spark_submit.py:645} INFO - File "/home/airflow/.local/lib/python3.12/site-packages/pyspark/python/lib/pyspark.zip/pyspark/sql/session.py", line 1631, in sql
[2025-04-18T09:52:09.691+0000] {spark_submit.py:645} INFO - File "/home/airflow/.local/lib/python3.12/site-packages/pyspark/python/lib/py4j-0.10.9.7-src.zip/py4j/java_gateway.py", line 1322, in __call__
[2025-04-18T09:52:09.692+0000] {spark_submit.py:645} INFO - File "/home/airflow/.local/lib/python3.12/site-packages/pyspark/python/lib/pyspark.zip/pyspark/errors/exceptions/captured.py", line 179, in deco
[2025-04-18T09:52:09.692+0000] {spark_submit.py:645} INFO - File "/home/airflow/.local/lib/python3.12/site-packages/pyspark/python/lib/py4j-0.10.9.7-src.zip/py4j/protocol.py", line 326, in get_return_value
[2025-04-18T09:52:09.692+0000] {spark_submit.py:645} INFO - py4j.protocol.Py4JJavaError: An error occurred while calling o27.sql.
[2025-04-18T09:52:09.693+0000] {spark_submit.py:645} INFO - : org.apache.spark.SparkException: Cannot find catalog plugin class for catalog 'spark_catalog': org.apache.iceberg.spark.SparkCatalog.
[2025-04-18T09:52:09.693+0000] {spark_submit.py:645} INFO - at org.apache.spark.sql.errors.QueryExecutionErrors$.catalogPluginClassNotFoundForCatalogError(QueryExecutionErrors.scala:1926)
[2025-04-18T09:52:09.693+0000] {spark_submit.py:645} INFO - at org.apache.spark.sql.connector.catalog.Catalogs$.load(Catalogs.scala:70)
[2025-04-18T09:52:09.694+0000] {spark_submit.py:645} INFO - at org.apache.spark.sql.connector.catalog.CatalogManager.loadV2SessionCatalog(CatalogManager.scala:68)
[2025-04-18T09:52:09.694+0000] {spark_submit.py:645} INFO - at org.apache.spark.sql.connector.catalog.CatalogManager.$anonfun$v2SessionCatalog$2(CatalogManager.scala:87)
[2025-04-18T09:52:09.694+0000] {spark_submit.py:645} INFO - at scala.collection.mutable.HashMap.getOrElseUpdate(HashMap.scala:86)
[2025-04-18T09:52:09.694+0000] {spark_submit.py:645} INFO - at org.apache.spark.sql.connector.catalog.CatalogManager.$anonfun$v2SessionCatalog$1(CatalogManager.scala:87)
[2025-04-18T09:52:09.695+0000] {spark_submit.py:645} INFO - at scala.Option.map(Option.scala:230)
[2025-04-18T09:52:09.695+0000] {spark_submit.py:645} INFO - at org.apache.spark.sql.connector.catalog.CatalogManager.v2SessionCatalog(CatalogManager.scala:86)
[2025-04-18T09:52:09.695+0000] {spark_submit.py:645} INFO - at org.apache.spark.sql.connector.catalog.CatalogManager.catalog(CatalogManager.scala:52)
[2025-04-18T09:52:09.695+0000] {spark_submit.py:645} INFO - at org.apache.spark.sql.connector.catalog.LookupCatalog$CatalogAndIdentifier$.unapply(LookupCatalog.scala:122)
[2025-04-18T09:52:09.696+0000] {spark_submit.py:645} INFO - at org.apache.spark.sql.catalyst.analysis.Analyzer$ResolveRelations$.$anonfun$resolveRelation$1(Analyzer.scala:1297)
[2025-04-18T09:52:09.696+0000] {spark_submit.py:645} INFO - at scala.Option.orElse(Option.scala:447)
[2025-04-18T09:52:09.696+0000] {spark_submit.py:645} INFO - at org.apache.spark.sql.catalyst.analysis.Analyzer$ResolveRelations$.org$apache$spark$sql$catalyst$analysis$Analyzer$ResolveRelations$$resolveRelation(Analyzer.scala:1296)
[2025-04-18T09:52:09.696+0000] {spark_submit.py:645} INFO - at org.apache.spark.sql.catalyst.analysis.Analyzer$ResolveRelations$$anonfun$apply$14.applyOrElse(Analyzer.scala:1153)
[2025-04-18T09:52:09.696+0000] {spark_submit.py:645} INFO - at org.apache.spark.sql.catalyst.analysis.Analyzer$ResolveRelations$$anonfun$apply$14.applyOrElse(Analyzer.scala:1117)
[2025-04-18T09:52:09.697+0000] {spark_submit.py:645} INFO - at org.apache.spark.sql.catalyst.plans.logical.AnalysisHelper.$anonfun$resolveOperatorsUpWithPruning$3(AnalysisHelper.scala:138)
[2025-04-18T09:52:09.697+0000] {spark_submit.py:645} INFO - at org.apache.spark.sql.catalyst.trees.CurrentOrigin$.withOrigin(origin.scala:76)
[2025-04-18T09:52:09.697+0000] {spark_submit.py:645} INFO - at org.apache.spark.sql.catalyst.plans.logical.AnalysisHelper.$anonfun$resolveOperatorsUpWithPruning$1(AnalysisHelper.scala:138)
[2025-04-18T09:52:09.698+0000] {spark_submit.py:645} INFO - at org.apache.spark.sql.catalyst.plans.logical.AnalysisHelper$.allowInvokingTransformsInAnalyzer(AnalysisHelper.scala:323)
[2025-04-18T09:52:09.698+0000] {spark_submit.py:645} INFO - at org.apache.spark.sql.catalyst.plans.logical.AnalysisHelper.resolveOperatorsUpWithPruning(AnalysisHelper.scala:134)
[2025-04-18T09:52:09.698+0000] {spark_submit.py:645} INFO - at org.apache.spark.sql.catalyst.plans.logical.AnalysisHelper.resolveOperatorsUpWithPruning$(AnalysisHelper.scala:130)
[2025-04-18T09:52:09.699+0000] {spark_submit.py:645} INFO - at org.apache.spark.sql.catalyst.plans.logical.LogicalPlan.resolveOperatorsUpWithPruning(LogicalPlan.scala:32)
[2025-04-18T09:52:09.699+0000] {spark_submit.py:645} INFO - at org.apache.spark.sql.catalyst.plans.logical.AnalysisHelper.$anonfun$resolveOperatorsUpWithPruning$2(AnalysisHelper.scala:135)
[2025-04-18T09:52:09.700+0000] {spark_submit.py:645} INFO - at org.apache.spark.sql.catalyst.trees.UnaryLike.mapChildren(TreeNode.scala:1216)
[2025-04-18T09:52:09.700+0000] {spark_submit.py:645} INFO - at org.apache.spark.sql.catalyst.trees.UnaryLike.mapChildren$(TreeNode.scala:1215)
[2025-04-18T09:52:09.701+0000] {spark_submit.py:645} INFO - at org.apache.spark.sql.catalyst.plans.logical.Project.mapChildren(basicLogicalOperators.scala:71)
[2025-04-18T09:52:09.701+0000] {spark_submit.py:645} INFO - at org.apache.spark.sql.catalyst.plans.logical.AnalysisHelper.$anonfun$resolveOperatorsUpWithPruning$1(AnalysisHelper.scala:135)
[2025-04-18T09:52:09.702+0000] {spark_submit.py:645} INFO - at org.apache.spark.sql.catalyst.plans.logical.AnalysisHelper$.allowInvokingTransformsInAnalyzer(AnalysisHelper.scala:323)
[2025-04-18T09:52:09.702+0000] {spark_submit.py:645} INFO - at org.apache.spark.sql.catalyst.plans.logical.AnalysisHelper.resolveOperatorsUpWithPruning(AnalysisHelper.scala:134)
[2025-04-18T09:52:09.702+0000] {spark_submit.py:645} INFO - at org.apache.spark.sql.catalyst.plans.logical.AnalysisHelper.resolveOperatorsUpWithPruning$(AnalysisHelper.scala:130)
[2025-04-18T09:52:09.703+0000] {spark_submit.py:645} INFO - at org.apache.spark.sql.catalyst.plans.logical.LogicalPlan.resolveOperatorsUpWithPruning(LogicalPlan.scala:32)
[2025-04-18T09:52:09.703+0000] {spark_submit.py:645} INFO - at org.apache.spark.sql.catalyst.analysis.Analyzer$ResolveRelations$.apply(Analyzer.scala:1117)
[2025-04-18T09:52:09.703+0000] {spark_submit.py:645} INFO - at org.apache.spark.sql.catalyst.analysis.Analyzer$ResolveRelations$.apply(Analyzer.scala:1076)
[2025-04-18T09:52:09.703+0000] {spark_submit.py:645} INFO - at org.apache.spark.sql.catalyst.rules.RuleExecutor.$anonfun$execute$2(RuleExecutor.scala:222)
[2025-04-18T09:52:09.704+0000] {spark_submit.py:645} INFO - at scala.collection.LinearSeqOptimized.foldLeft(LinearSeqOptimized.scala:126)
[2025-04-18T09:52:09.704+0000] {spark_submit.py:645} INFO - at scala.collection.LinearSeqOptimized.foldLeft$(LinearSeqOptimized.scala:122)
[2025-04-18T09:52:09.704+0000] {spark_submit.py:645} INFO - at scala.collection.immutable.List.foldLeft(List.scala:91)
[2025-04-18T09:52:09.705+0000] {spark_submit.py:645} INFO - at org.apache.spark.sql.catalyst.rules.RuleExecutor.$anonfun$execute$1(RuleExecutor.scala:219)
[2025-04-18T09:52:09.705+0000] {spark_submit.py:645} INFO - at org.apache.spark.sql.catalyst.rules.RuleExecutor.$anonfun$execute$1$adapted(RuleExecutor.scala:211)
[2025-04-18T09:52:09.705+0000] {spark_submit.py:645} INFO - at scala.collection.immutable.List.foreach(List.scala:431)
[2025-04-18T09:52:09.705+0000] {spark_submit.py:645} INFO - at org.apache.spark.sql.catalyst.rules.RuleExecutor.execute(RuleExecutor.scala:211)
[2025-04-18T09:52:09.706+0000] {spark_submit.py:645} INFO - at org.apache.spark.sql.catalyst.analysis.Analyzer.org$apache$spark$sql$catalyst$analysis$Analyzer$$executeSameContext(Analyzer.scala:240)
[2025-04-18T09:52:09.706+0000] {spark_submit.py:645} INFO - at org.apache.spark.sql.catalyst.analysis.Analyzer.$anonfun$execute$1(Analyzer.scala:236)
[2025-04-18T09:52:09.706+0000] {spark_submit.py:645} INFO - at org.apache.spark.sql.catalyst.analysis.AnalysisContext$.withNewAnalysisContext(Analyzer.scala:187)
[2025-04-18T09:52:09.706+0000] {spark_submit.py:645} INFO - at org.apache.spark.sql.catalyst.analysis.Analyzer.execute(Analyzer.scala:236)
[2025-04-18T09:52:09.707+0000] {spark_submit.py:645} INFO - at org.apache.spark.sql.catalyst.analysis.Analyzer.execute(Analyzer.scala:202)
[2025-04-18T09:52:09.707+0000] {spark_submit.py:645} INFO - at org.apache.spark.sql.catalyst.rules.RuleExecutor.$anonfun$executeAndTrack$1(RuleExecutor.scala:182)
[2025-04-18T09:52:09.707+0000] {spark_submit.py:645} INFO - at org.apache.spark.sql.catalyst.QueryPlanningTracker$.withTracker(QueryPlanningTracker.scala:89)
[2025-04-18T09:52:09.707+0000] {spark_submit.py:645} INFO - at org.apache.spark.sql.catalyst.rules.RuleExecutor.executeAndTrack(RuleExecutor.scala:182)
[2025-04-18T09:52:09.708+0000] {spark_submit.py:645} INFO - at org.apache.spark.sql.catalyst.analysis.Analyzer.$anonfun$executeAndCheck$1(Analyzer.scala:223)
[2025-04-18T09:52:09.708+0000] {spark_submit.py:645} INFO - at org.apache.spark.sql.catalyst.plans.logical.AnalysisHelper$.markInAnalyzer(AnalysisHelper.scala:330)
[2025-04-18T09:52:09.709+0000] {spark_submit.py:645} INFO - at org.apache.spark.sql.catalyst.analysis.Analyzer.executeAndCheck(Analyzer.scala:222)
[2025-04-18T09:52:09.709+0000] {spark_submit.py:645} INFO - at org.apache.spark.sql.execution.QueryExecution.$anonfun$analyzed$1(QueryExecution.scala:77)
[2025-04-18T09:52:09.709+0000] {spark_submit.py:645} INFO - at org.apache.spark.sql.catalyst.QueryPlanningTracker.measurePhase(QueryPlanningTracker.scala:138)
[2025-04-18T09:52:09.710+0000] {spark_submit.py:645} INFO - at org.apache.spark.sql.execution.QueryExecution.$anonfun$executePhase$2(QueryExecution.scala:219)
[2025-04-18T09:52:09.710+0000] {spark_submit.py:645} INFO - at org.apache.spark.sql.execution.QueryExecution$.withInternalError(QueryExecution.scala:546)
[2025-04-18T09:52:09.711+0000] {spark_submit.py:645} INFO - at org.apache.spark.sql.execution.QueryExecution.$anonfun$executePhase$1(QueryExecution.scala:219)
[2025-04-18T09:52:09.711+0000] {spark_submit.py:645} INFO - at org.apache.spark.sql.SparkSession.withActive(SparkSession.scala:900)
[2025-04-18T09:52:09.711+0000] {spark_submit.py:645} INFO - at org.apache.spark.sql.execution.QueryExecution.executePhase(QueryExecution.scala:218)
[2025-04-18T09:52:09.712+0000] {spark_submit.py:645} INFO - at org.apache.spark.sql.execution.QueryExecution.analyzed$lzycompute(QueryExecution.scala:77)
[2025-04-18T09:52:09.712+0000] {spark_submit.py:645} INFO - at org.apache.spark.sql.execution.QueryExecution.analyzed(QueryExecution.scala:74)
[2025-04-18T09:52:09.712+0000] {spark_submit.py:645} INFO - at org.apache.spark.sql.execution.QueryExecution.assertAnalyzed(QueryExecution.scala:66)
[2025-04-18T09:52:09.713+0000] {spark_submit.py:645} INFO - at org.apache.spark.sql.Dataset$.$anonfun$ofRows$2(Dataset.scala:99)
[2025-04-18T09:52:09.713+0000] {spark_submit.py:645} INFO - at org.apache.spark.sql.SparkSession.withActive(SparkSession.scala:900)
[2025-04-18T09:52:09.713+0000] {spark_submit.py:645} INFO - at org.apache.spark.sql.Dataset$.ofRows(Dataset.scala:97)
[2025-04-18T09:52:09.714+0000] {spark_submit.py:645} INFO - at org.apache.spark.sql.SparkSession.$anonfun$sql$1(SparkSession.scala:638)
[2025-04-18T09:52:09.714+0000] {spark_submit.py:645} INFO - at org.apache.spark.sql.SparkSession.withActive(SparkSession.scala:900)
[2025-04-18T09:52:09.715+0000] {spark_submit.py:645} INFO - at org.apache.spark.sql.SparkSession.sql(SparkSession.scala:629)
[2025-04-18T09:52:09.715+0000] {spark_submit.py:645} INFO - at org.apache.spark.sql.SparkSession.sql(SparkSession.scala:659)
[2025-04-18T09:52:09.716+0000] {spark_submit.py:645} INFO - at java.base/jdk.internal.reflect.NativeMethodAccessorImpl.invoke0(Native Method)
[2025-04-18T09:52:09.716+0000] {spark_submit.py:645} INFO - at java.base/jdk.internal.reflect.NativeMethodAccessorImpl.invoke(NativeMethodAccessorImpl.java:77)
[2025-04-18T09:52:09.716+0000] {spark_submit.py:645} INFO - at java.base/jdk.internal.reflect.DelegatingMethodAccessorImpl.invoke(DelegatingMethodAccessorImpl.java:43)
[2025-04-18T09:52:09.717+0000] {spark_submit.py:645} INFO - at java.base/java.lang.reflect.Method.invoke(Method.java:569)
[2025-04-18T09:52:09.717+0000] {spark_submit.py:645} INFO - at py4j.reflection.MethodInvoker.invoke(MethodInvoker.java:244)
[2025-04-18T09:52:09.718+0000] {spark_submit.py:645} INFO - at py4j.reflection.ReflectionEngine.invoke(ReflectionEngine.java:374)
[2025-04-18T09:52:09.718+0000] {spark_submit.py:645} INFO - at py4j.Gateway.invoke(Gateway.java:282)
[2025-04-18T09:52:09.719+0000] {spark_submit.py:645} INFO - at py4j.commands.AbstractCommand.invokeMethod(AbstractCommand.java:132)
[2025-04-18T09:52:09.719+0000] {spark_submit.py:645} INFO - at py4j.commands.CallCommand.execute(CallCommand.java:79)
[2025-04-18T09:52:09.720+0000] {spark_submit.py:645} INFO - at py4j.ClientServerConnection.waitForCommands(ClientServerConnection.java:182)
[2025-04-18T09:52:09.720+0000] {spark_submit.py:645} INFO - at py4j.ClientServerConnection.run(ClientServerConnection.java:106)
[2025-04-18T09:52:09.721+0000] {spark_submit.py:645} INFO - at java.base/java.lang.Thread.run(Thread.java:840)
[2025-04-18T09:52:09.721+0000] {spark_submit.py:645} INFO - Caused by: java.lang.ClassNotFoundException: org.apache.iceberg.spark.SparkCatalog
[2025-04-18T09:52:09.721+0000] {spark_submit.py:645} INFO - at java.base/java.net.URLClassLoader.findClass(URLClassLoader.java:445)
[2025-04-18T09:52:09.722+0000] {spark_submit.py:645} INFO - at java.base/java.lang.ClassLoader.loadClass(ClassLoader.java:592)
[2025-04-18T09:52:09.722+0000] {spark_submit.py:645} INFO - at java.base/java.lang.ClassLoader.loadClass(ClassLoader.java:525)
[2025-04-18T09:52:09.722+0000] {spark_submit.py:645} INFO - at org.apache.spark.sql.connector.catalog.Catalogs$.load(Catalogs.scala:60)
[2025-04-18T09:52:09.723+0000] {spark_submit.py:645} INFO - ... 79 more
[2025-04-18T09:52:09.723+0000] {spark_submit.py:645} INFO - 
[2025-04-18T09:52:09.764+0000] {spark_submit.py:645} INFO - 25/04/18 09:52:09 INFO SparkContext: Invoking stop() from shutdown hook
[2025-04-18T09:52:09.765+0000] {spark_submit.py:645} INFO - 25/04/18 09:52:09 INFO SparkContext: SparkContext is stopping with exitCode 0.
[2025-04-18T09:52:09.774+0000] {spark_submit.py:645} INFO - 25/04/18 09:52:09 INFO SparkUI: Stopped Spark web UI at http://4157b7102f42:4040
[2025-04-18T09:52:09.777+0000] {spark_submit.py:645} INFO - 25/04/18 09:52:09 INFO StandaloneSchedulerBackend: Shutting down all executors
[2025-04-18T09:52:09.779+0000] {spark_submit.py:645} INFO - 25/04/18 09:52:09 INFO StandaloneSchedulerBackend$StandaloneDriverEndpoint: Asking each executor to shut down
[2025-04-18T09:52:09.794+0000] {spark_submit.py:645} INFO - 25/04/18 09:52:09 INFO MapOutputTrackerMasterEndpoint: MapOutputTrackerMasterEndpoint stopped!
[2025-04-18T09:52:09.805+0000] {spark_submit.py:645} INFO - 25/04/18 09:52:09 INFO MemoryStore: MemoryStore cleared
[2025-04-18T09:52:09.806+0000] {spark_submit.py:645} INFO - 25/04/18 09:52:09 INFO BlockManager: BlockManager stopped
[2025-04-18T09:52:09.810+0000] {spark_submit.py:645} INFO - 25/04/18 09:52:09 INFO BlockManagerMaster: BlockManagerMaster stopped
[2025-04-18T09:52:09.812+0000] {spark_submit.py:645} INFO - 25/04/18 09:52:09 INFO OutputCommitCoordinator$OutputCommitCoordinatorEndpoint: OutputCommitCoordinator stopped!
[2025-04-18T09:52:09.821+0000] {spark_submit.py:645} INFO - 25/04/18 09:52:09 INFO SparkContext: Successfully stopped SparkContext
[2025-04-18T09:52:09.821+0000] {spark_submit.py:645} INFO - 25/04/18 09:52:09 INFO ShutdownHookManager: Shutdown hook called
[2025-04-18T09:52:09.821+0000] {spark_submit.py:645} INFO - 25/04/18 09:52:09 INFO ShutdownHookManager: Deleting directory /tmp/spark-224f00e0-3a1d-4ffe-bc4f-b9fbe6f3d2db
[2025-04-18T09:52:09.824+0000] {spark_submit.py:645} INFO - 25/04/18 09:52:09 INFO ShutdownHookManager: Deleting directory /tmp/spark-f6577ec1-ab2a-47c2-8e4b-1c9c9084c866/pyspark-8f50ec56-05c6-4172-8de5-ed09f6207bd9
[2025-04-18T09:52:09.827+0000] {spark_submit.py:645} INFO - 25/04/18 09:52:09 INFO ShutdownHookManager: Deleting directory /tmp/spark-f6577ec1-ab2a-47c2-8e4b-1c9c9084c866
[2025-04-18T09:52:09.850+0000] {taskinstance.py:441} INFO - ::group::Post task execution logs
[2025-04-18T09:52:09.916+0000] {taskinstance.py:2905} ERROR - Task failed with exception
Traceback (most recent call last):
  File "/home/airflow/.local/lib/python3.12/site-packages/airflow/models/taskinstance.py", line 465, in _execute_task
    result = _execute_callable(context=context, **execute_callable_kwargs)
             ^^^^^^^^^^^^^^^^^^^^^^^^^^^^^^^^^^^^^^^^^^^^^^^^^^^^^^^^^^^^^
  File "/home/airflow/.local/lib/python3.12/site-packages/airflow/models/taskinstance.py", line 432, in _execute_callable
    return execute_callable(context=context, **execute_callable_kwargs)
           ^^^^^^^^^^^^^^^^^^^^^^^^^^^^^^^^^^^^^^^^^^^^^^^^^^^^^^^^^^^^
  File "/home/airflow/.local/lib/python3.12/site-packages/airflow/models/baseoperator.py", line 401, in wrapper
    return func(self, *args, **kwargs)
           ^^^^^^^^^^^^^^^^^^^^^^^^^^^
  File "/home/airflow/.local/lib/python3.12/site-packages/airflow/providers/apache/spark/operators/spark_submit.py", line 197, in execute
    self._hook.submit(self.application)
  File "/home/airflow/.local/lib/python3.12/site-packages/airflow/providers/apache/spark/hooks/spark_submit.py", line 567, in submit
    raise AirflowException(
airflow.exceptions.AirflowException: Cannot execute: spark-submit --master spark://spark-master:7077 --conf spark.sql.catalog.spark_catalog=org.apache.iceberg.spark.SparkCatalog --conf spark.sql.catalog.spark_catalog.type=hive --conf spark.jars=/opt/airflow/jars/* --name bronze_incremental_load --deploy-mode client jobs/bronze_incremental_load.py. Error code is: 1.
[2025-04-18T09:52:09.955+0000] {taskinstance.py:1206} INFO - Marking task as UP_FOR_RETRY. dag_id=daily_dag, task_id=bronze_incremental_load, run_id=manual__2025-04-18T09:50:52.091374+00:00, execution_date=20250418T095052, start_date=20250418T095144, end_date=20250418T095209
[2025-04-18T09:52:12.441+0000] {standard_task_runner.py:110} ERROR - Failed to execute job 14 for task bronze_incremental_load (Cannot execute: spark-submit --master spark://spark-master:7077 --conf spark.sql.catalog.spark_catalog=org.apache.iceberg.spark.SparkCatalog --conf spark.sql.catalog.spark_catalog.type=hive --conf spark.jars=/opt/airflow/jars/* --name bronze_incremental_load --deploy-mode client jobs/bronze_incremental_load.py. Error code is: 1.; 3233)
[2025-04-18T09:52:12.469+0000] {local_task_job_runner.py:243} INFO - Task exited with return code 1
[2025-04-18T09:52:12.479+0000] {taskinstance.py:3503} INFO - 0 downstream tasks scheduled from follow-on schedule check
[2025-04-18T09:52:12.481+0000] {local_task_job_runner.py:222} INFO - ::endgroup::
