[2025-04-18T09:30:20.965+0000] {local_task_job_runner.py:120} INFO - ::group::Pre task execution logs
[2025-04-18T09:30:21.023+0000] {taskinstance.py:2076} INFO - Dependencies all met for dep_context=non-requeueable deps ti=<TaskInstance: daily_dag.bronze_incremental_load scheduled__2025-04-17T00:00:00+00:00 [queued]>
[2025-04-18T09:30:21.041+0000] {taskinstance.py:2076} INFO - Dependencies all met for dep_context=requeueable deps ti=<TaskInstance: daily_dag.bronze_incremental_load scheduled__2025-04-17T00:00:00+00:00 [queued]>
[2025-04-18T09:30:21.184+0000] {taskinstance.py:2306} INFO - Starting attempt 2 of 2
[2025-04-18T09:30:21.593+0000] {taskinstance.py:2330} INFO - Executing <Task(SparkSubmitOperator): bronze_incremental_load> on 2025-04-17 00:00:00+00:00
[2025-04-18T09:30:21.604+0000] {standard_task_runner.py:90} INFO - Running: ['airflow', 'tasks', 'run', 'daily_dag', 'bronze_incremental_load', 'scheduled__2025-04-17T00:00:00+00:00', '--job-id', '10', '--raw', '--subdir', 'DAGS_FOLDER/daily_dag.py', '--cfg-path', '/tmp/tmpa0un45l_']
[2025-04-18T09:30:21.606+0000] {standard_task_runner.py:91} INFO - Job 10: Subtask bronze_incremental_load
[2025-04-18T09:30:21.607+0000] {logging_mixin.py:188} WARNING - /home/airflow/.local/lib/python3.12/site-packages/airflow/task/task_runner/standard_task_runner.py:62 DeprecationWarning: This process (pid=1905) is multi-threaded, use of fork() may lead to deadlocks in the child.
[2025-04-18T09:30:21.607+0000] {standard_task_runner.py:64} INFO - Started process 1909 to run task
[2025-04-18T09:30:22.102+0000] {task_command.py:426} INFO - Running <TaskInstance: daily_dag.bronze_incremental_load scheduled__2025-04-17T00:00:00+00:00 [running]> on host 4157b7102f42
[2025-04-18T09:30:22.542+0000] {taskinstance.py:2648} INFO - Exporting env vars: AIRFLOW_CTX_DAG_OWNER='airflow' AIRFLOW_CTX_DAG_ID='daily_dag' AIRFLOW_CTX_TASK_ID='bronze_incremental_load' AIRFLOW_CTX_EXECUTION_DATE='2025-04-17T00:00:00+00:00' AIRFLOW_CTX_TRY_NUMBER='2' AIRFLOW_CTX_DAG_RUN_ID='scheduled__2025-04-17T00:00:00+00:00'
[2025-04-18T09:30:22.543+0000] {taskinstance.py:430} INFO - ::endgroup::
[2025-04-18T09:30:22.569+0000] {base.py:84} INFO - Using connection ID 'spark-conn' for task execution.
[2025-04-18T09:30:22.571+0000] {spark_submit.py:474} INFO - Spark-Submit cmd: spark-submit --master spark://spark-master:7077 --name bronze_incremental_load --deploy-mode client jobs/bronze_incremental_load.py
[2025-04-18T09:30:26.697+0000] {spark_submit.py:645} INFO - 25/04/18 09:30:26 INFO SparkContext: Running Spark version 3.5.5
[2025-04-18T09:30:26.698+0000] {spark_submit.py:645} INFO - 25/04/18 09:30:26 INFO SparkContext: OS info Linux, 5.15.167.4-microsoft-standard-WSL2, amd64
[2025-04-18T09:30:26.699+0000] {spark_submit.py:645} INFO - 25/04/18 09:30:26 INFO SparkContext: Java version 17.0.14
[2025-04-18T09:30:26.762+0000] {spark_submit.py:645} INFO - 25/04/18 09:30:26 WARN NativeCodeLoader: Unable to load native-hadoop library for your platform... using builtin-java classes where applicable
[2025-04-18T09:30:26.873+0000] {spark_submit.py:645} INFO - 25/04/18 09:30:26 INFO ResourceUtils: ==============================================================
[2025-04-18T09:30:26.874+0000] {spark_submit.py:645} INFO - 25/04/18 09:30:26 INFO ResourceUtils: No custom resources configured for spark.driver.
[2025-04-18T09:30:26.875+0000] {spark_submit.py:645} INFO - 25/04/18 09:30:26 INFO ResourceUtils: ==============================================================
[2025-04-18T09:30:26.875+0000] {spark_submit.py:645} INFO - 25/04/18 09:30:26 INFO SparkContext: Submitted application: SpakApp
[2025-04-18T09:30:26.903+0000] {spark_submit.py:645} INFO - 25/04/18 09:30:26 INFO ResourceProfile: Default ResourceProfile created, executor resources: Map(memory -> name: memory, amount: 1024, script: , vendor: , offHeap -> name: offHeap, amount: 0, script: , vendor: ), task resources: Map(cpus -> name: cpus, amount: 1.0)
[2025-04-18T09:30:26.913+0000] {spark_submit.py:645} INFO - 25/04/18 09:30:26 INFO ResourceProfile: Limiting resource is cpu
[2025-04-18T09:30:26.915+0000] {spark_submit.py:645} INFO - 25/04/18 09:30:26 INFO ResourceProfileManager: Added ResourceProfile id: 0
[2025-04-18T09:30:26.985+0000] {spark_submit.py:645} INFO - 25/04/18 09:30:26 INFO SecurityManager: Changing view acls to: default
[2025-04-18T09:30:26.986+0000] {spark_submit.py:645} INFO - 25/04/18 09:30:26 INFO SecurityManager: Changing modify acls to: default
[2025-04-18T09:30:26.987+0000] {spark_submit.py:645} INFO - 25/04/18 09:30:26 INFO SecurityManager: Changing view acls groups to:
[2025-04-18T09:30:26.987+0000] {spark_submit.py:645} INFO - 25/04/18 09:30:26 INFO SecurityManager: Changing modify acls groups to:
[2025-04-18T09:30:26.988+0000] {spark_submit.py:645} INFO - 25/04/18 09:30:26 INFO SecurityManager: SecurityManager: authentication disabled; ui acls disabled; users with view permissions: default; groups with view permissions: EMPTY; users with modify permissions: default; groups with modify permissions: EMPTY
[2025-04-18T09:30:27.284+0000] {spark_submit.py:645} INFO - 25/04/18 09:30:27 INFO Utils: Successfully started service 'sparkDriver' on port 44191.
[2025-04-18T09:30:27.313+0000] {spark_submit.py:645} INFO - 25/04/18 09:30:27 INFO SparkEnv: Registering MapOutputTracker
[2025-04-18T09:30:27.348+0000] {spark_submit.py:645} INFO - 25/04/18 09:30:27 INFO SparkEnv: Registering BlockManagerMaster
[2025-04-18T09:30:27.381+0000] {spark_submit.py:645} INFO - 25/04/18 09:30:27 INFO BlockManagerMasterEndpoint: Using org.apache.spark.storage.DefaultTopologyMapper for getting topology information
[2025-04-18T09:30:27.382+0000] {spark_submit.py:645} INFO - 25/04/18 09:30:27 INFO BlockManagerMasterEndpoint: BlockManagerMasterEndpoint up
[2025-04-18T09:30:27.392+0000] {spark_submit.py:645} INFO - 25/04/18 09:30:27 INFO SparkEnv: Registering BlockManagerMasterHeartbeat
[2025-04-18T09:30:27.422+0000] {spark_submit.py:645} INFO - 25/04/18 09:30:27 INFO DiskBlockManager: Created local directory at /tmp/blockmgr-e579768a-6ed3-4e69-b380-f9409b6e2994
[2025-04-18T09:30:27.456+0000] {spark_submit.py:645} INFO - 25/04/18 09:30:27 INFO MemoryStore: MemoryStore started with capacity 434.4 MiB
[2025-04-18T09:30:27.504+0000] {spark_submit.py:645} INFO - 25/04/18 09:30:27 INFO SparkEnv: Registering OutputCommitCoordinator
[2025-04-18T09:30:27.701+0000] {spark_submit.py:645} INFO - 25/04/18 09:30:27 INFO JettyUtils: Start Jetty 0.0.0.0:4040 for SparkUI
[2025-04-18T09:30:27.781+0000] {spark_submit.py:645} INFO - 25/04/18 09:30:27 INFO Utils: Successfully started service 'SparkUI' on port 4040.
[2025-04-18T09:30:28.043+0000] {spark_submit.py:645} INFO - 25/04/18 09:30:28 INFO StandaloneAppClient$ClientEndpoint: Connecting to master spark://spark-master:7077...
[2025-04-18T09:30:28.137+0000] {spark_submit.py:645} INFO - 25/04/18 09:30:28 INFO TransportClientFactory: Successfully created connection to spark-master/172.18.0.5:7077 after 54 ms (0 ms spent in bootstraps)
[2025-04-18T09:30:28.280+0000] {spark_submit.py:645} INFO - 25/04/18 09:30:28 INFO StandaloneSchedulerBackend: Connected to Spark cluster with app ID app-20250418093028-0003
[2025-04-18T09:30:28.284+0000] {spark_submit.py:645} INFO - 25/04/18 09:30:28 INFO StandaloneAppClient$ClientEndpoint: Executor added: app-20250418093028-0003/0 on worker-20250418084743-172.18.0.7-35043 (172.18.0.7:35043) with 4 core(s)
[2025-04-18T09:30:28.288+0000] {spark_submit.py:645} INFO - 25/04/18 09:30:28 INFO StandaloneSchedulerBackend: Granted executor ID app-20250418093028-0003/0 on hostPort 172.18.0.7:35043 with 4 core(s), 1024.0 MiB RAM
[2025-04-18T09:30:28.298+0000] {spark_submit.py:645} INFO - 25/04/18 09:30:28 INFO Utils: Successfully started service 'org.apache.spark.network.netty.NettyBlockTransferService' on port 44671.
[2025-04-18T09:30:28.302+0000] {spark_submit.py:645} INFO - 25/04/18 09:30:28 INFO NettyBlockTransferService: Server created on 4157b7102f42:44671
[2025-04-18T09:30:28.304+0000] {spark_submit.py:645} INFO - 25/04/18 09:30:28 INFO BlockManager: Using org.apache.spark.storage.RandomBlockReplicationPolicy for block replication policy
[2025-04-18T09:30:28.319+0000] {spark_submit.py:645} INFO - 25/04/18 09:30:28 INFO BlockManagerMaster: Registering BlockManager BlockManagerId(driver, 4157b7102f42, 44671, None)
[2025-04-18T09:30:28.325+0000] {spark_submit.py:645} INFO - 25/04/18 09:30:28 INFO BlockManagerMasterEndpoint: Registering block manager 4157b7102f42:44671 with 434.4 MiB RAM, BlockManagerId(driver, 4157b7102f42, 44671, None)
[2025-04-18T09:30:28.329+0000] {spark_submit.py:645} INFO - 25/04/18 09:30:28 INFO BlockManagerMaster: Registered BlockManager BlockManagerId(driver, 4157b7102f42, 44671, None)
[2025-04-18T09:30:28.332+0000] {spark_submit.py:645} INFO - 25/04/18 09:30:28 INFO BlockManager: Initialized BlockManager: BlockManagerId(driver, 4157b7102f42, 44671, None)
[2025-04-18T09:30:28.380+0000] {spark_submit.py:645} INFO - 25/04/18 09:30:28 INFO StandaloneAppClient$ClientEndpoint: Executor updated: app-20250418093028-0003/0 is now RUNNING
[2025-04-18T09:30:28.716+0000] {spark_submit.py:645} INFO - 25/04/18 09:30:28 INFO StandaloneSchedulerBackend: SchedulerBackend is ready for scheduling beginning after reached minRegisteredResourcesRatio: 0.0
[2025-04-18T09:30:28.982+0000] {spark_submit.py:645} INFO - ===== MERGING TABLE brz_films =====
[2025-04-18T09:30:29.066+0000] {spark_submit.py:645} INFO - 25/04/18 09:30:29 INFO SharedState: Setting hive.metastore.warehouse.dir ('null') to the value of spark.sql.warehouse.dir.
[2025-04-18T09:30:29.073+0000] {spark_submit.py:645} INFO - 25/04/18 09:30:29 INFO SharedState: Warehouse path is 'file:/opt/airflow/spark-warehouse'.
[2025-04-18T09:30:32.917+0000] {spark_submit.py:645} INFO - Traceback (most recent call last):
[2025-04-18T09:30:32.918+0000] {spark_submit.py:645} INFO - File "/opt/airflow/jobs/bronze_incremental_load.py", line 136, in <module>
[2025-04-18T09:30:32.920+0000] {spark_submit.py:645} INFO - main()
[2025-04-18T09:30:32.921+0000] {spark_submit.py:645} INFO - File "/opt/airflow/jobs/bronze_incremental_load.py", line 117, in main
[2025-04-18T09:30:32.922+0000] {spark_submit.py:645} INFO - processed_df = read_upsert(topic, table, TABLE_KEYS[table])
[2025-04-18T09:30:32.923+0000] {spark_submit.py:645} INFO - ^^^^^^^^^^^^^^^^^^^^^^^^^^^^^^^^^^^^^^^^^^^^
[2025-04-18T09:30:32.923+0000] {spark_submit.py:645} INFO - File "/opt/airflow/jobs/bronze_incremental_load.py", line 45, in read_upsert
[2025-04-18T09:30:32.925+0000] {spark_submit.py:645} INFO - sink_df = SPARK.sql(f"SELECT * FROM {DATABASE_NAME}.{sink_table}")
[2025-04-18T09:30:32.925+0000] {spark_submit.py:645} INFO - ^^^^^^^^^^^^^^^^^^^^^^^^^^^^^^^^^^^^^^^^^^^^^^^^^^^^^^^^
[2025-04-18T09:30:32.925+0000] {spark_submit.py:645} INFO - File "/home/airflow/.local/lib/python3.12/site-packages/pyspark/python/lib/pyspark.zip/pyspark/sql/session.py", line 1631, in sql
[2025-04-18T09:30:32.926+0000] {spark_submit.py:645} INFO - File "/home/airflow/.local/lib/python3.12/site-packages/pyspark/python/lib/py4j-0.10.9.7-src.zip/py4j/java_gateway.py", line 1322, in __call__
[2025-04-18T09:30:32.927+0000] {spark_submit.py:645} INFO - File "/home/airflow/.local/lib/python3.12/site-packages/pyspark/python/lib/pyspark.zip/pyspark/errors/exceptions/captured.py", line 185, in deco
[2025-04-18T09:30:33.201+0000] {spark_submit.py:645} INFO - pyspark.errors.exceptions.captured.AnalysisException: [TABLE_OR_VIEW_NOT_FOUND] The table or view `spark_catalog`.`default`.`brz_films` cannot be found. Verify the spelling and correctness of the schema and catalog.
[2025-04-18T09:30:33.202+0000] {spark_submit.py:645} INFO - If you did not qualify the name with a schema, verify the current_schema() output, or qualify the name with the correct schema and catalog.
[2025-04-18T09:30:33.203+0000] {spark_submit.py:645} INFO - To tolerate the error on drop use DROP VIEW IF EXISTS or DROP TABLE IF EXISTS.; line 1 pos 14;
[2025-04-18T09:30:33.203+0000] {spark_submit.py:645} INFO - 'Project [*]
[2025-04-18T09:30:33.204+0000] {spark_submit.py:645} INFO - +- 'UnresolvedRelation [spark_catalog, default, brz_films], [], false
[2025-04-18T09:30:33.204+0000] {spark_submit.py:645} INFO - 
[2025-04-18T09:30:33.305+0000] {spark_submit.py:645} INFO - 25/04/18 09:30:33 INFO SparkContext: Invoking stop() from shutdown hook
[2025-04-18T09:30:33.306+0000] {spark_submit.py:645} INFO - 25/04/18 09:30:33 INFO SparkContext: SparkContext is stopping with exitCode 0.
[2025-04-18T09:30:33.317+0000] {spark_submit.py:645} INFO - 25/04/18 09:30:33 INFO SparkUI: Stopped Spark web UI at http://4157b7102f42:4040
[2025-04-18T09:30:33.359+0000] {spark_submit.py:645} INFO - 25/04/18 09:30:33 INFO StandaloneSchedulerBackend: Shutting down all executors
[2025-04-18T09:30:33.362+0000] {spark_submit.py:645} INFO - 25/04/18 09:30:33 INFO StandaloneSchedulerBackend$StandaloneDriverEndpoint: Asking each executor to shut down
[2025-04-18T09:30:33.374+0000] {spark_submit.py:645} INFO - 25/04/18 09:30:33 INFO MapOutputTrackerMasterEndpoint: MapOutputTrackerMasterEndpoint stopped!
[2025-04-18T09:30:33.575+0000] {spark_submit.py:645} INFO - 25/04/18 09:30:33 INFO MemoryStore: MemoryStore cleared
[2025-04-18T09:30:33.576+0000] {spark_submit.py:645} INFO - 25/04/18 09:30:33 INFO BlockManager: BlockManager stopped
[2025-04-18T09:30:33.580+0000] {spark_submit.py:645} INFO - 25/04/18 09:30:33 INFO BlockManagerMaster: BlockManagerMaster stopped
[2025-04-18T09:30:33.583+0000] {spark_submit.py:645} INFO - 25/04/18 09:30:33 INFO OutputCommitCoordinator$OutputCommitCoordinatorEndpoint: OutputCommitCoordinator stopped!
[2025-04-18T09:30:33.622+0000] {spark_submit.py:645} INFO - 25/04/18 09:30:33 INFO SparkContext: Successfully stopped SparkContext
[2025-04-18T09:30:33.623+0000] {spark_submit.py:645} INFO - 25/04/18 09:30:33 INFO ShutdownHookManager: Shutdown hook called
[2025-04-18T09:30:33.623+0000] {spark_submit.py:645} INFO - 25/04/18 09:30:33 INFO ShutdownHookManager: Deleting directory /tmp/spark-2f1aba86-e56c-4aa5-851b-fddbcee5addc
[2025-04-18T09:30:33.626+0000] {spark_submit.py:645} INFO - 25/04/18 09:30:33 INFO ShutdownHookManager: Deleting directory /tmp/spark-69f3b8fa-2823-447d-970c-7d60564ada71
[2025-04-18T09:30:33.630+0000] {spark_submit.py:645} INFO - 25/04/18 09:30:33 INFO ShutdownHookManager: Deleting directory /tmp/spark-69f3b8fa-2823-447d-970c-7d60564ada71/pyspark-493ca5d9-4fae-48b3-8ed9-fa7eba97d9ac
[2025-04-18T09:30:33.765+0000] {taskinstance.py:441} INFO - ::group::Post task execution logs
[2025-04-18T09:30:33.771+0000] {taskinstance.py:2905} ERROR - Task failed with exception
Traceback (most recent call last):
  File "/home/airflow/.local/lib/python3.12/site-packages/airflow/models/taskinstance.py", line 465, in _execute_task
    result = _execute_callable(context=context, **execute_callable_kwargs)
             ^^^^^^^^^^^^^^^^^^^^^^^^^^^^^^^^^^^^^^^^^^^^^^^^^^^^^^^^^^^^^
  File "/home/airflow/.local/lib/python3.12/site-packages/airflow/models/taskinstance.py", line 432, in _execute_callable
    return execute_callable(context=context, **execute_callable_kwargs)
           ^^^^^^^^^^^^^^^^^^^^^^^^^^^^^^^^^^^^^^^^^^^^^^^^^^^^^^^^^^^^
  File "/home/airflow/.local/lib/python3.12/site-packages/airflow/models/baseoperator.py", line 401, in wrapper
    return func(self, *args, **kwargs)
           ^^^^^^^^^^^^^^^^^^^^^^^^^^^
  File "/home/airflow/.local/lib/python3.12/site-packages/airflow/providers/apache/spark/operators/spark_submit.py", line 197, in execute
    self._hook.submit(self.application)
  File "/home/airflow/.local/lib/python3.12/site-packages/airflow/providers/apache/spark/hooks/spark_submit.py", line 567, in submit
    raise AirflowException(
airflow.exceptions.AirflowException: Cannot execute: spark-submit --master spark://spark-master:7077 --name bronze_incremental_load --deploy-mode client jobs/bronze_incremental_load.py. Error code is: 1.
[2025-04-18T09:30:34.497+0000] {taskinstance.py:1206} INFO - Marking task as FAILED. dag_id=daily_dag, task_id=bronze_incremental_load, run_id=scheduled__2025-04-17T00:00:00+00:00, execution_date=20250417T000000, start_date=20250418T093021, end_date=20250418T093034
[2025-04-18T09:30:35.799+0000] {standard_task_runner.py:110} ERROR - Failed to execute job 10 for task bronze_incremental_load (Cannot execute: spark-submit --master spark://spark-master:7077 --name bronze_incremental_load --deploy-mode client jobs/bronze_incremental_load.py. Error code is: 1.; 1909)
[2025-04-18T09:30:35.824+0000] {local_task_job_runner.py:243} INFO - Task exited with return code 1
[2025-04-18T09:30:35.834+0000] {taskinstance.py:3503} INFO - 0 downstream tasks scheduled from follow-on schedule check
[2025-04-18T09:30:35.835+0000] {local_task_job_runner.py:222} INFO - ::endgroup::
