[2025-04-18T09:25:05.721+0000] {local_task_job_runner.py:120} INFO - ::group::Pre task execution logs
[2025-04-18T09:25:05.762+0000] {taskinstance.py:2076} INFO - Dependencies all met for dep_context=non-requeueable deps ti=<TaskInstance: daily_dag.bronze_incremental_load scheduled__2025-04-17T00:00:00+00:00 [queued]>
[2025-04-18T09:25:05.771+0000] {taskinstance.py:2076} INFO - Dependencies all met for dep_context=requeueable deps ti=<TaskInstance: daily_dag.bronze_incremental_load scheduled__2025-04-17T00:00:00+00:00 [queued]>
[2025-04-18T09:25:05.777+0000] {taskinstance.py:2306} INFO - Starting attempt 1 of 2
[2025-04-18T09:25:06.291+0000] {taskinstance.py:2330} INFO - Executing <Task(SparkSubmitOperator): bronze_incremental_load> on 2025-04-17 00:00:00+00:00
[2025-04-18T09:25:06.297+0000] {standard_task_runner.py:90} INFO - Running: ['airflow', 'tasks', 'run', 'daily_dag', 'bronze_incremental_load', 'scheduled__2025-04-17T00:00:00+00:00', '--job-id', '8', '--raw', '--subdir', 'DAGS_FOLDER/daily_dag.py', '--cfg-path', '/tmp/tmpju62y1pc']
[2025-04-18T09:25:06.300+0000] {standard_task_runner.py:91} INFO - Job 8: Subtask bronze_incremental_load
[2025-04-18T09:25:06.300+0000] {logging_mixin.py:188} WARNING - /home/airflow/.local/lib/python3.12/site-packages/airflow/task/task_runner/standard_task_runner.py:62 DeprecationWarning: This process (pid=1386) is multi-threaded, use of fork() may lead to deadlocks in the child.
[2025-04-18T09:25:06.301+0000] {standard_task_runner.py:64} INFO - Started process 1388 to run task
[2025-04-18T09:25:06.573+0000] {task_command.py:426} INFO - Running <TaskInstance: daily_dag.bronze_incremental_load scheduled__2025-04-17T00:00:00+00:00 [running]> on host 4157b7102f42
[2025-04-18T09:25:07.236+0000] {taskinstance.py:2648} INFO - Exporting env vars: AIRFLOW_CTX_DAG_OWNER='airflow' AIRFLOW_CTX_DAG_ID='daily_dag' AIRFLOW_CTX_TASK_ID='bronze_incremental_load' AIRFLOW_CTX_EXECUTION_DATE='2025-04-17T00:00:00+00:00' AIRFLOW_CTX_TRY_NUMBER='1' AIRFLOW_CTX_DAG_RUN_ID='scheduled__2025-04-17T00:00:00+00:00'
[2025-04-18T09:25:07.237+0000] {taskinstance.py:430} INFO - ::endgroup::
[2025-04-18T09:25:07.259+0000] {base.py:84} INFO - Using connection ID 'spark-conn' for task execution.
[2025-04-18T09:25:07.260+0000] {spark_submit.py:474} INFO - Spark-Submit cmd: spark-submit --master spark://spark-master:7077 --name bronze_incremental_load --deploy-mode client jobs/bronze_incremental_load.py
[2025-04-18T09:25:12.868+0000] {spark_submit.py:645} INFO - 25/04/18 09:25:12 INFO SparkContext: Running Spark version 3.5.5
[2025-04-18T09:25:12.870+0000] {spark_submit.py:645} INFO - 25/04/18 09:25:12 INFO SparkContext: OS info Linux, 5.15.167.4-microsoft-standard-WSL2, amd64
[2025-04-18T09:25:12.871+0000] {spark_submit.py:645} INFO - 25/04/18 09:25:12 INFO SparkContext: Java version 17.0.14
[2025-04-18T09:25:12.937+0000] {spark_submit.py:645} INFO - 25/04/18 09:25:12 WARN NativeCodeLoader: Unable to load native-hadoop library for your platform... using builtin-java classes where applicable
[2025-04-18T09:25:13.042+0000] {spark_submit.py:645} INFO - 25/04/18 09:25:13 INFO ResourceUtils: ==============================================================
[2025-04-18T09:25:13.043+0000] {spark_submit.py:645} INFO - 25/04/18 09:25:13 INFO ResourceUtils: No custom resources configured for spark.driver.
[2025-04-18T09:25:13.044+0000] {spark_submit.py:645} INFO - 25/04/18 09:25:13 INFO ResourceUtils: ==============================================================
[2025-04-18T09:25:13.045+0000] {spark_submit.py:645} INFO - 25/04/18 09:25:13 INFO SparkContext: Submitted application: SpakApp
[2025-04-18T09:25:13.071+0000] {spark_submit.py:645} INFO - 25/04/18 09:25:13 INFO ResourceProfile: Default ResourceProfile created, executor resources: Map(memory -> name: memory, amount: 1024, script: , vendor: , offHeap -> name: offHeap, amount: 0, script: , vendor: ), task resources: Map(cpus -> name: cpus, amount: 1.0)
[2025-04-18T09:25:13.078+0000] {spark_submit.py:645} INFO - 25/04/18 09:25:13 INFO ResourceProfile: Limiting resource is cpu
[2025-04-18T09:25:13.081+0000] {spark_submit.py:645} INFO - 25/04/18 09:25:13 INFO ResourceProfileManager: Added ResourceProfile id: 0
[2025-04-18T09:25:13.143+0000] {spark_submit.py:645} INFO - 25/04/18 09:25:13 INFO SecurityManager: Changing view acls to: default
[2025-04-18T09:25:13.145+0000] {spark_submit.py:645} INFO - 25/04/18 09:25:13 INFO SecurityManager: Changing modify acls to: default
[2025-04-18T09:25:13.149+0000] {spark_submit.py:645} INFO - 25/04/18 09:25:13 INFO SecurityManager: Changing view acls groups to:
[2025-04-18T09:25:13.151+0000] {spark_submit.py:645} INFO - 25/04/18 09:25:13 INFO SecurityManager: Changing modify acls groups to:
[2025-04-18T09:25:13.153+0000] {spark_submit.py:645} INFO - 25/04/18 09:25:13 INFO SecurityManager: SecurityManager: authentication disabled; ui acls disabled; users with view permissions: default; groups with view permissions: EMPTY; users with modify permissions: default; groups with modify permissions: EMPTY
[2025-04-18T09:25:13.555+0000] {spark_submit.py:645} INFO - 25/04/18 09:25:13 INFO Utils: Successfully started service 'sparkDriver' on port 36583.
[2025-04-18T09:25:13.635+0000] {spark_submit.py:645} INFO - 25/04/18 09:25:13 INFO SparkEnv: Registering MapOutputTracker
[2025-04-18T09:25:13.711+0000] {spark_submit.py:645} INFO - 25/04/18 09:25:13 INFO SparkEnv: Registering BlockManagerMaster
[2025-04-18T09:25:13.774+0000] {spark_submit.py:645} INFO - 25/04/18 09:25:13 INFO BlockManagerMasterEndpoint: Using org.apache.spark.storage.DefaultTopologyMapper for getting topology information
[2025-04-18T09:25:13.776+0000] {spark_submit.py:645} INFO - 25/04/18 09:25:13 INFO BlockManagerMasterEndpoint: BlockManagerMasterEndpoint up
[2025-04-18T09:25:13.790+0000] {spark_submit.py:645} INFO - 25/04/18 09:25:13 INFO SparkEnv: Registering BlockManagerMasterHeartbeat
[2025-04-18T09:25:13.833+0000] {spark_submit.py:645} INFO - 25/04/18 09:25:13 INFO DiskBlockManager: Created local directory at /tmp/blockmgr-22b01ca6-f658-4411-827f-268f6bd77b7b
[2025-04-18T09:25:13.859+0000] {spark_submit.py:645} INFO - 25/04/18 09:25:13 INFO MemoryStore: MemoryStore started with capacity 434.4 MiB
[2025-04-18T09:25:13.889+0000] {spark_submit.py:645} INFO - 25/04/18 09:25:13 INFO SparkEnv: Registering OutputCommitCoordinator
[2025-04-18T09:25:14.064+0000] {spark_submit.py:645} INFO - 25/04/18 09:25:14 INFO JettyUtils: Start Jetty 0.0.0.0:4040 for SparkUI
[2025-04-18T09:25:14.121+0000] {spark_submit.py:645} INFO - 25/04/18 09:25:14 INFO Utils: Successfully started service 'SparkUI' on port 4040.
[2025-04-18T09:25:14.266+0000] {spark_submit.py:645} INFO - 25/04/18 09:25:14 INFO StandaloneAppClient$ClientEndpoint: Connecting to master spark://spark-master:7077...
[2025-04-18T09:25:14.315+0000] {spark_submit.py:645} INFO - 25/04/18 09:25:14 INFO TransportClientFactory: Successfully created connection to spark-master/172.18.0.5:7077 after 24 ms (0 ms spent in bootstraps)
[2025-04-18T09:25:14.450+0000] {spark_submit.py:645} INFO - 25/04/18 09:25:14 INFO StandaloneSchedulerBackend: Connected to Spark cluster with app ID app-20250418092514-0001
[2025-04-18T09:25:14.458+0000] {spark_submit.py:645} INFO - 25/04/18 09:25:14 INFO Utils: Successfully started service 'org.apache.spark.network.netty.NettyBlockTransferService' on port 43065.
[2025-04-18T09:25:14.459+0000] {spark_submit.py:645} INFO - 25/04/18 09:25:14 INFO NettyBlockTransferService: Server created on 4157b7102f42:43065
[2025-04-18T09:25:14.463+0000] {spark_submit.py:645} INFO - 25/04/18 09:25:14 INFO BlockManager: Using org.apache.spark.storage.RandomBlockReplicationPolicy for block replication policy
[2025-04-18T09:25:14.465+0000] {spark_submit.py:645} INFO - 25/04/18 09:25:14 INFO StandaloneAppClient$ClientEndpoint: Executor added: app-20250418092514-0001/0 on worker-20250418084743-172.18.0.7-35043 (172.18.0.7:35043) with 4 core(s)
[2025-04-18T09:25:14.469+0000] {spark_submit.py:645} INFO - 25/04/18 09:25:14 INFO StandaloneSchedulerBackend: Granted executor ID app-20250418092514-0001/0 on hostPort 172.18.0.7:35043 with 4 core(s), 1024.0 MiB RAM
[2025-04-18T09:25:14.472+0000] {spark_submit.py:645} INFO - 25/04/18 09:25:14 INFO BlockManagerMaster: Registering BlockManager BlockManagerId(driver, 4157b7102f42, 43065, None)
[2025-04-18T09:25:14.475+0000] {spark_submit.py:645} INFO - 25/04/18 09:25:14 INFO BlockManagerMasterEndpoint: Registering block manager 4157b7102f42:43065 with 434.4 MiB RAM, BlockManagerId(driver, 4157b7102f42, 43065, None)
[2025-04-18T09:25:14.478+0000] {spark_submit.py:645} INFO - 25/04/18 09:25:14 INFO BlockManagerMaster: Registered BlockManager BlockManagerId(driver, 4157b7102f42, 43065, None)
[2025-04-18T09:25:14.480+0000] {spark_submit.py:645} INFO - 25/04/18 09:25:14 INFO BlockManager: Initialized BlockManager: BlockManagerId(driver, 4157b7102f42, 43065, None)
[2025-04-18T09:25:14.664+0000] {spark_submit.py:645} INFO - 25/04/18 09:25:14 INFO StandaloneAppClient$ClientEndpoint: Executor updated: app-20250418092514-0001/0 is now RUNNING
[2025-04-18T09:25:14.710+0000] {spark_submit.py:645} INFO - 25/04/18 09:25:14 INFO StandaloneSchedulerBackend: SchedulerBackend is ready for scheduling beginning after reached minRegisteredResourcesRatio: 0.0
[2025-04-18T09:25:14.924+0000] {spark_submit.py:645} INFO - ===== MERGING TABLE brz_films =====
[2025-04-18T09:25:15.041+0000] {spark_submit.py:645} INFO - 25/04/18 09:25:15 INFO SharedState: Setting hive.metastore.warehouse.dir ('null') to the value of spark.sql.warehouse.dir.
[2025-04-18T09:25:15.061+0000] {spark_submit.py:645} INFO - 25/04/18 09:25:15 INFO SharedState: Warehouse path is 'file:/opt/airflow/spark-warehouse'.
[2025-04-18T09:25:17.985+0000] {spark_submit.py:645} INFO - 25/04/18 09:25:17 INFO StandaloneSchedulerBackend$StandaloneDriverEndpoint: Registered executor NettyRpcEndpointRef(spark-client://Executor) (172.18.0.7:46212) with ID 0,  ResourceProfileId 0
[2025-04-18T09:25:18.143+0000] {spark_submit.py:645} INFO - 25/04/18 09:25:18 INFO BlockManagerMasterEndpoint: Registering block manager 172.18.0.7:45149 with 434.4 MiB RAM, BlockManagerId(0, 172.18.0.7, 45149, None)
[2025-04-18T09:25:18.749+0000] {spark_submit.py:645} INFO - Traceback (most recent call last):
[2025-04-18T09:25:18.749+0000] {spark_submit.py:645} INFO - File "/opt/airflow/jobs/bronze_incremental_load.py", line 136, in <module>
[2025-04-18T09:25:18.752+0000] {spark_submit.py:645} INFO - main()
[2025-04-18T09:25:18.753+0000] {spark_submit.py:645} INFO - File "/opt/airflow/jobs/bronze_incremental_load.py", line 117, in main
[2025-04-18T09:25:18.754+0000] {spark_submit.py:645} INFO - processed_df = read_upsert(topic, table, TABLE_KEYS[table])
[2025-04-18T09:25:18.754+0000] {spark_submit.py:645} INFO - ^^^^^^^^^^^^^^^^^^^^^^^^^^^^^^^^^^^^^^^^^^^^
[2025-04-18T09:25:18.755+0000] {spark_submit.py:645} INFO - File "/opt/airflow/jobs/bronze_incremental_load.py", line 45, in read_upsert
[2025-04-18T09:25:18.755+0000] {spark_submit.py:645} INFO - sink_df = SPARK.sql(f"SELECT * FROM {DATABASE_NAME}.{sink_table}")
[2025-04-18T09:25:18.756+0000] {spark_submit.py:645} INFO - ^^^^^^^^^^^^^^^^^^^^^^^^^^^^^^^^^^^^^^^^^^^^^^^^^^^^^^^^
[2025-04-18T09:25:18.756+0000] {spark_submit.py:645} INFO - File "/home/airflow/.local/lib/python3.12/site-packages/pyspark/python/lib/pyspark.zip/pyspark/sql/session.py", line 1631, in sql
[2025-04-18T09:25:18.757+0000] {spark_submit.py:645} INFO - File "/home/airflow/.local/lib/python3.12/site-packages/pyspark/python/lib/py4j-0.10.9.7-src.zip/py4j/java_gateway.py", line 1322, in __call__
[2025-04-18T09:25:18.757+0000] {spark_submit.py:645} INFO - File "/home/airflow/.local/lib/python3.12/site-packages/pyspark/python/lib/pyspark.zip/pyspark/errors/exceptions/captured.py", line 185, in deco
[2025-04-18T09:25:18.763+0000] {spark_submit.py:645} INFO - pyspark.errors.exceptions.captured.AnalysisException: [TABLE_OR_VIEW_NOT_FOUND] The table or view `spark_catalog`.`default`.`brz_films` cannot be found. Verify the spelling and correctness of the schema and catalog.
[2025-04-18T09:25:18.764+0000] {spark_submit.py:645} INFO - If you did not qualify the name with a schema, verify the current_schema() output, or qualify the name with the correct schema and catalog.
[2025-04-18T09:25:18.765+0000] {spark_submit.py:645} INFO - To tolerate the error on drop use DROP VIEW IF EXISTS or DROP TABLE IF EXISTS.; line 1 pos 14;
[2025-04-18T09:25:18.765+0000] {spark_submit.py:645} INFO - 'Project [*]
[2025-04-18T09:25:18.766+0000] {spark_submit.py:645} INFO - +- 'UnresolvedRelation [spark_catalog, default, brz_films], [], false
[2025-04-18T09:25:18.766+0000] {spark_submit.py:645} INFO - 
[2025-04-18T09:25:18.856+0000] {spark_submit.py:645} INFO - 25/04/18 09:25:18 INFO SparkContext: Invoking stop() from shutdown hook
[2025-04-18T09:25:18.858+0000] {spark_submit.py:645} INFO - 25/04/18 09:25:18 INFO SparkContext: SparkContext is stopping with exitCode 0.
[2025-04-18T09:25:18.868+0000] {spark_submit.py:645} INFO - 25/04/18 09:25:18 INFO SparkUI: Stopped Spark web UI at http://4157b7102f42:4040
[2025-04-18T09:25:18.871+0000] {spark_submit.py:645} INFO - 25/04/18 09:25:18 INFO StandaloneSchedulerBackend: Shutting down all executors
[2025-04-18T09:25:18.872+0000] {spark_submit.py:645} INFO - 25/04/18 09:25:18 INFO StandaloneSchedulerBackend$StandaloneDriverEndpoint: Asking each executor to shut down
[2025-04-18T09:25:18.892+0000] {spark_submit.py:645} INFO - 25/04/18 09:25:18 INFO MapOutputTrackerMasterEndpoint: MapOutputTrackerMasterEndpoint stopped!
[2025-04-18T09:25:18.913+0000] {spark_submit.py:645} INFO - 25/04/18 09:25:18 INFO MemoryStore: MemoryStore cleared
[2025-04-18T09:25:18.914+0000] {spark_submit.py:645} INFO - 25/04/18 09:25:18 INFO BlockManager: BlockManager stopped
[2025-04-18T09:25:18.921+0000] {spark_submit.py:645} INFO - 25/04/18 09:25:18 INFO BlockManagerMaster: BlockManagerMaster stopped
[2025-04-18T09:25:18.924+0000] {spark_submit.py:645} INFO - 25/04/18 09:25:18 INFO OutputCommitCoordinator$OutputCommitCoordinatorEndpoint: OutputCommitCoordinator stopped!
[2025-04-18T09:25:18.934+0000] {spark_submit.py:645} INFO - 25/04/18 09:25:18 INFO SparkContext: Successfully stopped SparkContext
[2025-04-18T09:25:18.935+0000] {spark_submit.py:645} INFO - 25/04/18 09:25:18 INFO ShutdownHookManager: Shutdown hook called
[2025-04-18T09:25:18.936+0000] {spark_submit.py:645} INFO - 25/04/18 09:25:18 INFO ShutdownHookManager: Deleting directory /tmp/spark-b8838b40-7e36-4d0e-a07a-42aa40b1213a
[2025-04-18T09:25:18.939+0000] {spark_submit.py:645} INFO - 25/04/18 09:25:18 INFO ShutdownHookManager: Deleting directory /tmp/spark-39776e29-7d7d-46e8-8500-a68180b86025
[2025-04-18T09:25:18.946+0000] {spark_submit.py:645} INFO - 25/04/18 09:25:18 INFO ShutdownHookManager: Deleting directory /tmp/spark-b8838b40-7e36-4d0e-a07a-42aa40b1213a/pyspark-039fba6a-0090-4a63-9c06-44a1f5d5ed96
[2025-04-18T09:25:18.979+0000] {taskinstance.py:441} INFO - ::group::Post task execution logs
[2025-04-18T09:25:18.985+0000] {taskinstance.py:2905} ERROR - Task failed with exception
Traceback (most recent call last):
  File "/home/airflow/.local/lib/python3.12/site-packages/airflow/models/taskinstance.py", line 465, in _execute_task
    result = _execute_callable(context=context, **execute_callable_kwargs)
             ^^^^^^^^^^^^^^^^^^^^^^^^^^^^^^^^^^^^^^^^^^^^^^^^^^^^^^^^^^^^^
  File "/home/airflow/.local/lib/python3.12/site-packages/airflow/models/taskinstance.py", line 432, in _execute_callable
    return execute_callable(context=context, **execute_callable_kwargs)
           ^^^^^^^^^^^^^^^^^^^^^^^^^^^^^^^^^^^^^^^^^^^^^^^^^^^^^^^^^^^^
  File "/home/airflow/.local/lib/python3.12/site-packages/airflow/models/baseoperator.py", line 401, in wrapper
    return func(self, *args, **kwargs)
           ^^^^^^^^^^^^^^^^^^^^^^^^^^^
  File "/home/airflow/.local/lib/python3.12/site-packages/airflow/providers/apache/spark/operators/spark_submit.py", line 197, in execute
    self._hook.submit(self.application)
  File "/home/airflow/.local/lib/python3.12/site-packages/airflow/providers/apache/spark/hooks/spark_submit.py", line 567, in submit
    raise AirflowException(
airflow.exceptions.AirflowException: Cannot execute: spark-submit --master spark://spark-master:7077 --name bronze_incremental_load --deploy-mode client jobs/bronze_incremental_load.py. Error code is: 1.
[2025-04-18T09:25:18.991+0000] {taskinstance.py:1206} INFO - Marking task as UP_FOR_RETRY. dag_id=daily_dag, task_id=bronze_incremental_load, run_id=scheduled__2025-04-17T00:00:00+00:00, execution_date=20250417T000000, start_date=20250418T092505, end_date=20250418T092518
[2025-04-18T09:25:19.757+0000] {standard_task_runner.py:110} ERROR - Failed to execute job 8 for task bronze_incremental_load (Cannot execute: spark-submit --master spark://spark-master:7077 --name bronze_incremental_load --deploy-mode client jobs/bronze_incremental_load.py. Error code is: 1.; 1388)
[2025-04-18T09:25:19.802+0000] {local_task_job_runner.py:243} INFO - Task exited with return code 1
[2025-04-18T09:25:19.811+0000] {taskinstance.py:3503} INFO - 0 downstream tasks scheduled from follow-on schedule check
[2025-04-18T09:25:19.812+0000] {local_task_job_runner.py:222} INFO - ::endgroup::
