[2025-04-18T09:39:05.454+0000] {local_task_job_runner.py:120} INFO - ::group::Pre task execution logs
[2025-04-18T09:39:05.898+0000] {taskinstance.py:2076} INFO - Dependencies all met for dep_context=non-requeueable deps ti=<TaskInstance: daily_dag.bronze_incremental_load manual__2025-04-18T09:37:38.236464+00:00 [queued]>
[2025-04-18T09:39:05.907+0000] {taskinstance.py:2076} INFO - Dependencies all met for dep_context=requeueable deps ti=<TaskInstance: daily_dag.bronze_incremental_load manual__2025-04-18T09:37:38.236464+00:00 [queued]>
[2025-04-18T09:39:05.908+0000] {taskinstance.py:2306} INFO - Starting attempt 2 of 3
[2025-04-18T09:39:06.127+0000] {taskinstance.py:2330} INFO - Executing <Task(SparkSubmitOperator): bronze_incremental_load> on 2025-04-18 09:37:38.236464+00:00
[2025-04-18T09:39:06.132+0000] {standard_task_runner.py:90} INFO - Running: ['airflow', 'tasks', 'run', 'daily_dag', 'bronze_incremental_load', 'manual__2025-04-18T09:37:38.236464+00:00', '--job-id', '13', '--raw', '--subdir', 'DAGS_FOLDER/daily_dag.py', '--cfg-path', '/tmp/tmpy_hf7vi0']
[2025-04-18T09:39:06.134+0000] {standard_task_runner.py:91} INFO - Job 13: Subtask bronze_incremental_load
[2025-04-18T09:39:06.211+0000] {logging_mixin.py:188} WARNING - /home/airflow/.local/lib/python3.12/site-packages/airflow/task/task_runner/standard_task_runner.py:62 DeprecationWarning: This process (pid=2586) is multi-threaded, use of fork() may lead to deadlocks in the child.
[2025-04-18T09:39:06.212+0000] {standard_task_runner.py:64} INFO - Started process 2587 to run task
[2025-04-18T09:39:06.311+0000] {task_command.py:426} INFO - Running <TaskInstance: daily_dag.bronze_incremental_load manual__2025-04-18T09:37:38.236464+00:00 [running]> on host 4157b7102f42
[2025-04-18T09:39:06.731+0000] {taskinstance.py:2648} INFO - Exporting env vars: AIRFLOW_CTX_DAG_OWNER='airflow' AIRFLOW_CTX_DAG_ID='daily_dag' AIRFLOW_CTX_TASK_ID='bronze_incremental_load' AIRFLOW_CTX_EXECUTION_DATE='2025-04-18T09:37:38.236464+00:00' AIRFLOW_CTX_TRY_NUMBER='2' AIRFLOW_CTX_DAG_RUN_ID='manual__2025-04-18T09:37:38.236464+00:00'
[2025-04-18T09:39:06.732+0000] {taskinstance.py:430} INFO - ::endgroup::
[2025-04-18T09:39:06.772+0000] {base.py:84} INFO - Using connection ID 'spark-conn' for task execution.
[2025-04-18T09:39:06.773+0000] {spark_submit.py:474} INFO - Spark-Submit cmd: spark-submit --master spark://spark-master:7077 --packages org.apache.iceberg:iceberg-spark-runtime-3.4_2.12:1.3.0 --name bronze_incremental_load --deploy-mode client jobs/bronze_incremental_load.py
[2025-04-18T09:39:08.368+0000] {spark_submit.py:645} INFO - :: loading settings :: url = jar:file:/home/airflow/.local/lib/python3.12/site-packages/pyspark/jars/ivy-2.5.1.jar!/org/apache/ivy/core/settings/ivysettings.xml
[2025-04-18T09:39:08.420+0000] {spark_submit.py:645} INFO - Ivy Default Cache set to: /home/airflow/.ivy2/cache
[2025-04-18T09:39:08.421+0000] {spark_submit.py:645} INFO - The jars for the packages stored in: /home/airflow/.ivy2/jars
[2025-04-18T09:39:08.424+0000] {spark_submit.py:645} INFO - org.apache.iceberg#iceberg-spark-runtime-3.4_2.12 added as a dependency
[2025-04-18T09:39:08.425+0000] {spark_submit.py:645} INFO - :: resolving dependencies :: org.apache.spark#spark-submit-parent-37ae098a-4c6f-4143-85a3-a59c2d946487;1.0
[2025-04-18T09:39:08.425+0000] {spark_submit.py:645} INFO - confs: [default]
[2025-04-18T09:39:09.018+0000] {spark_submit.py:645} INFO - found org.apache.iceberg#iceberg-spark-runtime-3.4_2.12;1.3.0 in central
[2025-04-18T09:39:11.181+0000] {spark_submit.py:645} INFO - downloading https://repo1.maven.org/maven2/org/apache/iceberg/iceberg-spark-runtime-3.4_2.12/1.3.0/iceberg-spark-runtime-3.4_2.12-1.3.0.jar ...
[2025-04-18T09:49:25.301+0000] {spark_submit.py:645} INFO - [SUCCESSFUL ] org.apache.iceberg#iceberg-spark-runtime-3.4_2.12;1.3.0!iceberg-spark-runtime-3.4_2.12.jar (616274ms)
[2025-04-18T09:49:25.302+0000] {spark_submit.py:645} INFO - :: resolution report :: resolve 601ms :: artifacts dl 616277ms
[2025-04-18T09:49:25.303+0000] {spark_submit.py:645} INFO - :: modules in use:
[2025-04-18T09:49:25.303+0000] {spark_submit.py:645} INFO - org.apache.iceberg#iceberg-spark-runtime-3.4_2.12;1.3.0 from central in [default]
[2025-04-18T09:49:25.304+0000] {spark_submit.py:645} INFO - ---------------------------------------------------------------------
[2025-04-18T09:49:25.305+0000] {spark_submit.py:645} INFO - |                  |            modules            ||   artifacts   |
[2025-04-18T09:49:25.305+0000] {spark_submit.py:645} INFO - |       conf       | number| search|dwnlded|evicted|| number|dwnlded|
[2025-04-18T09:49:25.305+0000] {spark_submit.py:645} INFO - ---------------------------------------------------------------------
[2025-04-18T09:49:25.306+0000] {spark_submit.py:645} INFO - |      default     |   1   |   0   |   0   |   0   ||   1   |   1   |
[2025-04-18T09:49:25.306+0000] {spark_submit.py:645} INFO - ---------------------------------------------------------------------
[2025-04-18T09:49:25.314+0000] {spark_submit.py:645} INFO - :: retrieving :: org.apache.spark#spark-submit-parent-37ae098a-4c6f-4143-85a3-a59c2d946487
[2025-04-18T09:49:25.315+0000] {spark_submit.py:645} INFO - confs: [default]
[2025-04-18T09:49:25.357+0000] {spark_submit.py:645} INFO - 1 artifacts copied, 0 already retrieved (27866kB/43ms)
[2025-04-18T09:49:26.094+0000] {spark_submit.py:645} INFO - 25/04/18 09:49:26 WARN NativeCodeLoader: Unable to load native-hadoop library for your platform... using builtin-java classes where applicable
[2025-04-18T09:49:28.651+0000] {spark_submit.py:645} INFO - 25/04/18 09:49:28 INFO SparkContext: Running Spark version 3.5.5
[2025-04-18T09:49:28.651+0000] {spark_submit.py:645} INFO - 25/04/18 09:49:28 INFO SparkContext: OS info Linux, 5.15.167.4-microsoft-standard-WSL2, amd64
[2025-04-18T09:49:28.652+0000] {spark_submit.py:645} INFO - 25/04/18 09:49:28 INFO SparkContext: Java version 17.0.14
[2025-04-18T09:49:28.727+0000] {spark_submit.py:645} INFO - 25/04/18 09:49:28 INFO ResourceUtils: ==============================================================
[2025-04-18T09:49:28.727+0000] {spark_submit.py:645} INFO - 25/04/18 09:49:28 INFO ResourceUtils: No custom resources configured for spark.driver.
[2025-04-18T09:49:28.728+0000] {spark_submit.py:645} INFO - 25/04/18 09:49:28 INFO ResourceUtils: ==============================================================
[2025-04-18T09:49:28.728+0000] {spark_submit.py:645} INFO - 25/04/18 09:49:28 INFO SparkContext: Submitted application: SpakApp
[2025-04-18T09:49:28.744+0000] {spark_submit.py:645} INFO - 25/04/18 09:49:28 INFO ResourceProfile: Default ResourceProfile created, executor resources: Map(memory -> name: memory, amount: 1024, script: , vendor: , offHeap -> name: offHeap, amount: 0, script: , vendor: ), task resources: Map(cpus -> name: cpus, amount: 1.0)
[2025-04-18T09:49:28.751+0000] {spark_submit.py:645} INFO - 25/04/18 09:49:28 INFO ResourceProfile: Limiting resource is cpu
[2025-04-18T09:49:28.752+0000] {spark_submit.py:645} INFO - 25/04/18 09:49:28 INFO ResourceProfileManager: Added ResourceProfile id: 0
[2025-04-18T09:49:28.808+0000] {spark_submit.py:645} INFO - 25/04/18 09:49:28 INFO SecurityManager: Changing view acls to: default
[2025-04-18T09:49:28.809+0000] {spark_submit.py:645} INFO - 25/04/18 09:49:28 INFO SecurityManager: Changing modify acls to: default
[2025-04-18T09:49:28.809+0000] {spark_submit.py:645} INFO - 25/04/18 09:49:28 INFO SecurityManager: Changing view acls groups to:
[2025-04-18T09:49:28.810+0000] {spark_submit.py:645} INFO - 25/04/18 09:49:28 INFO SecurityManager: Changing modify acls groups to:
[2025-04-18T09:49:28.810+0000] {spark_submit.py:645} INFO - 25/04/18 09:49:28 INFO SecurityManager: SecurityManager: authentication disabled; ui acls disabled; users with view permissions: default; groups with view permissions: EMPTY; users with modify permissions: default; groups with modify permissions: EMPTY
[2025-04-18T09:49:29.002+0000] {spark_submit.py:645} INFO - 25/04/18 09:49:29 INFO Utils: Successfully started service 'sparkDriver' on port 39385.
[2025-04-18T09:49:29.035+0000] {spark_submit.py:645} INFO - 25/04/18 09:49:29 INFO SparkEnv: Registering MapOutputTracker
[2025-04-18T09:49:29.057+0000] {spark_submit.py:645} INFO - 25/04/18 09:49:29 INFO SparkEnv: Registering BlockManagerMaster
[2025-04-18T09:49:29.070+0000] {spark_submit.py:645} INFO - 25/04/18 09:49:29 INFO BlockManagerMasterEndpoint: Using org.apache.spark.storage.DefaultTopologyMapper for getting topology information
[2025-04-18T09:49:29.071+0000] {spark_submit.py:645} INFO - 25/04/18 09:49:29 INFO BlockManagerMasterEndpoint: BlockManagerMasterEndpoint up
[2025-04-18T09:49:29.074+0000] {spark_submit.py:645} INFO - 25/04/18 09:49:29 INFO SparkEnv: Registering BlockManagerMasterHeartbeat
[2025-04-18T09:49:29.087+0000] {spark_submit.py:645} INFO - 25/04/18 09:49:29 INFO DiskBlockManager: Created local directory at /tmp/blockmgr-b6e68815-a61f-4ec1-8e3d-399fcd4dde95
[2025-04-18T09:49:29.097+0000] {spark_submit.py:645} INFO - 25/04/18 09:49:29 INFO MemoryStore: MemoryStore started with capacity 434.4 MiB
[2025-04-18T09:49:29.109+0000] {spark_submit.py:645} INFO - 25/04/18 09:49:29 INFO SparkEnv: Registering OutputCommitCoordinator
[2025-04-18T09:49:29.244+0000] {spark_submit.py:645} INFO - 25/04/18 09:49:29 INFO JettyUtils: Start Jetty 0.0.0.0:4040 for SparkUI
[2025-04-18T09:49:29.315+0000] {spark_submit.py:645} INFO - 25/04/18 09:49:29 INFO Utils: Successfully started service 'SparkUI' on port 4040.
[2025-04-18T09:49:29.342+0000] {spark_submit.py:645} INFO - 25/04/18 09:49:29 INFO SparkContext: Added JAR file:///home/airflow/.ivy2/jars/org.apache.iceberg_iceberg-spark-runtime-3.4_2.12-1.3.0.jar at spark://4157b7102f42:39385/jars/org.apache.iceberg_iceberg-spark-runtime-3.4_2.12-1.3.0.jar with timestamp 1744969768644
[2025-04-18T09:49:29.345+0000] {spark_submit.py:645} INFO - 25/04/18 09:49:29 INFO SparkContext: Added file file:///home/airflow/.ivy2/jars/org.apache.iceberg_iceberg-spark-runtime-3.4_2.12-1.3.0.jar at spark://4157b7102f42:39385/files/org.apache.iceberg_iceberg-spark-runtime-3.4_2.12-1.3.0.jar with timestamp 1744969768644
[2025-04-18T09:49:29.346+0000] {spark_submit.py:645} INFO - 25/04/18 09:49:29 INFO Utils: Copying /home/airflow/.ivy2/jars/org.apache.iceberg_iceberg-spark-runtime-3.4_2.12-1.3.0.jar to /tmp/spark-d513ad08-819e-454e-99bb-04b9694619c9/userFiles-ae4e698f-59fc-43e7-a935-99216d83b834/org.apache.iceberg_iceberg-spark-runtime-3.4_2.12-1.3.0.jar
[2025-04-18T09:49:29.938+0000] {spark_submit.py:645} INFO - 25/04/18 09:49:29 INFO StandaloneAppClient$ClientEndpoint: Connecting to master spark://spark-master:7077...
[2025-04-18T09:49:30.103+0000] {spark_submit.py:645} INFO - 25/04/18 09:49:30 INFO TransportClientFactory: Successfully created connection to spark-master/172.18.0.5:7077 after 127 ms (0 ms spent in bootstraps)
[2025-04-18T09:49:30.242+0000] {spark_submit.py:645} INFO - 25/04/18 09:49:30 INFO StandaloneSchedulerBackend: Connected to Spark cluster with app ID app-20250418094930-0005
[2025-04-18T09:49:30.267+0000] {spark_submit.py:645} INFO - 25/04/18 09:49:30 INFO StandaloneAppClient$ClientEndpoint: Executor added: app-20250418094930-0005/0 on worker-20250418084743-172.18.0.7-35043 (172.18.0.7:35043) with 4 core(s)
[2025-04-18T09:49:30.268+0000] {spark_submit.py:645} INFO - 25/04/18 09:49:30 INFO StandaloneSchedulerBackend: Granted executor ID app-20250418094930-0005/0 on hostPort 172.18.0.7:35043 with 4 core(s), 1024.0 MiB RAM
[2025-04-18T09:49:30.268+0000] {spark_submit.py:645} INFO - 25/04/18 09:49:30 INFO Utils: Successfully started service 'org.apache.spark.network.netty.NettyBlockTransferService' on port 37773.
[2025-04-18T09:49:30.269+0000] {spark_submit.py:645} INFO - 25/04/18 09:49:30 INFO NettyBlockTransferService: Server created on 4157b7102f42:37773
[2025-04-18T09:49:30.269+0000] {spark_submit.py:645} INFO - 25/04/18 09:49:30 INFO BlockManager: Using org.apache.spark.storage.RandomBlockReplicationPolicy for block replication policy
[2025-04-18T09:49:30.270+0000] {spark_submit.py:645} INFO - 25/04/18 09:49:30 INFO BlockManagerMaster: Registering BlockManager BlockManagerId(driver, 4157b7102f42, 37773, None)
[2025-04-18T09:49:30.270+0000] {spark_submit.py:645} INFO - 25/04/18 09:49:30 INFO BlockManagerMasterEndpoint: Registering block manager 4157b7102f42:37773 with 434.4 MiB RAM, BlockManagerId(driver, 4157b7102f42, 37773, None)
[2025-04-18T09:49:30.270+0000] {spark_submit.py:645} INFO - 25/04/18 09:49:30 INFO BlockManagerMaster: Registered BlockManager BlockManagerId(driver, 4157b7102f42, 37773, None)
[2025-04-18T09:49:30.271+0000] {spark_submit.py:645} INFO - 25/04/18 09:49:30 INFO BlockManager: Initialized BlockManager: BlockManagerId(driver, 4157b7102f42, 37773, None)
[2025-04-18T09:49:30.598+0000] {spark_submit.py:645} INFO - 25/04/18 09:49:30 INFO StandaloneSchedulerBackend: SchedulerBackend is ready for scheduling beginning after reached minRegisteredResourcesRatio: 0.0
[2025-04-18T09:49:30.887+0000] {spark_submit.py:645} INFO - ===== MERGING TABLE brz_films =====
[2025-04-18T09:49:30.896+0000] {spark_submit.py:645} INFO - 25/04/18 09:49:30 INFO SharedState: Setting hive.metastore.warehouse.dir ('null') to the value of spark.sql.warehouse.dir.
[2025-04-18T09:49:30.899+0000] {spark_submit.py:645} INFO - 25/04/18 09:49:30 INFO SharedState: Warehouse path is 'file:/opt/airflow/spark-warehouse'.
[2025-04-18T09:49:32.257+0000] {spark_submit.py:645} INFO - 25/04/18 09:49:32 INFO StandaloneAppClient$ClientEndpoint: Executor updated: app-20250418094930-0005/0 is now RUNNING
[2025-04-18T09:49:33.444+0000] {spark_submit.py:645} INFO - Traceback (most recent call last):
[2025-04-18T09:49:33.445+0000] {spark_submit.py:645} INFO - File "/opt/airflow/jobs/bronze_incremental_load.py", line 136, in <module>
[2025-04-18T09:49:33.448+0000] {spark_submit.py:645} INFO - main()
[2025-04-18T09:49:33.448+0000] {spark_submit.py:645} INFO - File "/opt/airflow/jobs/bronze_incremental_load.py", line 117, in main
[2025-04-18T09:49:33.449+0000] {spark_submit.py:645} INFO - processed_df = read_upsert(topic, table, TABLE_KEYS[table])
[2025-04-18T09:49:33.450+0000] {spark_submit.py:645} INFO - ^^^^^^^^^^^^^^^^^^^^^^^^^^^^^^^^^^^^^^^^^^^^
[2025-04-18T09:49:33.450+0000] {spark_submit.py:645} INFO - File "/opt/airflow/jobs/bronze_incremental_load.py", line 45, in read_upsert
[2025-04-18T09:49:33.451+0000] {spark_submit.py:645} INFO - sink_df = SPARK.sql(f"SELECT * FROM {DATABASE_NAME}.{sink_table}")
[2025-04-18T09:49:33.451+0000] {spark_submit.py:645} INFO - ^^^^^^^^^^^^^^^^^^^^^^^^^^^^^^^^^^^^^^^^^^^^^^^^^^^^^^^^
[2025-04-18T09:49:33.451+0000] {spark_submit.py:645} INFO - File "/home/airflow/.local/lib/python3.12/site-packages/pyspark/python/lib/pyspark.zip/pyspark/sql/session.py", line 1631, in sql
[2025-04-18T09:49:33.452+0000] {spark_submit.py:645} INFO - File "/home/airflow/.local/lib/python3.12/site-packages/pyspark/python/lib/py4j-0.10.9.7-src.zip/py4j/java_gateway.py", line 1322, in __call__
[2025-04-18T09:49:33.452+0000] {spark_submit.py:645} INFO - File "/home/airflow/.local/lib/python3.12/site-packages/pyspark/python/lib/pyspark.zip/pyspark/errors/exceptions/captured.py", line 185, in deco
[2025-04-18T09:49:33.456+0000] {spark_submit.py:645} INFO - pyspark.errors.exceptions.captured.AnalysisException: [TABLE_OR_VIEW_NOT_FOUND] The table or view `spark_catalog`.`default`.`brz_films` cannot be found. Verify the spelling and correctness of the schema and catalog.
[2025-04-18T09:49:33.457+0000] {spark_submit.py:645} INFO - If you did not qualify the name with a schema, verify the current_schema() output, or qualify the name with the correct schema and catalog.
[2025-04-18T09:49:33.457+0000] {spark_submit.py:645} INFO - To tolerate the error on drop use DROP VIEW IF EXISTS or DROP TABLE IF EXISTS.; line 1 pos 14;
[2025-04-18T09:49:33.457+0000] {spark_submit.py:645} INFO - 'Project [*]
[2025-04-18T09:49:33.458+0000] {spark_submit.py:645} INFO - +- 'UnresolvedRelation [spark_catalog, default, brz_films], [], false
[2025-04-18T09:49:33.458+0000] {spark_submit.py:645} INFO - 
[2025-04-18T09:49:33.503+0000] {spark_submit.py:645} INFO - 25/04/18 09:49:33 INFO SparkContext: Invoking stop() from shutdown hook
[2025-04-18T09:49:33.504+0000] {spark_submit.py:645} INFO - 25/04/18 09:49:33 INFO SparkContext: SparkContext is stopping with exitCode 0.
[2025-04-18T09:49:33.512+0000] {spark_submit.py:645} INFO - 25/04/18 09:49:33 INFO SparkUI: Stopped Spark web UI at http://4157b7102f42:4040
[2025-04-18T09:49:33.516+0000] {spark_submit.py:645} INFO - 25/04/18 09:49:33 INFO StandaloneSchedulerBackend: Shutting down all executors
[2025-04-18T09:49:33.518+0000] {spark_submit.py:645} INFO - 25/04/18 09:49:33 INFO StandaloneSchedulerBackend$StandaloneDriverEndpoint: Asking each executor to shut down
[2025-04-18T09:49:33.530+0000] {spark_submit.py:645} INFO - 25/04/18 09:49:33 INFO MapOutputTrackerMasterEndpoint: MapOutputTrackerMasterEndpoint stopped!
[2025-04-18T09:49:33.612+0000] {spark_submit.py:645} INFO - 25/04/18 09:49:33 INFO MemoryStore: MemoryStore cleared
[2025-04-18T09:49:33.613+0000] {spark_submit.py:645} INFO - 25/04/18 09:49:33 INFO BlockManager: BlockManager stopped
[2025-04-18T09:49:33.617+0000] {spark_submit.py:645} INFO - 25/04/18 09:49:33 INFO BlockManagerMaster: BlockManagerMaster stopped
[2025-04-18T09:49:33.618+0000] {spark_submit.py:645} INFO - 25/04/18 09:49:33 INFO OutputCommitCoordinator$OutputCommitCoordinatorEndpoint: OutputCommitCoordinator stopped!
[2025-04-18T09:49:33.631+0000] {spark_submit.py:645} INFO - 25/04/18 09:49:33 INFO SparkContext: Successfully stopped SparkContext
[2025-04-18T09:49:33.632+0000] {spark_submit.py:645} INFO - 25/04/18 09:49:33 INFO ShutdownHookManager: Shutdown hook called
[2025-04-18T09:49:33.633+0000] {spark_submit.py:645} INFO - 25/04/18 09:49:33 INFO ShutdownHookManager: Deleting directory /tmp/spark-d513ad08-819e-454e-99bb-04b9694619c9
[2025-04-18T09:49:33.635+0000] {spark_submit.py:645} INFO - 25/04/18 09:49:33 INFO ShutdownHookManager: Deleting directory /tmp/spark-d513ad08-819e-454e-99bb-04b9694619c9/pyspark-a703f522-2f05-4468-ab64-f9ca07109358
[2025-04-18T09:49:33.638+0000] {spark_submit.py:645} INFO - 25/04/18 09:49:33 INFO ShutdownHookManager: Deleting directory /tmp/spark-bfc3619f-79bf-494e-9cfa-2f65a2d4724a
[2025-04-18T09:49:33.697+0000] {taskinstance.py:441} INFO - ::group::Post task execution logs
[2025-04-18T09:49:34.020+0000] {taskinstance.py:2905} ERROR - Task failed with exception
Traceback (most recent call last):
  File "/home/airflow/.local/lib/python3.12/site-packages/airflow/models/taskinstance.py", line 465, in _execute_task
    result = _execute_callable(context=context, **execute_callable_kwargs)
             ^^^^^^^^^^^^^^^^^^^^^^^^^^^^^^^^^^^^^^^^^^^^^^^^^^^^^^^^^^^^^
  File "/home/airflow/.local/lib/python3.12/site-packages/airflow/models/taskinstance.py", line 432, in _execute_callable
    return execute_callable(context=context, **execute_callable_kwargs)
           ^^^^^^^^^^^^^^^^^^^^^^^^^^^^^^^^^^^^^^^^^^^^^^^^^^^^^^^^^^^^
  File "/home/airflow/.local/lib/python3.12/site-packages/airflow/models/baseoperator.py", line 401, in wrapper
    return func(self, *args, **kwargs)
           ^^^^^^^^^^^^^^^^^^^^^^^^^^^
  File "/home/airflow/.local/lib/python3.12/site-packages/airflow/providers/apache/spark/operators/spark_submit.py", line 197, in execute
    self._hook.submit(self.application)
  File "/home/airflow/.local/lib/python3.12/site-packages/airflow/providers/apache/spark/hooks/spark_submit.py", line 567, in submit
    raise AirflowException(
airflow.exceptions.AirflowException: Cannot execute: spark-submit --master spark://spark-master:7077 --packages org.apache.iceberg:iceberg-spark-runtime-3.4_2.12:1.3.0 --name bronze_incremental_load --deploy-mode client jobs/bronze_incremental_load.py. Error code is: 1.
[2025-04-18T09:49:34.325+0000] {taskinstance.py:1206} INFO - Marking task as UP_FOR_RETRY. dag_id=daily_dag, task_id=bronze_incremental_load, run_id=manual__2025-04-18T09:37:38.236464+00:00, execution_date=20250418T093738, start_date=20250418T093905, end_date=20250418T094934
[2025-04-18T09:49:35.692+0000] {standard_task_runner.py:110} ERROR - Failed to execute job 13 for task bronze_incremental_load (Cannot execute: spark-submit --master spark://spark-master:7077 --packages org.apache.iceberg:iceberg-spark-runtime-3.4_2.12:1.3.0 --name bronze_incremental_load --deploy-mode client jobs/bronze_incremental_load.py. Error code is: 1.; 2587)
[2025-04-18T09:49:35.816+0000] {local_task_job_runner.py:243} INFO - Task exited with return code 1
[2025-04-18T09:49:36.508+0000] {taskinstance.py:3503} INFO - 0 downstream tasks scheduled from follow-on schedule check
[2025-04-18T09:49:36.511+0000] {local_task_job_runner.py:222} INFO - ::endgroup::
