[2025-04-18T08:51:19.642+0000] {local_task_job_runner.py:120} INFO - ::group::Pre task execution logs
[2025-04-18T08:51:19.672+0000] {taskinstance.py:2076} INFO - Dependencies all met for dep_context=non-requeueable deps ti=<TaskInstance: spark_submit_demo1.spark_submit_task manual__2025-04-18T08:46:12.368386+00:00 [queued]>
[2025-04-18T08:51:19.680+0000] {taskinstance.py:2076} INFO - Dependencies all met for dep_context=requeueable deps ti=<TaskInstance: spark_submit_demo1.spark_submit_task manual__2025-04-18T08:46:12.368386+00:00 [queued]>
[2025-04-18T08:51:19.715+0000] {taskinstance.py:2306} INFO - Starting attempt 2 of 2
[2025-04-18T08:51:19.931+0000] {taskinstance.py:2330} INFO - Executing <Task(SparkSubmitOperator): spark_submit_task> on 2025-04-18 08:46:12.368386+00:00
[2025-04-18T08:51:19.937+0000] {standard_task_runner.py:90} INFO - Running: ['airflow', 'tasks', 'run', 'spark_submit_demo1', 'spark_submit_task', 'manual__2025-04-18T08:46:12.368386+00:00', '--job-id', '7', '--raw', '--subdir', 'DAGS_FOLDER/test_dag.py', '--cfg-path', '/tmp/tmpvx52lsda']
[2025-04-18T08:51:19.939+0000] {standard_task_runner.py:91} INFO - Job 7: Subtask spark_submit_task
[2025-04-18T08:51:19.939+0000] {logging_mixin.py:188} WARNING - /home/airflow/.local/lib/python3.12/site-packages/airflow/task/task_runner/standard_task_runner.py:62 DeprecationWarning: This process (pid=257) is multi-threaded, use of fork() may lead to deadlocks in the child.
[2025-04-18T08:51:19.940+0000] {standard_task_runner.py:64} INFO - Started process 258 to run task
[2025-04-18T08:51:20.137+0000] {task_command.py:426} INFO - Running <TaskInstance: spark_submit_demo1.spark_submit_task manual__2025-04-18T08:46:12.368386+00:00 [running]> on host 4157b7102f42
[2025-04-18T08:51:20.580+0000] {taskinstance.py:2648} INFO - Exporting env vars: AIRFLOW_CTX_DAG_OWNER='airflow' AIRFLOW_CTX_DAG_ID='spark_submit_demo1' AIRFLOW_CTX_TASK_ID='spark_submit_task' AIRFLOW_CTX_EXECUTION_DATE='2025-04-18T08:46:12.368386+00:00' AIRFLOW_CTX_TRY_NUMBER='2' AIRFLOW_CTX_DAG_RUN_ID='manual__2025-04-18T08:46:12.368386+00:00'
[2025-04-18T08:51:20.581+0000] {taskinstance.py:430} INFO - ::endgroup::
[2025-04-18T08:51:20.619+0000] {base.py:84} INFO - Using connection ID 'spark-conn' for task execution.
[2025-04-18T08:51:20.621+0000] {spark_submit.py:474} INFO - Spark-Submit cmd: spark-submit --master spark://spark-master:7077 --name airflow-spark-job --deploy-mode client jobs/test.py
[2025-04-18T08:51:23.607+0000] {spark_submit.py:645} INFO - 25/04/18 08:51:23 INFO SparkContext: Running Spark version 3.5.5
[2025-04-18T08:51:23.609+0000] {spark_submit.py:645} INFO - 25/04/18 08:51:23 INFO SparkContext: OS info Linux, 5.15.167.4-microsoft-standard-WSL2, amd64
[2025-04-18T08:51:23.609+0000] {spark_submit.py:645} INFO - 25/04/18 08:51:23 INFO SparkContext: Java version 17.0.14
[2025-04-18T08:51:24.296+0000] {spark_submit.py:645} INFO - 25/04/18 08:51:24 WARN NativeCodeLoader: Unable to load native-hadoop library for your platform... using builtin-java classes where applicable
[2025-04-18T08:51:24.631+0000] {spark_submit.py:645} INFO - 25/04/18 08:51:24 INFO ResourceUtils: ==============================================================
[2025-04-18T08:51:24.632+0000] {spark_submit.py:645} INFO - 25/04/18 08:51:24 INFO ResourceUtils: No custom resources configured for spark.driver.
[2025-04-18T08:51:24.633+0000] {spark_submit.py:645} INFO - 25/04/18 08:51:24 INFO ResourceUtils: ==============================================================
[2025-04-18T08:51:24.633+0000] {spark_submit.py:645} INFO - 25/04/18 08:51:24 INFO SparkContext: Submitted application: AirflowTestJob
[2025-04-18T08:51:24.666+0000] {spark_submit.py:645} INFO - 25/04/18 08:51:24 INFO ResourceProfile: Default ResourceProfile created, executor resources: Map(memory -> name: memory, amount: 1024, script: , vendor: , offHeap -> name: offHeap, amount: 0, script: , vendor: ), task resources: Map(cpus -> name: cpus, amount: 1.0)
[2025-04-18T08:51:24.673+0000] {spark_submit.py:645} INFO - 25/04/18 08:51:24 INFO ResourceProfile: Limiting resource is cpu
[2025-04-18T08:51:24.674+0000] {spark_submit.py:645} INFO - 25/04/18 08:51:24 INFO ResourceProfileManager: Added ResourceProfile id: 0
[2025-04-18T08:51:24.897+0000] {spark_submit.py:645} INFO - 25/04/18 08:51:24 INFO SecurityManager: Changing view acls to: default
[2025-04-18T08:51:24.897+0000] {spark_submit.py:645} INFO - 25/04/18 08:51:24 INFO SecurityManager: Changing modify acls to: default
[2025-04-18T08:51:24.898+0000] {spark_submit.py:645} INFO - 25/04/18 08:51:24 INFO SecurityManager: Changing view acls groups to:
[2025-04-18T08:51:24.898+0000] {spark_submit.py:645} INFO - 25/04/18 08:51:24 INFO SecurityManager: Changing modify acls groups to:
[2025-04-18T08:51:24.899+0000] {spark_submit.py:645} INFO - 25/04/18 08:51:24 INFO SecurityManager: SecurityManager: authentication disabled; ui acls disabled; users with view permissions: default; groups with view permissions: EMPTY; users with modify permissions: default; groups with modify permissions: EMPTY
[2025-04-18T08:51:25.895+0000] {spark_submit.py:645} INFO - 25/04/18 08:51:25 INFO Utils: Successfully started service 'sparkDriver' on port 41811.
[2025-04-18T08:51:26.174+0000] {spark_submit.py:645} INFO - 25/04/18 08:51:26 INFO SparkEnv: Registering MapOutputTracker
[2025-04-18T08:51:26.248+0000] {spark_submit.py:645} INFO - 25/04/18 08:51:26 INFO SparkEnv: Registering BlockManagerMaster
[2025-04-18T08:51:26.287+0000] {spark_submit.py:645} INFO - 25/04/18 08:51:26 INFO BlockManagerMasterEndpoint: Using org.apache.spark.storage.DefaultTopologyMapper for getting topology information
[2025-04-18T08:51:26.288+0000] {spark_submit.py:645} INFO - 25/04/18 08:51:26 INFO BlockManagerMasterEndpoint: BlockManagerMasterEndpoint up
[2025-04-18T08:51:26.303+0000] {spark_submit.py:645} INFO - 25/04/18 08:51:26 INFO SparkEnv: Registering BlockManagerMasterHeartbeat
[2025-04-18T08:51:27.086+0000] {spark_submit.py:645} INFO - 25/04/18 08:51:27 INFO DiskBlockManager: Created local directory at /tmp/blockmgr-d193ddf8-554d-4d34-9ac6-e13b6e31614a
[2025-04-18T08:51:27.163+0000] {spark_submit.py:645} INFO - 25/04/18 08:51:27 INFO MemoryStore: MemoryStore started with capacity 434.4 MiB
[2025-04-18T08:51:27.176+0000] {spark_submit.py:645} INFO - 25/04/18 08:51:27 INFO SparkEnv: Registering OutputCommitCoordinator
[2025-04-18T08:51:27.491+0000] {spark_submit.py:645} INFO - 25/04/18 08:51:27 INFO JettyUtils: Start Jetty 0.0.0.0:4040 for SparkUI
[2025-04-18T08:51:27.617+0000] {spark_submit.py:645} INFO - 25/04/18 08:51:27 INFO Utils: Successfully started service 'SparkUI' on port 4040.
[2025-04-18T08:51:27.797+0000] {spark_submit.py:645} INFO - 25/04/18 08:51:27 INFO StandaloneAppClient$ClientEndpoint: Connecting to master spark://spark-master:7077...
[2025-04-18T08:51:28.019+0000] {spark_submit.py:645} INFO - 25/04/18 08:51:28 INFO TransportClientFactory: Successfully created connection to spark-master/172.18.0.5:7077 after 125 ms (0 ms spent in bootstraps)
[2025-04-18T08:51:28.462+0000] {spark_submit.py:645} INFO - 25/04/18 08:51:28 INFO StandaloneSchedulerBackend: Connected to Spark cluster with app ID app-20250418085128-0000
[2025-04-18T08:51:28.517+0000] {spark_submit.py:645} INFO - 25/04/18 08:51:28 INFO StandaloneAppClient$ClientEndpoint: Executor added: app-20250418085128-0000/0 on worker-20250418084743-172.18.0.7-35043 (172.18.0.7:35043) with 4 core(s)
[2025-04-18T08:51:28.518+0000] {spark_submit.py:645} INFO - 25/04/18 08:51:28 INFO Utils: Successfully started service 'org.apache.spark.network.netty.NettyBlockTransferService' on port 45569.
[2025-04-18T08:51:28.519+0000] {spark_submit.py:645} INFO - 25/04/18 08:51:28 INFO NettyBlockTransferService: Server created on 4157b7102f42:45569
[2025-04-18T08:51:28.521+0000] {spark_submit.py:645} INFO - 25/04/18 08:51:28 INFO StandaloneSchedulerBackend: Granted executor ID app-20250418085128-0000/0 on hostPort 172.18.0.7:35043 with 4 core(s), 1024.0 MiB RAM
[2025-04-18T08:51:28.526+0000] {spark_submit.py:645} INFO - 25/04/18 08:51:28 INFO BlockManager: Using org.apache.spark.storage.RandomBlockReplicationPolicy for block replication policy
[2025-04-18T08:51:28.642+0000] {spark_submit.py:645} INFO - 25/04/18 08:51:28 INFO BlockManagerMaster: Registering BlockManager BlockManagerId(driver, 4157b7102f42, 45569, None)
[2025-04-18T08:51:28.645+0000] {spark_submit.py:645} INFO - 25/04/18 08:51:28 INFO BlockManagerMasterEndpoint: Registering block manager 4157b7102f42:45569 with 434.4 MiB RAM, BlockManagerId(driver, 4157b7102f42, 45569, None)
[2025-04-18T08:51:28.647+0000] {spark_submit.py:645} INFO - 25/04/18 08:51:28 INFO BlockManagerMaster: Registered BlockManager BlockManagerId(driver, 4157b7102f42, 45569, None)
[2025-04-18T08:51:28.648+0000] {spark_submit.py:645} INFO - 25/04/18 08:51:28 INFO BlockManager: Initialized BlockManager: BlockManagerId(driver, 4157b7102f42, 45569, None)
[2025-04-18T08:51:28.912+0000] {spark_submit.py:645} INFO - 25/04/18 08:51:28 INFO StandaloneAppClient$ClientEndpoint: Executor updated: app-20250418085128-0000/0 is now RUNNING
[2025-04-18T08:51:29.153+0000] {spark_submit.py:645} INFO - 25/04/18 08:51:29 INFO StandaloneSchedulerBackend: SchedulerBackend is ready for scheduling beginning after reached minRegisteredResourcesRatio: 0.0
[2025-04-18T08:51:34.559+0000] {spark_submit.py:645} INFO - 25/04/18 08:51:34 INFO StandaloneSchedulerBackend$StandaloneDriverEndpoint: Registered executor NettyRpcEndpointRef(spark-client://Executor) (172.18.0.7:37630) with ID 0,  ResourceProfileId 0
[2025-04-18T08:51:34.904+0000] {spark_submit.py:645} INFO - 25/04/18 08:51:34 INFO SharedState: Setting hive.metastore.warehouse.dir ('null') to the value of spark.sql.warehouse.dir.
[2025-04-18T08:51:35.007+0000] {spark_submit.py:645} INFO - 25/04/18 08:51:35 INFO SharedState: Warehouse path is 'file:/opt/airflow/spark-warehouse'.
[2025-04-18T08:51:35.015+0000] {spark_submit.py:645} INFO - 25/04/18 08:51:35 INFO BlockManagerMasterEndpoint: Registering block manager 172.18.0.7:32793 with 434.4 MiB RAM, BlockManagerId(0, 172.18.0.7, 32793, None)
[2025-04-18T08:51:51.477+0000] {spark_submit.py:645} INFO - === Sample DataFrame ===
[2025-04-18T08:51:59.041+0000] {spark_submit.py:645} INFO - 25/04/18 08:51:59 INFO CodeGenerator: Code generated in 1389.965051 ms
[2025-04-18T08:51:59.106+0000] {spark_submit.py:645} INFO - 25/04/18 08:51:59 INFO SparkContext: Starting job: showString at NativeMethodAccessorImpl.java:0
[2025-04-18T08:51:59.122+0000] {spark_submit.py:645} INFO - 25/04/18 08:51:59 INFO DAGScheduler: Got job 0 (showString at NativeMethodAccessorImpl.java:0) with 1 output partitions
[2025-04-18T08:51:59.122+0000] {spark_submit.py:645} INFO - 25/04/18 08:51:59 INFO DAGScheduler: Final stage: ResultStage 0 (showString at NativeMethodAccessorImpl.java:0)
[2025-04-18T08:51:59.123+0000] {spark_submit.py:645} INFO - 25/04/18 08:51:59 INFO DAGScheduler: Parents of final stage: List()
[2025-04-18T08:51:59.123+0000] {spark_submit.py:645} INFO - 25/04/18 08:51:59 INFO DAGScheduler: Missing parents: List()
[2025-04-18T08:51:59.125+0000] {spark_submit.py:645} INFO - 25/04/18 08:51:59 INFO DAGScheduler: Submitting ResultStage 0 (MapPartitionsRDD[6] at showString at NativeMethodAccessorImpl.java:0), which has no missing parents
[2025-04-18T08:51:59.346+0000] {spark_submit.py:645} INFO - 25/04/18 08:51:59 INFO MemoryStore: Block broadcast_0 stored as values in memory (estimated size 12.7 KiB, free 434.4 MiB)
[2025-04-18T08:51:59.379+0000] {spark_submit.py:645} INFO - 25/04/18 08:51:59 INFO MemoryStore: Block broadcast_0_piece0 stored as bytes in memory (estimated size 6.7 KiB, free 434.4 MiB)
[2025-04-18T08:51:59.381+0000] {spark_submit.py:645} INFO - 25/04/18 08:51:59 INFO BlockManagerInfo: Added broadcast_0_piece0 in memory on 4157b7102f42:45569 (size: 6.7 KiB, free: 434.4 MiB)
[2025-04-18T08:51:59.384+0000] {spark_submit.py:645} INFO - 25/04/18 08:51:59 INFO SparkContext: Created broadcast 0 from broadcast at DAGScheduler.scala:1585
[2025-04-18T08:51:59.394+0000] {spark_submit.py:645} INFO - 25/04/18 08:51:59 INFO DAGScheduler: Submitting 1 missing tasks from ResultStage 0 (MapPartitionsRDD[6] at showString at NativeMethodAccessorImpl.java:0) (first 15 tasks are for partitions Vector(0))
[2025-04-18T08:51:59.395+0000] {spark_submit.py:645} INFO - 25/04/18 08:51:59 INFO TaskSchedulerImpl: Adding task set 0.0 with 1 tasks resource profile 0
[2025-04-18T08:51:59.416+0000] {spark_submit.py:645} INFO - 25/04/18 08:51:59 INFO TaskSetManager: Starting task 0.0 in stage 0.0 (TID 0) (172.18.0.7, executor 0, partition 0, PROCESS_LOCAL, 8983 bytes)
[2025-04-18T08:52:00.360+0000] {spark_submit.py:645} INFO - 25/04/18 08:52:00 INFO BlockManagerInfo: Added broadcast_0_piece0 in memory on 172.18.0.7:32793 (size: 6.7 KiB, free: 434.4 MiB)
[2025-04-18T08:52:07.917+0000] {spark_submit.py:645} INFO - 25/04/18 08:52:07 INFO TaskSetManager: Finished task 0.0 in stage 0.0 (TID 0) in 8509 ms on 172.18.0.7 (executor 0) (1/1)
[2025-04-18T08:52:07.918+0000] {spark_submit.py:645} INFO - 25/04/18 08:52:07 INFO TaskSchedulerImpl: Removed TaskSet 0.0, whose tasks have all completed, from pool
[2025-04-18T08:52:07.939+0000] {spark_submit.py:645} INFO - 25/04/18 08:52:07 INFO PythonAccumulatorV2: Connected to AccumulatorServer at host: 127.0.0.1 port: 36987
[2025-04-18T08:52:07.942+0000] {spark_submit.py:645} INFO - 25/04/18 08:52:07 INFO DAGScheduler: ResultStage 0 (showString at NativeMethodAccessorImpl.java:0) finished in 8.808 s
[2025-04-18T08:52:07.944+0000] {spark_submit.py:645} INFO - 25/04/18 08:52:07 INFO DAGScheduler: Job 0 is finished. Cancelling potential speculative or zombie tasks for this job
[2025-04-18T08:52:07.944+0000] {spark_submit.py:645} INFO - 25/04/18 08:52:07 INFO TaskSchedulerImpl: Killing all running tasks in stage 0: Stage finished
[2025-04-18T08:52:07.945+0000] {spark_submit.py:645} INFO - 25/04/18 08:52:07 INFO DAGScheduler: Job 0 finished: showString at NativeMethodAccessorImpl.java:0, took 8.839245 s
[2025-04-18T08:52:07.954+0000] {spark_submit.py:645} INFO - 25/04/18 08:52:07 INFO SparkContext: Starting job: showString at NativeMethodAccessorImpl.java:0
[2025-04-18T08:52:07.955+0000] {spark_submit.py:645} INFO - 25/04/18 08:52:07 INFO DAGScheduler: Got job 1 (showString at NativeMethodAccessorImpl.java:0) with 3 output partitions
[2025-04-18T08:52:07.956+0000] {spark_submit.py:645} INFO - 25/04/18 08:52:07 INFO DAGScheduler: Final stage: ResultStage 1 (showString at NativeMethodAccessorImpl.java:0)
[2025-04-18T08:52:07.957+0000] {spark_submit.py:645} INFO - 25/04/18 08:52:07 INFO DAGScheduler: Parents of final stage: List()
[2025-04-18T08:52:07.957+0000] {spark_submit.py:645} INFO - 25/04/18 08:52:07 INFO DAGScheduler: Missing parents: List()
[2025-04-18T08:52:07.958+0000] {spark_submit.py:645} INFO - 25/04/18 08:52:07 INFO DAGScheduler: Submitting ResultStage 1 (MapPartitionsRDD[6] at showString at NativeMethodAccessorImpl.java:0), which has no missing parents
[2025-04-18T08:52:07.961+0000] {spark_submit.py:645} INFO - 25/04/18 08:52:07 INFO MemoryStore: Block broadcast_1 stored as values in memory (estimated size 12.7 KiB, free 434.4 MiB)
[2025-04-18T08:52:07.969+0000] {spark_submit.py:645} INFO - 25/04/18 08:52:07 INFO MemoryStore: Block broadcast_1_piece0 stored as bytes in memory (estimated size 6.7 KiB, free 434.4 MiB)
[2025-04-18T08:52:07.969+0000] {spark_submit.py:645} INFO - 25/04/18 08:52:07 INFO BlockManagerInfo: Added broadcast_1_piece0 in memory on 4157b7102f42:45569 (size: 6.7 KiB, free: 434.4 MiB)
[2025-04-18T08:52:07.971+0000] {spark_submit.py:645} INFO - 25/04/18 08:52:07 INFO SparkContext: Created broadcast 1 from broadcast at DAGScheduler.scala:1585
[2025-04-18T08:52:07.972+0000] {spark_submit.py:645} INFO - 25/04/18 08:52:07 INFO DAGScheduler: Submitting 3 missing tasks from ResultStage 1 (MapPartitionsRDD[6] at showString at NativeMethodAccessorImpl.java:0) (first 15 tasks are for partitions Vector(1, 2, 3))
[2025-04-18T08:52:07.973+0000] {spark_submit.py:645} INFO - 25/04/18 08:52:07 INFO TaskSchedulerImpl: Adding task set 1.0 with 3 tasks resource profile 0
[2025-04-18T08:52:07.974+0000] {spark_submit.py:645} INFO - 25/04/18 08:52:07 INFO TaskSetManager: Starting task 0.0 in stage 1.0 (TID 1) (172.18.0.7, executor 0, partition 1, PROCESS_LOCAL, 9020 bytes)
[2025-04-18T08:52:07.975+0000] {spark_submit.py:645} INFO - 25/04/18 08:52:07 INFO TaskSetManager: Starting task 1.0 in stage 1.0 (TID 2) (172.18.0.7, executor 0, partition 2, PROCESS_LOCAL, 9018 bytes)
[2025-04-18T08:52:07.976+0000] {spark_submit.py:645} INFO - 25/04/18 08:52:07 INFO TaskSetManager: Starting task 2.0 in stage 1.0 (TID 3) (172.18.0.7, executor 0, partition 3, PROCESS_LOCAL, 9022 bytes)
[2025-04-18T08:52:07.991+0000] {spark_submit.py:645} INFO - 25/04/18 08:52:07 INFO BlockManagerInfo: Removed broadcast_0_piece0 on 4157b7102f42:45569 in memory (size: 6.7 KiB, free: 434.4 MiB)
[2025-04-18T08:52:08.004+0000] {spark_submit.py:645} INFO - 25/04/18 08:52:08 INFO BlockManagerInfo: Removed broadcast_0_piece0 on 172.18.0.7:32793 in memory (size: 6.7 KiB, free: 434.4 MiB)
[2025-04-18T08:52:08.005+0000] {spark_submit.py:645} INFO - 25/04/18 08:52:08 INFO BlockManagerInfo: Added broadcast_1_piece0 in memory on 172.18.0.7:32793 (size: 6.7 KiB, free: 434.4 MiB)
[2025-04-18T08:52:08.274+0000] {spark_submit.py:645} INFO - 25/04/18 08:52:08 INFO TaskSetManager: Finished task 0.0 in stage 1.0 (TID 1) in 301 ms on 172.18.0.7 (executor 0) (1/3)
[2025-04-18T08:52:08.275+0000] {spark_submit.py:645} INFO - 25/04/18 08:52:08 INFO TaskSetManager: Finished task 1.0 in stage 1.0 (TID 2) in 300 ms on 172.18.0.7 (executor 0) (2/3)
[2025-04-18T08:52:08.276+0000] {spark_submit.py:645} INFO - 25/04/18 08:52:08 INFO TaskSetManager: Finished task 2.0 in stage 1.0 (TID 3) in 300 ms on 172.18.0.7 (executor 0) (3/3)
[2025-04-18T08:52:08.276+0000] {spark_submit.py:645} INFO - 25/04/18 08:52:08 INFO TaskSchedulerImpl: Removed TaskSet 1.0, whose tasks have all completed, from pool
[2025-04-18T08:52:08.278+0000] {spark_submit.py:645} INFO - 25/04/18 08:52:08 INFO DAGScheduler: ResultStage 1 (showString at NativeMethodAccessorImpl.java:0) finished in 0.318 s
[2025-04-18T08:52:08.278+0000] {spark_submit.py:645} INFO - 25/04/18 08:52:08 INFO DAGScheduler: Job 1 is finished. Cancelling potential speculative or zombie tasks for this job
[2025-04-18T08:52:08.279+0000] {spark_submit.py:645} INFO - 25/04/18 08:52:08 INFO TaskSchedulerImpl: Killing all running tasks in stage 1: Stage finished
[2025-04-18T08:52:08.279+0000] {spark_submit.py:645} INFO - 25/04/18 08:52:08 INFO DAGScheduler: Job 1 finished: showString at NativeMethodAccessorImpl.java:0, took 0.324222 s
[2025-04-18T08:52:09.568+0000] {spark_submit.py:645} INFO - 25/04/18 08:52:09 INFO BlockManagerInfo: Removed broadcast_1_piece0 on 4157b7102f42:45569 in memory (size: 6.7 KiB, free: 434.4 MiB)
[2025-04-18T08:52:09.571+0000] {spark_submit.py:645} INFO - 25/04/18 08:52:09 INFO BlockManagerInfo: Removed broadcast_1_piece0 on 172.18.0.7:32793 in memory (size: 6.7 KiB, free: 434.4 MiB)
[2025-04-18T08:52:09.792+0000] {spark_submit.py:645} INFO - 25/04/18 08:52:09 INFO CodeGenerator: Code generated in 11.287294 ms
[2025-04-18T08:52:09.815+0000] {spark_submit.py:645} INFO - +-------+-----+
[2025-04-18T08:52:09.816+0000] {spark_submit.py:645} INFO - |   Name|Value|
[2025-04-18T08:52:09.817+0000] {spark_submit.py:645} INFO - +-------+-----+
[2025-04-18T08:52:09.817+0000] {spark_submit.py:645} INFO - |  Alice|    1|
[2025-04-18T08:52:09.817+0000] {spark_submit.py:645} INFO - |    Bob|    2|
[2025-04-18T08:52:09.818+0000] {spark_submit.py:645} INFO - |Charlie|    3|
[2025-04-18T08:52:09.818+0000] {spark_submit.py:645} INFO - +-------+-----+
[2025-04-18T08:52:09.819+0000] {spark_submit.py:645} INFO - 
[2025-04-18T08:52:10.169+0000] {spark_submit.py:645} INFO - 25/04/18 08:52:10 INFO CodeGenerator: Code generated in 9.393396 ms
[2025-04-18T08:52:10.284+0000] {spark_submit.py:645} INFO - 25/04/18 08:52:10 INFO DAGScheduler: Registering RDD 8 (count at NativeMethodAccessorImpl.java:0) as input to shuffle 0
[2025-04-18T08:52:10.287+0000] {spark_submit.py:645} INFO - 25/04/18 08:52:10 INFO DAGScheduler: Got map stage job 2 (count at NativeMethodAccessorImpl.java:0) with 4 output partitions
[2025-04-18T08:52:10.287+0000] {spark_submit.py:645} INFO - 25/04/18 08:52:10 INFO DAGScheduler: Final stage: ShuffleMapStage 2 (count at NativeMethodAccessorImpl.java:0)
[2025-04-18T08:52:10.288+0000] {spark_submit.py:645} INFO - 25/04/18 08:52:10 INFO DAGScheduler: Parents of final stage: List()
[2025-04-18T08:52:10.288+0000] {spark_submit.py:645} INFO - 25/04/18 08:52:10 INFO DAGScheduler: Missing parents: List()
[2025-04-18T08:52:10.289+0000] {spark_submit.py:645} INFO - 25/04/18 08:52:10 INFO DAGScheduler: Submitting ShuffleMapStage 2 (MapPartitionsRDD[8] at count at NativeMethodAccessorImpl.java:0), which has no missing parents
[2025-04-18T08:52:10.301+0000] {spark_submit.py:645} INFO - 25/04/18 08:52:10 INFO MemoryStore: Block broadcast_2 stored as values in memory (estimated size 15.9 KiB, free 434.4 MiB)
[2025-04-18T08:52:10.308+0000] {spark_submit.py:645} INFO - 25/04/18 08:52:10 INFO MemoryStore: Block broadcast_2_piece0 stored as bytes in memory (estimated size 8.3 KiB, free 434.4 MiB)
[2025-04-18T08:52:10.309+0000] {spark_submit.py:645} INFO - 25/04/18 08:52:10 INFO BlockManagerInfo: Added broadcast_2_piece0 in memory on 4157b7102f42:45569 (size: 8.3 KiB, free: 434.4 MiB)
[2025-04-18T08:52:10.310+0000] {spark_submit.py:645} INFO - 25/04/18 08:52:10 INFO SparkContext: Created broadcast 2 from broadcast at DAGScheduler.scala:1585
[2025-04-18T08:52:10.312+0000] {spark_submit.py:645} INFO - 25/04/18 08:52:10 INFO DAGScheduler: Submitting 4 missing tasks from ShuffleMapStage 2 (MapPartitionsRDD[8] at count at NativeMethodAccessorImpl.java:0) (first 15 tasks are for partitions Vector(0, 1, 2, 3))
[2025-04-18T08:52:10.312+0000] {spark_submit.py:645} INFO - 25/04/18 08:52:10 INFO TaskSchedulerImpl: Adding task set 2.0 with 4 tasks resource profile 0
[2025-04-18T08:52:10.314+0000] {spark_submit.py:645} INFO - 25/04/18 08:52:10 INFO TaskSetManager: Starting task 0.0 in stage 2.0 (TID 4) (172.18.0.7, executor 0, partition 0, PROCESS_LOCAL, 8972 bytes)
[2025-04-18T08:52:10.315+0000] {spark_submit.py:645} INFO - 25/04/18 08:52:10 INFO TaskSetManager: Starting task 1.0 in stage 2.0 (TID 5) (172.18.0.7, executor 0, partition 1, PROCESS_LOCAL, 9009 bytes)
[2025-04-18T08:52:10.315+0000] {spark_submit.py:645} INFO - 25/04/18 08:52:10 INFO TaskSetManager: Starting task 2.0 in stage 2.0 (TID 6) (172.18.0.7, executor 0, partition 2, PROCESS_LOCAL, 9007 bytes)
[2025-04-18T08:52:10.316+0000] {spark_submit.py:645} INFO - 25/04/18 08:52:10 INFO TaskSetManager: Starting task 3.0 in stage 2.0 (TID 7) (172.18.0.7, executor 0, partition 3, PROCESS_LOCAL, 9011 bytes)
[2025-04-18T08:52:10.344+0000] {spark_submit.py:645} INFO - 25/04/18 08:52:10 INFO BlockManagerInfo: Added broadcast_2_piece0 in memory on 172.18.0.7:32793 (size: 8.3 KiB, free: 434.4 MiB)
[2025-04-18T08:52:10.609+0000] {spark_submit.py:645} INFO - 25/04/18 08:52:10 INFO TaskSetManager: Finished task 3.0 in stage 2.0 (TID 7) in 294 ms on 172.18.0.7 (executor 0) (1/4)
[2025-04-18T08:52:10.612+0000] {spark_submit.py:645} INFO - 25/04/18 08:52:10 INFO TaskSetManager: Finished task 1.0 in stage 2.0 (TID 5) in 298 ms on 172.18.0.7 (executor 0) (2/4)
[2025-04-18T08:52:10.616+0000] {spark_submit.py:645} INFO - 25/04/18 08:52:10 INFO TaskSetManager: Finished task 2.0 in stage 2.0 (TID 6) in 300 ms on 172.18.0.7 (executor 0) (3/4)
[2025-04-18T08:52:10.711+0000] {spark_submit.py:645} INFO - 25/04/18 08:52:10 INFO TaskSetManager: Finished task 0.0 in stage 2.0 (TID 4) in 397 ms on 172.18.0.7 (executor 0) (4/4)
[2025-04-18T08:52:10.712+0000] {spark_submit.py:645} INFO - 25/04/18 08:52:10 INFO TaskSchedulerImpl: Removed TaskSet 2.0, whose tasks have all completed, from pool
[2025-04-18T08:52:10.713+0000] {spark_submit.py:645} INFO - 25/04/18 08:52:10 INFO DAGScheduler: ShuffleMapStage 2 (count at NativeMethodAccessorImpl.java:0) finished in 0.421 s
[2025-04-18T08:52:10.714+0000] {spark_submit.py:645} INFO - 25/04/18 08:52:10 INFO DAGScheduler: looking for newly runnable stages
[2025-04-18T08:52:10.714+0000] {spark_submit.py:645} INFO - 25/04/18 08:52:10 INFO DAGScheduler: running: Set()
[2025-04-18T08:52:10.715+0000] {spark_submit.py:645} INFO - 25/04/18 08:52:10 INFO DAGScheduler: waiting: Set()
[2025-04-18T08:52:10.715+0000] {spark_submit.py:645} INFO - 25/04/18 08:52:10 INFO DAGScheduler: failed: Set()
[2025-04-18T08:52:10.751+0000] {spark_submit.py:645} INFO - 25/04/18 08:52:10 INFO CodeGenerator: Code generated in 9.062895 ms
[2025-04-18T08:52:10.773+0000] {spark_submit.py:645} INFO - 25/04/18 08:52:10 INFO SparkContext: Starting job: count at NativeMethodAccessorImpl.java:0
[2025-04-18T08:52:10.775+0000] {spark_submit.py:645} INFO - 25/04/18 08:52:10 INFO DAGScheduler: Got job 3 (count at NativeMethodAccessorImpl.java:0) with 1 output partitions
[2025-04-18T08:52:10.776+0000] {spark_submit.py:645} INFO - 25/04/18 08:52:10 INFO DAGScheduler: Final stage: ResultStage 4 (count at NativeMethodAccessorImpl.java:0)
[2025-04-18T08:52:10.776+0000] {spark_submit.py:645} INFO - 25/04/18 08:52:10 INFO DAGScheduler: Parents of final stage: List(ShuffleMapStage 3)
[2025-04-18T08:52:10.777+0000] {spark_submit.py:645} INFO - 25/04/18 08:52:10 INFO DAGScheduler: Missing parents: List()
[2025-04-18T08:52:10.778+0000] {spark_submit.py:645} INFO - 25/04/18 08:52:10 INFO DAGScheduler: Submitting ResultStage 4 (MapPartitionsRDD[11] at count at NativeMethodAccessorImpl.java:0), which has no missing parents
[2025-04-18T08:52:10.785+0000] {spark_submit.py:645} INFO - 25/04/18 08:52:10 INFO MemoryStore: Block broadcast_3 stored as values in memory (estimated size 12.5 KiB, free 434.4 MiB)
[2025-04-18T08:52:10.792+0000] {spark_submit.py:645} INFO - 25/04/18 08:52:10 INFO MemoryStore: Block broadcast_3_piece0 stored as bytes in memory (estimated size 5.9 KiB, free 434.4 MiB)
[2025-04-18T08:52:10.793+0000] {spark_submit.py:645} INFO - 25/04/18 08:52:10 INFO BlockManagerInfo: Added broadcast_3_piece0 in memory on 4157b7102f42:45569 (size: 5.9 KiB, free: 434.4 MiB)
[2025-04-18T08:52:10.795+0000] {spark_submit.py:645} INFO - 25/04/18 08:52:10 INFO BlockManagerInfo: Removed broadcast_2_piece0 on 4157b7102f42:45569 in memory (size: 8.3 KiB, free: 434.4 MiB)
[2025-04-18T08:52:10.796+0000] {spark_submit.py:645} INFO - 25/04/18 08:52:10 INFO SparkContext: Created broadcast 3 from broadcast at DAGScheduler.scala:1585
[2025-04-18T08:52:10.797+0000] {spark_submit.py:645} INFO - 25/04/18 08:52:10 INFO DAGScheduler: Submitting 1 missing tasks from ResultStage 4 (MapPartitionsRDD[11] at count at NativeMethodAccessorImpl.java:0) (first 15 tasks are for partitions Vector(0))
[2025-04-18T08:52:10.798+0000] {spark_submit.py:645} INFO - 25/04/18 08:52:10 INFO TaskSchedulerImpl: Adding task set 4.0 with 1 tasks resource profile 0
[2025-04-18T08:52:10.798+0000] {spark_submit.py:645} INFO - 25/04/18 08:52:10 INFO BlockManagerInfo: Removed broadcast_2_piece0 on 172.18.0.7:32793 in memory (size: 8.3 KiB, free: 434.4 MiB)
[2025-04-18T08:52:10.803+0000] {spark_submit.py:645} INFO - 25/04/18 08:52:10 INFO TaskSetManager: Starting task 0.0 in stage 4.0 (TID 8) (172.18.0.7, executor 0, partition 0, NODE_LOCAL, 9003 bytes)
[2025-04-18T08:52:10.829+0000] {spark_submit.py:645} INFO - 25/04/18 08:52:10 INFO BlockManagerInfo: Added broadcast_3_piece0 in memory on 172.18.0.7:32793 (size: 5.9 KiB, free: 434.4 MiB)
[2025-04-18T08:52:10.847+0000] {spark_submit.py:645} INFO - 25/04/18 08:52:10 INFO MapOutputTrackerMasterEndpoint: Asked to send map output locations for shuffle 0 to 172.18.0.7:37630
[2025-04-18T08:52:11.188+0000] {spark_submit.py:645} INFO - 25/04/18 08:52:11 INFO TaskSetManager: Finished task 0.0 in stage 4.0 (TID 8) in 388 ms on 172.18.0.7 (executor 0) (1/1)
[2025-04-18T08:52:11.189+0000] {spark_submit.py:645} INFO - 25/04/18 08:52:11 INFO TaskSchedulerImpl: Removed TaskSet 4.0, whose tasks have all completed, from pool
[2025-04-18T08:52:11.189+0000] {spark_submit.py:645} INFO - 25/04/18 08:52:11 INFO DAGScheduler: ResultStage 4 (count at NativeMethodAccessorImpl.java:0) finished in 0.406 s
[2025-04-18T08:52:11.190+0000] {spark_submit.py:645} INFO - 25/04/18 08:52:11 INFO DAGScheduler: Job 3 is finished. Cancelling potential speculative or zombie tasks for this job
[2025-04-18T08:52:11.190+0000] {spark_submit.py:645} INFO - 25/04/18 08:52:11 INFO TaskSchedulerImpl: Killing all running tasks in stage 4: Stage finished
[2025-04-18T08:52:11.191+0000] {spark_submit.py:645} INFO - 25/04/18 08:52:11 INFO DAGScheduler: Job 3 finished: count at NativeMethodAccessorImpl.java:0, took 0.417038 s
[2025-04-18T08:52:11.194+0000] {spark_submit.py:645} INFO - Total rows: 3
[2025-04-18T08:52:11.195+0000] {spark_submit.py:645} INFO - 25/04/18 08:52:11 INFO SparkContext: SparkContext is stopping with exitCode 0.
[2025-04-18T08:52:11.321+0000] {spark_submit.py:645} INFO - 25/04/18 08:52:11 INFO SparkUI: Stopped Spark web UI at http://4157b7102f42:4040
[2025-04-18T08:52:11.324+0000] {spark_submit.py:645} INFO - 25/04/18 08:52:11 INFO StandaloneSchedulerBackend: Shutting down all executors
[2025-04-18T08:52:11.325+0000] {spark_submit.py:645} INFO - 25/04/18 08:52:11 INFO StandaloneSchedulerBackend$StandaloneDriverEndpoint: Asking each executor to shut down
[2025-04-18T08:52:11.379+0000] {spark_submit.py:645} INFO - 25/04/18 08:52:11 ERROR Inbox: Ignoring error
[2025-04-18T08:52:11.381+0000] {spark_submit.py:645} INFO - java.util.concurrent.RejectedExecutionException: Task java.util.concurrent.ScheduledThreadPoolExecutor$ScheduledFutureTask@5126a02c[Not completed, task = java.util.concurrent.Executors$RunnableAdapter@270ab353[Wrapped task = org.apache.spark.scheduler.cluster.StandaloneSchedulerBackend$StandaloneDriverEndpoint$$anon$2@7dcdf974]] rejected from java.util.concurrent.ScheduledThreadPoolExecutor@2b599a61[Terminated, pool size = 0, active threads = 0, queued tasks = 0, completed tasks = 0]
[2025-04-18T08:52:11.383+0000] {spark_submit.py:645} INFO - at java.base/java.util.concurrent.ThreadPoolExecutor$AbortPolicy.rejectedExecution(ThreadPoolExecutor.java:2065)
[2025-04-18T08:52:11.384+0000] {spark_submit.py:645} INFO - at java.base/java.util.concurrent.ThreadPoolExecutor.reject(ThreadPoolExecutor.java:833)
[2025-04-18T08:52:11.386+0000] {spark_submit.py:645} INFO - at java.base/java.util.concurrent.ScheduledThreadPoolExecutor.delayedExecute(ScheduledThreadPoolExecutor.java:340)
[2025-04-18T08:52:11.387+0000] {spark_submit.py:645} INFO - at java.base/java.util.concurrent.ScheduledThreadPoolExecutor.schedule(ScheduledThreadPoolExecutor.java:562)
[2025-04-18T08:52:11.389+0000] {spark_submit.py:645} INFO - at org.apache.spark.scheduler.cluster.StandaloneSchedulerBackend$StandaloneDriverEndpoint.$anonfun$onDisconnected$1(StandaloneSchedulerBackend.scala:346)
[2025-04-18T08:52:11.390+0000] {spark_submit.py:645} INFO - at scala.Option.foreach(Option.scala:407)
[2025-04-18T08:52:11.391+0000] {spark_submit.py:645} INFO - at org.apache.spark.scheduler.cluster.StandaloneSchedulerBackend$StandaloneDriverEndpoint.onDisconnected(StandaloneSchedulerBackend.scala:313)
[2025-04-18T08:52:11.392+0000] {spark_submit.py:645} INFO - at org.apache.spark.rpc.netty.Inbox.$anonfun$process$1(Inbox.scala:141)
[2025-04-18T08:52:11.392+0000] {spark_submit.py:645} INFO - at org.apache.spark.rpc.netty.Inbox.safelyCall(Inbox.scala:213)
[2025-04-18T08:52:11.393+0000] {spark_submit.py:645} INFO - at org.apache.spark.rpc.netty.Inbox.process(Inbox.scala:100)
[2025-04-18T08:52:11.394+0000] {spark_submit.py:645} INFO - at org.apache.spark.rpc.netty.MessageLoop.org$apache$spark$rpc$netty$MessageLoop$$receiveLoop(MessageLoop.scala:75)
[2025-04-18T08:52:11.395+0000] {spark_submit.py:645} INFO - at org.apache.spark.rpc.netty.MessageLoop$$anon$1.run(MessageLoop.scala:41)
[2025-04-18T08:52:11.395+0000] {spark_submit.py:645} INFO - at java.base/java.util.concurrent.ThreadPoolExecutor.runWorker(ThreadPoolExecutor.java:1136)
[2025-04-18T08:52:11.396+0000] {spark_submit.py:645} INFO - at java.base/java.util.concurrent.ThreadPoolExecutor$Worker.run(ThreadPoolExecutor.java:635)
[2025-04-18T08:52:11.397+0000] {spark_submit.py:645} INFO - at java.base/java.lang.Thread.run(Thread.java:840)
[2025-04-18T08:52:11.398+0000] {spark_submit.py:645} INFO - 25/04/18 08:52:11 INFO MapOutputTrackerMasterEndpoint: MapOutputTrackerMasterEndpoint stopped!
[2025-04-18T08:52:11.408+0000] {spark_submit.py:645} INFO - 25/04/18 08:52:11 INFO MemoryStore: MemoryStore cleared
[2025-04-18T08:52:11.409+0000] {spark_submit.py:645} INFO - 25/04/18 08:52:11 INFO BlockManager: BlockManager stopped
[2025-04-18T08:52:11.411+0000] {spark_submit.py:645} INFO - 25/04/18 08:52:11 INFO BlockManagerMaster: BlockManagerMaster stopped
[2025-04-18T08:52:11.414+0000] {spark_submit.py:645} INFO - 25/04/18 08:52:11 INFO OutputCommitCoordinator$OutputCommitCoordinatorEndpoint: OutputCommitCoordinator stopped!
[2025-04-18T08:52:11.423+0000] {spark_submit.py:645} INFO - 25/04/18 08:52:11 INFO SparkContext: Successfully stopped SparkContext
[2025-04-18T08:52:11.797+0000] {spark_submit.py:645} INFO - 25/04/18 08:52:11 INFO ShutdownHookManager: Shutdown hook called
[2025-04-18T08:52:11.798+0000] {spark_submit.py:645} INFO - 25/04/18 08:52:11 INFO ShutdownHookManager: Deleting directory /tmp/spark-5966bc52-f7d2-4d0b-b0a9-78f403b42c0e/pyspark-9339f778-0090-4cb7-a4ce-2acf271793d7
[2025-04-18T08:52:11.801+0000] {spark_submit.py:645} INFO - 25/04/18 08:52:11 INFO ShutdownHookManager: Deleting directory /tmp/spark-c35dad82-fe6a-4f9b-a306-25a2d7b8e52c
[2025-04-18T08:52:11.803+0000] {spark_submit.py:645} INFO - 25/04/18 08:52:11 INFO ShutdownHookManager: Deleting directory /tmp/spark-5966bc52-f7d2-4d0b-b0a9-78f403b42c0e
[2025-04-18T08:52:11.826+0000] {taskinstance.py:441} INFO - ::group::Post task execution logs
[2025-04-18T08:52:11.832+0000] {taskinstance.py:1206} INFO - Marking task as SUCCESS. dag_id=spark_submit_demo1, task_id=spark_submit_task, run_id=manual__2025-04-18T08:46:12.368386+00:00, execution_date=20250418T084612, start_date=20250418T085119, end_date=20250418T085211
[2025-04-18T08:52:12.094+0000] {local_task_job_runner.py:243} INFO - Task exited with return code 0
[2025-04-18T08:52:12.104+0000] {taskinstance.py:3503} INFO - 0 downstream tasks scheduled from follow-on schedule check
[2025-04-18T08:52:12.106+0000] {local_task_job_runner.py:222} INFO - ::endgroup::
